[01/10/2008 21:16] /goto GOD Fawkes
[01/10/2008 21:18] /goto god fawkes
[01/10/2008 21:18] /goto god fawkes
[01/10/2008 21:19] /goto god fawkes
[01/10/2008 21:19] /goto god fawkes
[01/10/2008 21:19] /t
[01/10/2008 21:22] /t
[02/10/2008 09:48] /raid tiquandas_revenge
[02/10/2008 09:51] /raid tiquandas_revenge
[03/10/2008 10:11] /goto tales
[03/10/2008 10:12] /goto dark eye
[03/10/2008 10:12] /raid tiquandas_revenge
[03/10/2008 10:12] /goto zepar
[03/10/2008 10:13] /goto demon
[03/10/2008 10:13] /goto frost dragon
[03/10/2008 10:13] /goto dragon lord
[03/10/2008 10:13] /up
[03/10/2008 10:13] /up
[03/10/2008 10:17] /goto tiquandas_revenge
[03/10/2008 10:17] /goto hydra
[03/10/2008 10:21] /t
[03/10/2008 10:30] /goto demona
[03/10/2008 10:34] /down
[03/10/2008 10:34] /down
[03/10/2008 10:34] /t
[03/10/2008 10:35] /raid necropharus
[03/10/2008 10:38] /goto necropharus
[03/10/2008 10:38] /goto necropharus
[03/10/2008 10:42] /t
[03/10/2008 22:22] /goto tiquandas_revenge
[03/10/2008 22:22] /goto tiquandas revenge
[03/10/2008 22:22] /raid tiquandas_revenge
[03/10/2008 22:31] /town thorn
[03/10/2008 22:33] /info Oksira
[03/10/2008 22:33] /info NaTaLiA 
[03/10/2008 22:47] /raid tiquandas_revenge
[03/10/2008 22:51] /goto tales
[03/10/2008 22:51] /goto Druid fofinha
[03/10/2008 22:52] /t
[03/10/2008 23:23] /t
[04/10/2008 00:13] /goto god fawkes
[04/10/2008 00:31] /t
[04/10/2008 09:53] /raid tiquandas_revenge
[04/10/2008 09:53] /goto tiquandas revenge
[04/10/2008 09:53] /t
[04/10/2008 12:36] /goto god fawkes
[04/10/2008 12:37] /goto god fawkes
[04/10/2008 12:37] /goto god fawkes
[04/10/2008 12:37] /goto god fawkes
[04/10/2008 12:37] /goto god fawkes
[04/10/2008 12:37] /goto god fawkes
[04/10/2008 12:37] /goto god fawkes
[04/10/2008 12:53] /goto Yvs
[04/10/2008 12:53] /kick Anderson sorcerer
[04/10/2008 12:54] /kick Anderson sorcerer
[04/10/2008 12:54] /kick Anderson sorcerer
[04/10/2008 12:54] /kick Anderson sorcerer
[04/10/2008 12:54] /kick Anderson sorcerer
[04/10/2008 13:00] /town thorn
[04/10/2008 13:02] /t
[06/10/2008 23:05] /info lower
[06/10/2008 23:07] /t
[06/10/2008 23:15] /raid tiquandas_revenge
[06/10/2008 23:20] /town northrend
[07/10/2008 11:02] /raid tiquandas_revenge
[07/10/2008 11:02] /goto tiquandas revenge
[07/10/2008 11:07] /raid tiquandas_revenge
[07/10/2008 11:07] /t
[07/10/2008 11:07] /town aracura
[07/10/2008 11:08] /t
[07/10/2008 11:13] /goto Holydox
[07/10/2008 11:13] /t
[07/10/2008 11:20] /t
[07/10/2008 19:31] /newtype 256
[07/10/2008 19:31] /newtype 257
[07/10/2008 19:31] /newtype 254
[07/10/2008 19:31] /newtype 246
[07/10/2008 19:31] /newtype 223
[07/10/2008 19:32] /newtype 236
[07/10/2008 19:32] /newtype 226
[07/10/2008 19:33] /newtype 213
[07/10/2008 19:33] /newtype 214
[07/10/2008 19:33] /newtype 215
[07/10/2008 19:33] /newtype 218
[07/10/2008 19:33] /newtype 220
[07/10/2008 19:38] /raid tiquandas_revenge
[07/10/2008 19:38] /goto tiquandas revenge
[07/10/2008 19:44] /t
[07/10/2008 19:49] /goto tiquandas revenge
[07/10/2008 19:49] /t
[07/10/2008 22:52] /town thorn
[07/10/2008 22:52] /town quendor
[07/10/2008 22:53] /t
[08/10/2008 10:37] /raid tiquandas_revenge
[08/10/2008 10:37] /goto tiquandas revenge
[08/10/2008 23:44] /raid tiquandas_revenge
[09/10/2008 22:44] /raid tiquandas_revenge
[09/10/2008 22:44] /t
[09/10/2008 22:48] /t
[11/10/2008 00:18] /t
[11/10/2008 00:20] /up
[11/10/2008 00:20] /down
[11/10/2008 00:20] /t
[11/10/2008 00:20] /goto hellfire fighter
[11/10/2008 11:40] /goto verde cap
[11/10/2008 11:42] /town northrend
[11/10/2008 11:43] /goto verde cap
[11/10/2008 11:46] /goto verde cap
[11/10/2008 11:47] /t
[11/10/2008 11:47] /goto verde cap
[11/10/2008 11:47] /t
[11/10/2008 11:54] /goto verde cap
[11/10/2008 11:55] /t
[11/10/2008 11:59] /goto Druid FiX
[11/10/2008 12:04] /t
[11/10/2008 13:08] /goto god fawkes
[11/10/2008 23:30] /goto tales
[11/10/2008 23:38] /t
[12/10/2008 01:10] /t
[12/10/2008 01:13] /raid blackmagic_quendor
[12/10/2008 01:15] /t
[12/10/2008 01:19] /raid ancienti
[12/10/2008 01:19] /town thorn
[12/10/2008 01:21] /s quendor_boat
[12/10/2008 01:22] /s quendor_boat
[12/10/2008 01:22] /kick FOX Mastter
[12/10/2008 01:22] /goto ent
[12/10/2008 01:22] /town thorn
[12/10/2008 01:23] /goto ent
[12/10/2008 01:24] /goto Ancient Tree
[12/10/2008 01:24] /goto Ancient Tree
[12/10/2008 01:24] /goto Ancient Tree
[12/10/2008 01:24] /goto Ancient Tree
[12/10/2008 01:24] /goto Ancient Tree
[12/10/2008 01:24] /goto Ancient Tree
[12/10/2008 01:24] /goto Ancient Tree
[12/10/2008 01:24] /goto Ancient Tree
[12/10/2008 01:24] /goto Ancient Tree
[12/10/2008 01:24] /goto Ancient Tree
[12/10/2008 01:24] /goto Ancient Tree
[12/10/2008 01:24] /goto Ancient Tree
[12/10/2008 01:24] /goto Ancient Tree
[12/10/2008 01:24] /goto Ancient Tree
[12/10/2008 01:24] /goto Ancient Tree
[12/10/2008 01:25] /goto Ancient Tree
[12/10/2008 01:25] /goto ent
[12/10/2008 01:25] /goto Ancient Tree
[12/10/2008 01:26] /goto Ancient Tree
[12/10/2008 01:26] /goto Ancient Tree
[12/10/2008 01:27] /raid minotaur_rook
[12/10/2008 01:28] /raid Ancient_Tree
[12/10/2008 01:28] /goto Ancient Tree
[12/10/2008 01:28] /raid ent_thorn
[12/10/2008 01:29] /raid ancienti
[12/10/2008 01:30] /goto Nature Ancient
[12/10/2008 01:30] /goto Nature Ancient
[12/10/2008 01:30] /goto ent
[12/10/2008 01:31] /goto Lombrass
[12/10/2008 01:35] /pos
[12/10/2008 01:35] /pos
[12/10/2008 01:35] /pos
[12/10/2008 01:35] /pos
[12/10/2008 01:36] /pos
[12/10/2008 01:37] /goto ent
[12/10/2008 01:37] /goto juppeta
[12/10/2008 01:41] /goto Whitering Evolution
[12/10/2008 01:41] /goto Akyris
[12/10/2008 01:41] /down
[12/10/2008 01:41] /s aracura_boat
[12/10/2008 01:41] /up
[12/10/2008 01:42] /up
[12/10/2008 01:42] /up
[12/10/2008 01:42] /down
[12/10/2008 01:44] /raid global_orcs
[12/10/2008 01:44] /raid global_orc
[12/10/2008 01:44] /raid orc_global
[12/10/2008 01:48] /goto dungaha
[12/10/2008 01:50] /goto zunda-burs
[12/10/2008 01:56] /town quendor
[12/10/2008 01:57] /town thornm
[12/10/2008 01:57] /town thorn
[12/10/2008 01:59] /t
[12/10/2008 02:11] /goto Tyrax Flaze
[12/10/2008 02:12] /t
[12/10/2008 02:12] /kick Chupa Bola
[12/10/2008 02:12] /kick Dean
[12/10/2008 02:12] /kick Kalesh
[12/10/2008 02:13] /kick Bucky
[12/10/2008 02:14] /t
[12/10/2008 10:47] /up
[12/10/2008 10:47] /up
[12/10/2008 10:47] /down
[12/10/2008 10:47] /down
[12/10/2008 10:47] /goto tales
[12/10/2008 10:48] /goto frost dragon
[12/10/2008 10:48] /town northrend
[12/10/2008 10:52] /t
[12/10/2008 11:06] /raid tiquandas_revenge
[12/10/2008 11:20] /down
[12/10/2008 11:20] /t
[12/10/2008 11:47] /raid morgaroth_goroma
[12/10/2008 11:48] /goto demon
[12/10/2008 11:51] /goto morgaroth
[12/10/2008 11:51] /goto morgaroth
[12/10/2008 11:52] /goto morgaroth
[12/10/2008 11:52] /goto morgaroth
[12/10/2008 11:52] /goto morgaroth
[12/10/2008 11:52] /goto morgaroth
[12/10/2008 11:55] /goto morgaroth
[12/10/2008 11:57] /up
[12/10/2008 12:04] /goto god fawkes
[12/10/2008 12:04] /goto morgaroth
[12/10/2008 12:07] /goto god fawkes
[12/10/2008 12:09] /goto god fawkes
[12/10/2008 12:09] /goto rascal
[12/10/2008 12:09] /goto morgaroth
[12/10/2008 12:13] /goto morgaroth
[12/10/2008 12:22] /goto Genti Fina
[12/10/2008 12:22] /down
[12/10/2008 12:22] /s quendor_boat
[12/10/2008 12:23] /goto god fawkes
[12/10/2008 12:24] /goto son of ferumbras
[12/10/2008 12:24] /goto god fawkes
[12/10/2008 12:25] /goto god fawkes
[12/10/2008 12:30] /goto god fawkes
[12/10/2008 12:33] /goto god fawkes
[12/10/2008 12:42] /goto Justicer MDO
[12/10/2008 12:42] /goto orshabaal
[12/10/2008 12:42] /goto god fawkes
[12/10/2008 12:45] /goto god fawkes
[12/10/2008 12:46] /goto rascal
[12/10/2008 12:46] /down
[12/10/2008 12:48] /goto god fawkes
[12/10/2008 12:51] /goto god fawkes
[12/10/2008 12:51] /goto god fawkes
[12/10/2008 12:52] /goto god fawkes
[12/10/2008 12:53] /goto god fawkes
[12/10/2008 12:58] /t
[12/10/2008 13:02] /goto god fawkes
[12/10/2008 13:03] /goto god fawkes
[12/10/2008 13:03] /goto god fawkes
[12/10/2008 13:04] /t
[12/10/2008 13:08] /goto god fawkes
[12/10/2008 13:10] /t
[12/10/2008 14:22] /goto capitain berg
[12/10/2008 14:22] /goto capitain berg
[12/10/2008 14:22] /goto Magezinha Bomb
[12/10/2008 14:22] /kick Druida do Terror
[12/10/2008 14:23] /kick Bonekinha HB
[12/10/2008 14:23] /kick Lord Black Skull
[12/10/2008 14:23] /kick Coronel cueca
[12/10/2008 14:23] /s aracura_boat
[12/10/2008 14:23] /kick Ice Overlord
[12/10/2008 14:24] /kick Terrorist
[12/10/2008 14:26] /kick Ambush
[12/10/2008 14:26] /kick Elder Granja
[12/10/2008 14:26] /kick terion than
[12/10/2008 14:26] /kick Ell Romano
[12/10/2008 14:27] /t
[12/10/2008 15:41] /raid demon_aracura
[12/10/2008 15:46] /raid minotaur_rook
[12/10/2008 15:47] /goto teodor
[12/10/2008 15:47] /t
[12/10/2008 15:48] /raid tiquandas_revenge
[12/10/2008 15:49] /s quendor_boat
[12/10/2008 15:49] /s quendor_boat
[12/10/2008 15:49] /town thorn
[12/10/2008 15:50] /raid thorn_boat
[12/10/2008 15:50] /s thorn_boat
[12/10/2008 15:52] /raid durin
[12/10/2008 15:54] /goto Don Vito
[12/10/2008 15:55] /goto durin
[12/10/2008 15:55] /goto durin
[12/10/2008 15:55] /goto durin
[12/10/2008 15:55] /goto durin
[12/10/2008 15:56] /up
[12/10/2008 15:57] /down
[12/10/2008 16:06] /kick Powered
[12/10/2008 16:06] /t
[12/10/2008 16:06] /kick marcostenisdemesa
[12/10/2008 16:06] /down
[12/10/2008 16:07] /s aracura_boat
[12/10/2008 16:07] /kick XxXxXdanielXxXxX
[12/10/2008 16:09] /kick Sir Hast
[12/10/2008 16:09] /kick Rhadamantthys
[12/10/2008 16:09] /kick sanius
[12/10/2008 16:10] /kick Sensurado
[12/10/2008 16:11] /down
[12/10/2008 16:11] /kick sir hast
[12/10/2008 16:12] /t
[12/10/2008 16:14] /down
[12/10/2008 16:16] /goto rascal
[12/10/2008 16:17] /t
[12/10/2008 16:18] /goto durin
[12/10/2008 16:21] /town thorn
[12/10/2008 16:22] /goto durin
[12/10/2008 16:23] /t
[12/10/2008 16:24] /s aracura_boat
[12/10/2008 16:25] /down
[12/10/2008 16:25] /kick Dark rulerz 
[12/10/2008 16:25] /kick Netinho Do Sport
[12/10/2008 16:26] /kick Eu Sou Sexy
[12/10/2008 16:26] /t
[12/10/2008 16:27] /kick Sokwzar
[12/10/2008 16:29] /goto durin
[12/10/2008 16:29] /goto durin
[12/10/2008 16:29] /goto durin
[12/10/2008 16:29] /goto durin
[12/10/2008 16:29] /goto durin
[12/10/2008 16:29] /goto durin
[12/10/2008 16:29] /goto durin
[12/10/2008 16:29] /t
[12/10/2008 16:30] /goto durin
[12/10/2008 16:30] /t
[12/10/2008 16:31] /down
[12/10/2008 16:31] /t
[12/10/2008 16:34] /reload raids
[12/10/2008 16:34] /town thorn
[12/10/2008 16:34] /raid ent_thorn
[12/10/2008 16:35] /raid ancienti
[12/10/2008 16:38] /goto punisher
[12/10/2008 16:38] /info Kopkjy
[12/10/2008 16:38] /info Negao Rolisso
[12/10/2008 16:38] /t
[12/10/2008 16:42] /kick paladina das trevaz
[12/10/2008 16:43] /goto anciente nature
[12/10/2008 16:43] /town thorn
[12/10/2008 16:44] /goto ancient nature
[12/10/2008 16:48] /goto nature ancient
[12/10/2008 16:53] /t
[12/10/2008 16:54] /raid undead_aracura
[12/10/2008 16:54] /goto Tiquin Sorc
[12/10/2008 16:55] /t
[12/10/2008 16:55] /town thorn
[12/10/2008 16:56] /t
[12/10/2008 17:01] /raid undead_aracura
[12/10/2008 17:22] /goto GOD Fawkes
[12/10/2008 17:24] /goto GOD Fawkes
[12/10/2008 17:27] /raid undead_aracura
[12/10/2008 17:27] /goto god fawkes
[12/10/2008 17:28] /t
[12/10/2008 17:28] /goto god fawkes
[12/10/2008 17:28] /t
[12/10/2008 17:29] /goto rascal
[12/10/2008 17:29] /down
[12/10/2008 17:29] /s quendor_boat
[12/10/2008 17:29] /up
[12/10/2008 17:30] /s quendor_boat
[12/10/2008 17:30] /t
[12/10/2008 17:30] /s aracura_boat
[12/10/2008 17:30] /s aracura_boat
[12/10/2008 17:30] /t
[12/10/2008 17:33] /goto most wanted
[12/10/2008 17:33] /kick GATINHA ZAYRA
[12/10/2008 17:34] /t
[12/10/2008 17:35] /goto gatinha zayra
[12/10/2008 17:35] /goto rascal
[12/10/2008 17:36] /goto god fawkes
[12/10/2008 17:39] /goto god fawkes
[12/10/2008 17:39] /goto god fawkes
[12/10/2008 17:39] /newtype 228
[12/10/2008 17:39] /goto god fawkes
[12/10/2008 17:39] /newtype 223
[12/10/2008 17:40] /newtype 126
[12/10/2008 17:40] /newtype 125
[12/10/2008 17:41] /goto god fawkes
[12/10/2008 17:41] /newtype 127
[12/10/2008 17:41] /newtype 128
[12/10/2008 17:41] /newtype 129
[12/10/2008 17:41] /newtype 123
[12/10/2008 17:41] /newtype 124
[12/10/2008 17:41] /newtype 120
[12/10/2008 17:41] /newtype 100
[12/10/2008 17:41] /newtype 102
[12/10/2008 17:42] /goto GM Heitorzin
[12/10/2008 17:44] /goto god fawkes
[12/10/2008 17:44] /t
[12/10/2008 17:53] /reload monsters
[12/10/2008 17:53] /raid ferumbras
[12/10/2008 17:53] /goto god fawkes
[12/10/2008 17:54] /newtype 127
[12/10/2008 17:54] /goto demon
[12/10/2008 17:54] /down
[12/10/2008 17:54] /down
[12/10/2008 17:54] /down
[12/10/2008 17:54] /up
[12/10/2008 17:55] /down
[12/10/2008 17:55] /goto god fawkes
[12/10/2008 17:56] /goto god fawkes
[12/10/2008 17:56] /goto demon
[12/10/2008 17:57] /down
[12/10/2008 17:57] /down
[12/10/2008 17:57] /down
[12/10/2008 17:58] /goto rascal
[12/10/2008 17:58] /goto demon
[12/10/2008 18:01] /down
[12/10/2008 18:01] /up
[12/10/2008 18:03] /down
[12/10/2008 18:03] /down
[12/10/2008 18:03] /down
[12/10/2008 18:03] /down
[12/10/2008 18:03] /up
[12/10/2008 18:03] /up
[12/10/2008 18:03] /up
[12/10/2008 18:05] /goto god fawkes
[12/10/2008 18:05] /down
[12/10/2008 18:06] /up
[12/10/2008 18:06] /goto Freaky Battlelord
[12/10/2008 18:07] /goto demon
[12/10/2008 18:08] /goto god fawkes
[12/10/2008 18:08] /down
[12/10/2008 18:09] /up
[12/10/2008 18:09] /down
[12/10/2008 18:09] /up
[12/10/2008 18:11] /goto god fawkes
[12/10/2008 18:12] /up
[12/10/2008 18:18] /t
[12/10/2008 18:28] /raid necropharus
[12/10/2008 18:29] /goto necropharus
[12/10/2008 18:29] /goto necropharus
[12/10/2008 18:29] /goto necropharus
[12/10/2008 18:29] /goto necropharus
[12/10/2008 18:30] /goto necropharus
[12/10/2008 18:30] /goto necropharus
[12/10/2008 18:30] /goto necropharus
[12/10/2008 18:30] /goto necropharus
[12/10/2008 18:37] /raid sigfried
[12/10/2008 18:37] /raid siegfried
[12/10/2008 18:41] /goto siegfried
[12/10/2008 18:41] /goto siegfried
[12/10/2008 18:41] /goto siegfried
[12/10/2008 18:41] /goto siegfried
[12/10/2008 18:41] /goto siegfried
[12/10/2008 18:42] /goto siegfried
[12/10/2008 18:42] /goto siegfried
[12/10/2008 18:51] /t
[12/10/2008 18:56] /goto Paladina Do Mal
[12/10/2008 18:57] /town thorn
[12/10/2008 18:57] /r
[12/10/2008 18:57] /r
[12/10/2008 18:57] /r
[12/10/2008 18:59] /raid orc_global
[12/10/2008 19:01] /town quendor
[12/10/2008 19:04] /goto god fawkes
[12/10/2008 19:05] /goto god fawkes
[12/10/2008 19:05] /goto god fawkes
[12/10/2008 19:05] /goto god fawkes
[12/10/2008 19:05] /goto god fawkes
[12/10/2008 19:06] /goto god fawkes
[12/10/2008 19:07] /goto god fawkes
[12/10/2008 19:09] /t
[12/10/2008 19:09] /town quendor
[12/10/2008 19:10] /goto god fawkes
[12/10/2008 19:11] /goto nature ancient
[12/10/2008 19:12] /goto nature ancient
[12/10/2008 19:13] /goto nature ancient
[12/10/2008 19:14] /goto god fawkes
[12/10/2008 19:14] /goto god fawkes
[12/10/2008 19:14] /goto god fawkes
[12/10/2008 19:15] /goto nature ancient
[12/10/2008 19:17] /unban Lucken Live
[12/10/2008 19:18] /goto god fawkes
[12/10/2008 19:18] /goto nature ancient
[12/10/2008 19:25] /goto god fawkes
[12/10/2008 19:27] /goto god fawkes
[12/10/2008 19:27] /t
[12/10/2008 19:30] /goto god fawkes
[12/10/2008 19:31] /r
[12/10/2008 19:31] /r
[12/10/2008 19:31] /r
[12/10/2008 19:31] /r
[12/10/2008 19:31] /r
[12/10/2008 19:31] /r
[12/10/2008 19:31] /r
[12/10/2008 19:31] /r
[12/10/2008 19:31] /r
[12/10/2008 19:31] /raid ghazbaran_mines
[12/10/2008 19:32] /down
[12/10/2008 19:38] /goto rascal
[12/10/2008 19:38] /goto god fawkes
[12/10/2008 19:38] /goto god fawkes
[12/10/2008 19:40] /goto god fawkes
[12/10/2008 19:46] /goto ghazbaran
[12/10/2008 19:58] /t
[12/10/2008 20:07] /newtype 87
[12/10/2008 20:08] /newtype 86
[12/10/2008 20:08] /newtype 85
[12/10/2008 20:08] /newtype 84
[12/10/2008 20:08] /newtype 83
[12/10/2008 20:08] /newtype 82
[12/10/2008 20:08] /newtype 81
[12/10/2008 20:08] /newtype 70
[12/10/2008 20:08] /newtype 72
[12/10/2008 20:08] /newtype 73
[12/10/2008 20:08] /newtype 74
[12/10/2008 20:08] /newtype 75
[12/10/2008 20:08] /newtype 76
[12/10/2008 20:08] /newtype 74
[12/10/2008 20:12] /goto dworc
[12/10/2008 20:13] /goto Bot Ng
[12/10/2008 20:13] /up
[12/10/2008 20:13] /down
[12/10/2008 20:13] /t
[12/10/2008 20:16] /goto dword voodoomaster
[12/10/2008 20:16] /goto dword voodomaster
[12/10/2008 20:19] /goto Dhaileon
[12/10/2008 20:19] /s salazart_boat
[12/10/2008 20:20] /s ankhramun_boat
[12/10/2008 20:20] /s ankrahmun_boat
[12/10/2008 20:20] /t
[12/10/2008 20:26] /r
[12/10/2008 20:29] /goto Bot Ng
[12/10/2008 20:31] /goto god fawkes
[12/10/2008 20:31] /goto tutankamun
[12/10/2008 20:37] /goto rascal
[12/10/2008 20:50] /raid high
[12/10/2008 20:53] /goto high inquisitor
[12/10/2008 20:53] /goto high inquisitor
[12/10/2008 20:54] /goto high inquisitor
[12/10/2008 20:54] /goto high inquisitor
[12/10/2008 20:54] /goto high inquisitor
[12/10/2008 20:54] /goto high inquisitor
[12/10/2008 20:54] /goto high inquisitor
[12/10/2008 20:54] /goto high inquisitor
[12/10/2008 20:54] /goto high inquisitor
[12/10/2008 20:55] /goto high inquisitor
[12/10/2008 20:55] /goto high inquisitor
[12/10/2008 20:55] /goto high inquisitor
[12/10/2008 20:56] /goto high inquisitor
[12/10/2008 20:57] /goto high inquisitor
[12/10/2008 20:57] /t
[12/10/2008 21:00] /goto high inquisitor
[12/10/2008 21:00] /goto high inquisitor
[12/10/2008 21:03] /t
[12/10/2008 23:40] /goto vampire
[12/10/2008 23:40] /town quendor
[12/10/2008 23:41] /t
[12/10/2008 23:44] /goto druid mort
[12/10/2008 23:44] /goto druid mort
[12/10/2008 23:44] /goto Jhon Marrone
[12/10/2008 23:44] /t
[14/10/2008 00:27] /goto god fawkes
[14/10/2008 00:27] /newtype 127
[14/10/2008 00:27] /newtype 127
[14/10/2008 00:27] /newtype 127
[14/10/2008 00:33] /goto ghost
[14/10/2008 00:33] /goto verde cap
[14/10/2008 00:33] /goto god fawkes
[14/10/2008 00:34] /newtype 255
[14/10/2008 00:34] /newtype 260
[14/10/2008 00:34] /newtype 271
[14/10/2008 00:35] /newtype 269
[14/10/2008 00:35] /newtype 265
[14/10/2008 00:35] /newtype 264
[14/10/2008 00:35] /newtype 262
[14/10/2008 00:38] /t
[14/10/2008 11:31] /goto mummy
[14/10/2008 11:40] /t
[14/10/2008 11:43] /t
[14/10/2008 12:07] /r
[14/10/2008 12:07] /t
[14/10/2008 12:11] /goto frost dragon
[14/10/2008 12:11] /t
[14/10/2008 12:11] /goto frost dragon
[14/10/2008 12:11] /t
[14/10/2008 12:39] /t
[14/10/2008 12:39] /town quendor
[14/10/2008 12:39] /town thorn
[15/10/2008 20:54] /goto god fawkes
[15/10/2008 20:56] /goto Rascal
[15/10/2008 21:05] /goto Ferumbras de Rookgaard
[15/10/2008 21:05] /goto Ladyy gatona druiD
[15/10/2008 21:08] /goto god fawkes
[15/10/2008 21:09] /town quendor
[15/10/2008 21:10] /goto god fawkes
[15/10/2008 21:11] /town rookguard
[15/10/2008 21:13] /goto god fawkes
[15/10/2008 21:13] /goto god fawkes
[15/10/2008 21:15] /t
[15/10/2008 21:52] /goto verde cap
[15/10/2008 22:04] /goto demon
[15/10/2008 22:04] /t
[15/10/2008 22:05] /goto Verde cAP
[15/10/2008 22:06] /goto turok
[15/10/2008 22:06] /goto timoteo
[15/10/2008 22:10] /goto Kopkjy
[15/10/2008 22:11] /down
[15/10/2008 22:14] /goto verde cap
[15/10/2008 22:15] /kick Master of Druid
[15/10/2008 22:15] /kick Master of Druid
[15/10/2008 22:22] /r
[15/10/2008 22:22] /t
[15/10/2008 22:30] /r
[15/10/2008 22:30] /t
[15/10/2008 22:37] /newtype 128
[15/10/2008 22:37] /newtype 121
[15/10/2008 22:37] /r
[15/10/2008 22:38] /r
[15/10/2008 22:38] /r
[15/10/2008 22:38] /r
[15/10/2008 22:38] /t
[15/10/2008 22:41] /newtype 125
[15/10/2008 22:41] /newtype 124
[15/10/2008 22:41] /newtype 123
[15/10/2008 22:41] /newtype 85
[15/10/2008 22:41] /newtype 86
[15/10/2008 22:41] /newtype 88
[15/10/2008 22:41] /newtype 90
[15/10/2008 22:41] /newtype 91
[15/10/2008 22:41] /newtype 92
[15/10/2008 22:41] /newtype 93
[15/10/2008 22:41] /newtype 94
[15/10/2008 22:41] /newtype 95
[15/10/2008 22:41] /newtype 96
[15/10/2008 22:41] /newtype 97
[15/10/2008 22:41] /newtype 98
[15/10/2008 22:41] /newtype 99
[15/10/2008 22:41] /newtype 75
[15/10/2008 22:41] /newtype 75
[15/10/2008 22:41] /newtype 74
[15/10/2008 22:41] /newtype 77
[15/10/2008 22:41] /newtype 76
[15/10/2008 22:41] /newtype 74
[15/10/2008 22:41] /newtype 73
[15/10/2008 22:41] /newtype 72
[15/10/2008 22:41] /newtype 71
[15/10/2008 22:42] /newtype 70
[15/10/2008 22:42] /newtype 69
[15/10/2008 22:42] /newtype 67
[15/10/2008 22:42] /newtype 66
[15/10/2008 22:42] /newtype 65
[15/10/2008 22:42] /newtype 64
[15/10/2008 22:42] /newtype 63
[15/10/2008 22:42] /newtype 62
[15/10/2008 22:42] /newtype 61
[15/10/2008 22:42] /newtype 60
[15/10/2008 22:42] /newtype 59
[15/10/2008 22:42] /newtype 58
[15/10/2008 22:42] /newtype 57
[15/10/2008 22:42] /newtype 56
[15/10/2008 22:42] /newtype 55
[15/10/2008 22:42] /newtype 55
[15/10/2008 22:42] /newtype 54
[15/10/2008 22:42] /newtype 54
[15/10/2008 22:42] /newtype 53
[15/10/2008 22:42] /newtype 52
[15/10/2008 22:42] /newtype 51
[15/10/2008 22:42] /newtype 50
[15/10/2008 22:42] /newtype 75
[15/10/2008 23:01] /goto Verde cAP
[15/10/2008 23:02] /down
[15/10/2008 23:02] /up
[15/10/2008 23:02] /down
[15/10/2008 23:02] /up
[15/10/2008 23:02] /down
[15/10/2008 23:02] /up
[15/10/2008 23:02] /down
[16/10/2008 12:44] /t
[16/10/2008 23:12] /goto demon
[16/10/2008 23:12] /goto demon
[16/10/2008 23:12] /t
[16/10/2008 23:19] /up
[16/10/2008 23:56] /t
[17/10/2008 00:15] /goto GOD Fawkes
[17/10/2008 00:16] /t
[17/10/2008 00:16] /t
[17/10/2008 00:16] /goto GOD Fawkes
[17/10/2008 00:18] /t
[17/10/2008 00:20] /down
[17/10/2008 00:21] /up
[17/10/2008 00:21] /up
[17/10/2008 00:22] /raid tiquandas_revenge
[17/10/2008 00:22] /goto tiquandas revenge
[17/10/2008 00:24] /raid tiquandas_revenge
[17/10/2008 00:26] /raid tiquandas_revenge
[17/10/2008 00:26] /up
[17/10/2008 00:26] /up
[17/10/2008 00:26] /up
[17/10/2008 00:26] /up
[17/10/2008 00:26] /up
[17/10/2008 00:28] /newtype 75
[17/10/2008 00:31] /newtype 266
[17/10/2008 00:31] /raid tiquandas_revenge
[17/10/2008 00:37] /goto god fawkes
[17/10/2008 00:39] /r
[17/10/2008 11:23] /t
[17/10/2008 11:44] /t
[17/10/2008 11:44] /t
[17/10/2008 11:46] /goto demon
[18/10/2008 13:03] /goto god fawkes
[18/10/2008 13:04] /goto tales
[18/10/2008 13:07] /goto james
[18/10/2008 13:07] /t
[18/10/2008 13:07] /raid minotaur_rook
[18/10/2008 14:30] /goto god fawkes
[18/10/2008 14:32] /goto youle
[18/10/2008 14:33] /goto yule
[18/10/2008 14:33] /goto jujubs
[18/10/2008 14:34] /t
[18/10/2008 14:34] /goto god fawkes
[18/10/2008 14:37] /goto god fawkes
[18/10/2008 14:39] /down
[18/10/2008 14:39] /t
[18/10/2008 21:02] /goto Mix Master Vulcans
[18/10/2008 21:05] /goto Soul Master Loko
[18/10/2008 21:11] /up
[18/10/2008 21:15] /gethouse dohko fine
[18/10/2008 21:16] /t
[18/10/2008 21:17] /unban kode
[18/10/2008 21:22] /goto cocota
[18/10/2008 21:30] /goto demon
[18/10/2008 21:51] /goto Mackengoy
[18/10/2008 21:51] /t
[18/10/2008 21:56] /goto cocota
[18/10/2008 22:04] /t
[19/10/2008 16:05] /goto demon
[19/10/2008 16:05] /raid ferumbras
[19/10/2008 16:07] /down
[19/10/2008 16:07] /down
[19/10/2008 16:07] /down
[19/10/2008 16:07] /up
[19/10/2008 16:07] /up
[19/10/2008 16:07] /up
[19/10/2008 16:08] /up
[19/10/2008 16:08] /up
[19/10/2008 16:08] /down
[19/10/2008 16:09] /up
[19/10/2008 16:14] /down
[19/10/2008 16:14] /down
[19/10/2008 16:14] /down
[19/10/2008 16:14] /raid minotaur_rook
[19/10/2008 16:15] /goto verde cap
[19/10/2008 16:16] /goto demon
[19/10/2008 16:54] /town thorn
[19/10/2008 16:55] /raid ent_thorn
[19/10/2008 16:55] /raid ancienti
[19/10/2008 16:56] /r
[19/10/2008 16:56] /r
[19/10/2008 17:10] /goto god baracs
[19/10/2008 17:10] /goto verde cap
[19/10/2008 17:13] /goto verde cap
[19/10/2008 17:13] /goto verde cap
[19/10/2008 17:15] /goto ghost
[19/10/2008 17:15] /goto verde cap
[19/10/2008 17:22] /town thorn
[19/10/2008 17:22] /r
[19/10/2008 17:22] /r
[19/10/2008 17:22] /r
[19/10/2008 17:33] /goto verde cap
[19/10/2008 17:34] /t
[19/10/2008 18:19] /raid durin
[19/10/2008 18:19] /goto durin
[19/10/2008 18:19] /goto durin
[19/10/2008 18:19] /goto durin
[19/10/2008 18:19] /goto durin
[19/10/2008 18:19] /goto durin
[19/10/2008 18:19] /goto durin
[19/10/2008 18:19] /goto durin
[19/10/2008 18:19] /goto durin
[19/10/2008 18:19] /goto durin
[19/10/2008 18:20] /goto durin
[19/10/2008 18:20] /goto durin
[19/10/2008 18:20] /goto durin
[19/10/2008 18:34] /r
[19/10/2008 18:34] /t
[19/10/2008 18:35] /goto Mumao Spurs
[19/10/2008 18:44] /goto Mumao Spurs
[19/10/2008 18:45] /goto Mumao Spurs
[19/10/2008 18:46] /up
[19/10/2008 18:46] /t
[19/10/2008 18:47] /goto god fawkes
[19/10/2008 18:48] /up
[19/10/2008 18:48] /up
[19/10/2008 18:48] /up
[19/10/2008 18:49] /goto god fawkes
[19/10/2008 19:03] /goto GOD Fawkes
[19/10/2008 19:14] /goto god fawkes
[19/10/2008 19:35] /t
[20/10/2008 19:53] /goto Lyderck
[20/10/2008 19:54] /down
[20/10/2008 19:54] /s aracura_boat
[20/10/2008 19:54] /t
[20/10/2008 21:02] /goto god fawkes
[20/10/2008 21:12] /goto god baracs
[20/10/2008 21:18] /goto god baracs
[20/10/2008 21:20] /goto god baracs
[20/10/2008 21:20] /goto god baracs
[20/10/2008 21:20] /goto god baracs
[20/10/2008 21:20] /t
[20/10/2008 21:21] /goto god baracs
[20/10/2008 21:24] /goto god baracs
[20/10/2008 21:35] /t
[20/10/2008 21:35] /goto Slash
[20/10/2008 22:00] /down
[20/10/2008 22:00] /up
[20/10/2008 22:03] /goto slash
[20/10/2008 22:03] /goto slash
[20/10/2008 22:03] /goto slash
[20/10/2008 22:18] /goto demon
[20/10/2008 22:18] /down
[20/10/2008 22:19] /t
