[01/10/2008 19:35] /goto cm jackson zani
[01/10/2008 19:36] /goto cm jackson zani
[01/10/2008 19:37] /goto cm jackson zani
[01/10/2008 19:40] /newtype 1
[01/10/2008 19:40] /newtype 1
[01/10/2008 19:40] /newtype 267
[01/10/2008 19:41] /newtype 268
[01/10/2008 19:41] /newtype 123
[01/10/2008 19:41] /newtype 122
[01/10/2008 19:41] /newtype 190
[01/10/2008 19:41] /newtype 222
[01/10/2008 19:41] /newtype 122
[01/10/2008 19:41] /newtype 121
[01/10/2008 19:41] /newtype 123
[01/10/2008 19:42] /newtype 223
[01/10/2008 19:42] /newtype 225
[01/10/2008 19:42] /newtype 227
[01/10/2008 19:42] /newtype 228
[01/10/2008 19:42] /newtype 220
[01/10/2008 19:42] /newtype 333
[01/10/2008 19:42] /newtype 334
[01/10/2008 19:42] /newtype 001
[01/10/2008 19:42] /newtype 231
[01/10/2008 19:42] /newtype 267
[01/10/2008 19:42] /newtype 269
[01/10/2008 19:42] /newtype 270
[01/10/2008 19:42] /newtype 271
[01/10/2008 19:42] /newtype 272
[01/10/2008 19:42] /newtype 273
[01/10/2008 19:42] /newtype 274
[01/10/2008 19:42] /newtype 275
[01/10/2008 19:42] /newtype 276
[01/10/2008 19:42] /newtype 277
[01/10/2008 19:42] /newtype 278
[01/10/2008 19:43] /newtype 279
[01/10/2008 19:43] /newtype 280
[01/10/2008 19:43] /newtype 281
[01/10/2008 19:43] /newtype 282
[01/10/2008 19:43] /newtype 283
[01/10/2008 19:43] /newtype 284
[01/10/2008 19:43] /newtype 285
[01/10/2008 19:43] /newtype 286
[01/10/2008 19:43] /newtype 287
[01/10/2008 19:43] /newtype 288
[01/10/2008 19:43] /newtype 111
[01/10/2008 19:43] /newtype 112
[01/10/2008 19:43] /newtype 113
[01/10/2008 19:43] /newtype 114
[01/10/2008 19:43] /newtype 115
[01/10/2008 19:43] /newtype 116
[01/10/2008 19:43] /newtype 117
[01/10/2008 19:43] /newtype 118
[01/10/2008 19:43] /newtype 119
[01/10/2008 19:43] /newtype 120
[01/10/2008 19:43] /newtype 121
[01/10/2008 19:43] /newtype 122
[01/10/2008 19:43] /newtype 123
[01/10/2008 19:43] /newtype 124
[01/10/2008 19:43] /newtype 125
[01/10/2008 19:43] /newtype 126
[01/10/2008 19:43] /newtype 127
[01/10/2008 19:43] /newtype 128
[01/10/2008 19:44] /newtype 129
[01/10/2008 19:44] /newtype 127
[01/10/2008 19:44] /goto bloker whisky
[01/10/2008 19:45] /goto bloker whisky
[01/10/2008 19:45] /goto jackson zani
[01/10/2008 19:45] /goto cm jackson zani
[01/10/2008 19:46] /goto god fawkes
[01/10/2008 19:48] /newtype 123
[01/10/2008 19:49] /newtype 123
[01/10/2008 19:49] /newtype 124
[01/10/2008 19:49] /newtype 125
[01/10/2008 19:49] /newtype 125
[01/10/2008 19:49] /newtype 126
[01/10/2008 19:49] /newtype 128
[01/10/2008 19:49] /newtype 129
[01/10/2008 19:49] /newtype 130
