[01/10/2008 17:51] /goto god fawkes
[01/10/2008 17:52] /goto dragon da carverna
[01/10/2008 17:52] /goto dragon da caverna
[01/10/2008 17:57] /goto god fawkes
[01/10/2008 18:15] /goto stafox sllink
[01/10/2008 18:16] /goto tales
[01/10/2008 18:17] /goto stafox sllink
[01/10/2008 19:18] /goto crash rox
[01/10/2008 19:21] /goto stafox sllink
[01/10/2008 19:22] /goto twest
[01/10/2008 19:24] /goto celandia
[01/10/2008 19:27] /goto god fawkes
[01/10/2008 19:33] /newtype 256
[01/10/2008 19:33] /newtype 268
[01/10/2008 19:35] /town aracura
[01/10/2008 19:40] /newtype 267
[01/10/2008 19:41] /newtype 266
[01/10/2008 19:41] /newtype 265
[01/10/2008 19:41] /newtype 264
[01/10/2008 19:41] /newtype 263
[01/10/2008 19:41] /newtype 262
[01/10/2008 19:41] /newtype 271
[01/10/2008 19:41] /newtype 272
[01/10/2008 19:41] /newtype 273
[01/10/2008 19:41] /newtype 274
[01/10/2008 19:41] /newtype 276
[01/10/2008 19:41] /newtype 126
[01/10/2008 19:42] /newtype 127
[01/10/2008 19:42] /newtype 128
[01/10/2008 19:42] /newtype 129
[01/10/2008 19:42] /newtype 130
[01/10/2008 19:42] /newtype 132
[01/10/2008 19:42] /newtype 134
[01/10/2008 19:42] /newtype 135
[01/10/2008 19:42] /newtype 136
[01/10/2008 19:42] /newtype 137
[01/10/2008 19:42] /newtype 138
[01/10/2008 19:42] /newtype 139
[01/10/2008 19:42] /newtype 140
[01/10/2008 19:42] /newtype 141
[01/10/2008 19:42] /newtype 144
[01/10/2008 19:42] /newtype 145
[01/10/2008 19:42] /newtype 146
[01/10/2008 19:42] /newtype 147
[01/10/2008 19:42] /newtype 160
[01/10/2008 19:42] /newtype 161
[01/10/2008 19:42] /newtype 162
[01/10/2008 19:42] /newtype 163
[01/10/2008 19:42] /newtype 164
[01/10/2008 19:42] /newtype 165
[01/10/2008 19:42] /newtype 166
[01/10/2008 19:42] /newtype 181
[01/10/2008 19:42] /newtype 200
[01/10/2008 19:42] /newtype 202
[01/10/2008 19:42] /newtype 203
[01/10/2008 19:42] /newtype 204
[01/10/2008 19:42] /newtype 205
[01/10/2008 19:42] /newtype 206
[01/10/2008 19:42] /newtype 207
[01/10/2008 19:43] /newtype 208
[01/10/2008 19:43] /newtype 209
[01/10/2008 19:43] /newtype 210
[01/10/2008 19:43] /newtype 211
[01/10/2008 19:43] /newtype 212
[01/10/2008 19:43] /newtype 213
[01/10/2008 19:43] /newtype 212
[01/10/2008 19:43] /newtype 300
[01/10/2008 19:43] /newtype 290
[01/10/2008 19:43] /newtype 210
[01/10/2008 19:44] /newtype 90
[01/10/2008 19:44] /newtype 940
[01/10/2008 19:44] /newtype 94
[01/10/2008 19:44] /newtype 120
[01/10/2008 19:44] /newtype 123
[01/10/2008 19:44] /newtype 124
[01/10/2008 19:44] /newtype 125
[01/10/2008 19:44] /newtype 126
[01/10/2008 19:44] /goto cm bruxo
[01/10/2008 19:45] /goto bloker whisky
[01/10/2008 19:45] /goto sokwzar
[01/10/2008 19:46] /newtype 68
[01/10/2008 19:46] /goto gm bruxo
[01/10/2008 19:47] /goto cm bruxo
[01/10/2008 19:48] /newtype 150
[01/10/2008 19:48] /newtype 151
[01/10/2008 19:48] /newtype 151
[01/10/2008 19:48] /newtype 152
[01/10/2008 19:48] /newtype 153
[01/10/2008 19:48] /newtype 154
[01/10/2008 19:48] /newtype 155
[01/10/2008 19:48] /newtype 156
[01/10/2008 19:48] /newtype 157
[01/10/2008 19:48] /newtype 158
[01/10/2008 19:48] /newtype 150
[01/10/2008 19:48] /newtype 159
[01/10/2008 19:48] /newtype 160
[01/10/2008 19:48] /newtype 162
[01/10/2008 19:48] /newtype 163
[01/10/2008 19:48] /newtype 150
[01/10/2008 19:48] /newtype 160
[01/10/2008 19:48] /newtype 159
[01/10/2008 19:49] /newtype 158
[01/10/2008 19:50] /goto god fawkes
[01/10/2008 19:52] /goto god fawkes
[01/10/2008 19:52] /goto god fawkes
[01/10/2008 19:53] /goto god fawkes
[02/10/2008 01:05] /goto arystos
[02/10/2008 01:23] /town quendor
[02/10/2008 01:26] /town thorn
[02/10/2008 01:26] /town aracura
[02/10/2008 13:16] /goto stafox sllink
[02/10/2008 13:17] /up
[02/10/2008 13:26] /down
[02/10/2008 13:26] /down
[02/10/2008 13:26] /up
[02/10/2008 13:28] /town thorn
[02/10/2008 13:28] /town quendor
[02/10/2008 13:29] /goto raszk
[02/10/2008 13:29] /goto Hitler
[02/10/2008 13:31] /goto Hitler
[02/10/2008 13:34] /goto crash rox
[02/10/2008 13:38] /goto sokwarz
[02/10/2008 13:38] /goto Sokwzar
[02/10/2008 13:43] /goto airton sena
[02/10/2008 13:49] /goto crash rox
[02/10/2008 13:52] /goto airton sena
[02/10/2008 14:01] /goto torreto
[02/10/2008 14:02] /goto lower
[02/10/2008 14:07] /up
[02/10/2008 14:07] /up
[02/10/2008 14:08] /goto jhon cena
[02/10/2008 14:09] /goto eu vomito e voce lambe
[02/10/2008 14:10] /goto druid fix
[02/10/2008 14:10] /goto lower
[02/10/2008 14:13] /info Eu vomito e voce Lambe
[02/10/2008 14:14] /info Sokwzar
[02/10/2008 14:15] /goto Novice Of The Cult
[02/10/2008 14:16] /goto Acolyte Of The Cult
[02/10/2008 14:16] /up
[02/10/2008 14:16] /up
[02/10/2008 14:16] /town thorn
[02/10/2008 14:19] /up
[02/10/2008 14:19] /up
[02/10/2008 14:19] /up
[02/10/2008 14:20] /up
[02/10/2008 14:20] /up
[02/10/2008 14:20] /up
[02/10/2008 14:20] /up
[02/10/2008 14:20] /down
[02/10/2008 14:21] /goto Acolyte Of The Cult
[02/10/2008 14:21] /up
[02/10/2008 14:23] /goto sokwzar
[02/10/2008 14:23] /goto torreto
[02/10/2008 14:23] /up
[02/10/2008 14:24] /up
[02/10/2008 14:25] /goto swamp troll
[02/10/2008 14:25] /goto sokwzar
[02/10/2008 14:25] /goto sokwzar
[02/10/2008 14:26] /goto sokwzar
[02/10/2008 14:26] /down
[02/10/2008 14:27] /down
[02/10/2008 14:27] /down
[02/10/2008 14:27] /goto sokwzar
[02/10/2008 14:28] /goto sokwzar
[02/10/2008 14:29] /goto eu vomito e voce lambe
[02/10/2008 14:29] /goto eu vomito e voce lambe
[02/10/2008 14:36] /goto sokwzar
[02/10/2008 14:51] /goto sokwzar
[02/10/2008 14:53] /goto sokwzar
[02/10/2008 14:55] /goto stylle
[02/10/2008 15:15] /goto stylle
[02/10/2008 15:15] /goto god fawkes
[02/10/2008 15:19] /goto stafox sllink
[02/10/2008 15:20] /goto god fawkes
[02/10/2008 15:22] /goto god fawkes
[02/10/2008 15:24] /goto god fawkes
[02/10/2008 15:25] /goto god fawkes
[02/10/2008 15:26] /goto eu vomito e voce lambe
[02/10/2008 15:27] /goto stilly
[02/10/2008 15:28] /goto eu vomito e voce lambe
[02/10/2008 15:28] /up
[02/10/2008 15:29] /town aracura
[02/10/2008 15:29] /goto high inquisitor
[02/10/2008 15:29] /goto god fawkes
[02/10/2008 15:29] /goto high inquisitor
[02/10/2008 15:29] /goto high inquisitor
[02/10/2008 15:30] /goto lower
[02/10/2008 15:30] /goto high inquisitor
[02/10/2008 15:30] /goto god fawkes
[02/10/2008 15:31] /goto high inquisitor
[02/10/2008 15:31] /goto god fawkes
[02/10/2008 15:31] /goto high inquisitor
[02/10/2008 15:32] /goto high inquisitor
[02/10/2008 15:40] /goto lower
[02/10/2008 15:41] /goto eu vomito e voce lambe
[02/10/2008 15:46] /goto eu vomito voce lambe
[02/10/2008 15:46] /goto sokwzar
[02/10/2008 15:48] /goto sokwzar
[02/10/2008 16:03] /goto god fawkes
[02/10/2008 16:03] /goto god fawkes
[02/10/2008 16:05] /goto sokwzar
[02/10/2008 16:08] /goto sokwzar
[02/10/2008 16:08] /goto stylle
[02/10/2008 16:11] /goto sokwzar
[02/10/2008 16:43] /goto sokwzar
[02/10/2008 16:44] /goto god fawkes
[02/10/2008 16:44] /goto miki ki miki
[02/10/2008 16:44] /goto crash rox
[02/10/2008 16:45] /goto sokwzar
[02/10/2008 16:46] /up
[02/10/2008 16:51] /goto Celandia
[02/10/2008 16:51] /goto Kopkjy
[02/10/2008 16:51] /goto god fawkes
[02/10/2008 16:51] /goto god fawkes
[02/10/2008 16:52] /newtype 1747
[02/10/2008 16:52] /goto guidos
[02/10/2008 16:54] /goto nimon archer
[02/10/2008 16:54] /goto god fawkes
[02/10/2008 16:54] /goto god fawkes
[02/10/2008 17:02] /goto god fawkes
[02/10/2008 17:10] /goto god fawkes
[02/10/2008 17:12] /goto god fawkes
[02/10/2008 17:15] /goto kizth
[02/10/2008 17:43] /goto sokwzar
[02/10/2008 17:45] /goto eu vomito e voce lambe
[02/10/2008 17:53] /goto sokwzar
[02/10/2008 17:53] /up
[02/10/2008 17:53] /up
[02/10/2008 17:53] /down
[02/10/2008 17:53] /up
[02/10/2008 17:54] /down
[02/10/2008 17:54] /up
[02/10/2008 17:54] /down
[02/10/2008 17:54] /down
[02/10/2008 17:54] /up
[02/10/2008 17:54] /goto god fawkes
[02/10/2008 17:54] /town quendor
[02/10/2008 17:55] /goto stylle
[02/10/2008 17:55] /town quendor
[02/10/2008 17:55] /up
[02/10/2008 17:55] /up
[02/10/2008 18:14] /goto zorth
[02/10/2008 18:14] /down
[02/10/2008 18:14] /down
[02/10/2008 18:14] /goto zerpho
[02/10/2008 18:15] /goto kizth
[02/10/2008 18:15] /down
[02/10/2008 18:15] /goto airton sena
[02/10/2008 18:16] /goto kizth
[02/10/2008 23:24] /goto god fawkes
[02/10/2008 23:27] /newtype 169
[02/10/2008 23:27] /newtype 159
[02/10/2008 23:27] /newtype 158
[02/10/2008 23:27] /newtype 156
[02/10/2008 23:27] /newtype 157
[02/10/2008 23:27] /newtype 155
[02/10/2008 23:27] /newtype 154
[02/10/2008 23:27] /newtype 155
[02/10/2008 23:44] /goto eu vomito e voce lambe
[02/10/2008 23:44] /goto sokwzar
[02/10/2008 23:45] /goto eu vomito e voce lambe
[02/10/2008 23:45] /goto sokwzar
[02/10/2008 23:45] /goto eu vomito e voce lambe
[02/10/2008 23:45] /goto sokwzar
[02/10/2008 23:46] /goto rascal
[02/10/2008 23:51] /goto god fawkes
[02/10/2008 23:52] /goto sokwzar
[02/10/2008 23:53] /goto panga style
[02/10/2008 23:54] /goto freegells
[02/10/2008 23:55] /goto eu vomito e voce lambe
[02/10/2008 23:56] /goto tales
[02/10/2008 23:59] /goto god fawkes
[03/10/2008 00:03] /goto god fawkes
[03/10/2008 00:05] /newtype 140
[03/10/2008 00:05] /newtype 110
[03/10/2008 00:05] /newtype 111
[03/10/2008 00:05] /newtype 112
[03/10/2008 00:06] /newtype 113
[03/10/2008 00:06] /newtype 114
[03/10/2008 00:06] /newtype 115
[03/10/2008 00:06] /newtype 116
[03/10/2008 00:06] /newtype 117
[03/10/2008 00:06] /newtype 118
[03/10/2008 00:06] /newtype 119
[03/10/2008 00:06] /newtype 120
[03/10/2008 00:06] /newtype 121
[03/10/2008 00:06] /newtype 122
[03/10/2008 00:06] /newtype 123
[03/10/2008 00:06] /newtype 124
[03/10/2008 00:06] /newtype 125
[03/10/2008 00:06] /newtype 250
[03/10/2008 00:06] /newtype 267
[03/10/2008 00:06] /newtype 150
[03/10/2008 00:06] /newtype 140
[03/10/2008 00:06] /newtype 130
[03/10/2008 00:06] /newtype 120
[03/10/2008 00:06] /newtype 121
[03/10/2008 00:06] /newtype 122
[03/10/2008 00:06] /newtype 123
[03/10/2008 00:06] /newtype 124
[03/10/2008 00:06] /newtype 125
[03/10/2008 00:06] /newtype 126
[03/10/2008 00:06] /newtype 127
[03/10/2008 00:06] /newtype 128
[03/10/2008 00:07] /newtype 129
[03/10/2008 00:07] /newtype 150
[03/10/2008 00:07] /newtype 160
[03/10/2008 00:07] /newtype 161
[03/10/2008 00:07] /newtype 162
[03/10/2008 00:07] /newtype 163
[03/10/2008 00:07] /newtype 164
[03/10/2008 00:07] /newtype 165
[03/10/2008 00:07] /newtype 166
[03/10/2008 00:07] /newtype 167
[03/10/2008 00:07] /newtype 168
[03/10/2008 00:07] /newtype 169
[03/10/2008 00:07] /newtype 200
[03/10/2008 00:07] /newtype 201
[03/10/2008 00:07] /newtype 202
[03/10/2008 00:07] /newtype 203
[03/10/2008 00:07] /newtype 204
[03/10/2008 00:07] /newtype 205
[03/10/2008 00:07] /newtype 206
[03/10/2008 00:07] /newtype 207
[03/10/2008 00:07] /newtype 209
[03/10/2008 00:07] /newtype 210
[03/10/2008 00:07] /newtype 211
[03/10/2008 00:07] /newtype 212
[03/10/2008 00:07] /newtype 213
[03/10/2008 00:07] /newtype 214
[03/10/2008 00:07] /newtype 215
[03/10/2008 00:07] /newtype 216
[03/10/2008 00:07] /newtype 217
[03/10/2008 00:07] /newtype 219
[03/10/2008 00:07] /newtype 220
[03/10/2008 00:07] /newtype 221
[03/10/2008 00:07] /newtype 222
[03/10/2008 00:07] /newtype 223
[03/10/2008 00:07] /newtype 224
[03/10/2008 00:07] /newtype 225
[03/10/2008 00:07] /newtype 226
[03/10/2008 00:07] /newtype 22
[03/10/2008 00:07] /newtype 228
[03/10/2008 00:07] /newtype 229
[03/10/2008 00:07] /newtype 230
[03/10/2008 00:07] /newtype 231
[03/10/2008 00:07] /newtype 232
[03/10/2008 00:08] /newtype 233
[03/10/2008 00:08] /newtype 234
[03/10/2008 00:08] /newtype 235
[03/10/2008 00:08] /newtype 236
[03/10/2008 00:08] /newtype 235
[03/10/2008 00:08] /goto god fawkes
[03/10/2008 00:08] /newtype 236
[03/10/2008 00:08] /newtype 237
[03/10/2008 00:08] /newtype 238
[03/10/2008 00:08] /newtype 239
[03/10/2008 00:08] /newtype 240
[03/10/2008 00:08] /newtype 241
[03/10/2008 00:08] /newtype 242
[03/10/2008 00:08] /newtype 243
[03/10/2008 00:08] /newtype 244
[03/10/2008 00:08] /newtype 245
[03/10/2008 00:08] /newtype 24
[03/10/2008 00:09] /newtype 256
[03/10/2008 00:09] /newtype 246
[03/10/2008 00:09] /newtype 247
[03/10/2008 00:09] /newtype 245
[03/10/2008 00:09] /newtype 246
[03/10/2008 00:09] /newtype 247
[03/10/2008 00:09] /newtype 248
[03/10/2008 00:09] /newtype 249
[03/10/2008 00:09] /newtype 250
[03/10/2008 00:09] /newtype 251
[03/10/2008 00:09] /newtype 252
[03/10/2008 00:09] /newtype 253
[03/10/2008 00:09] /newtype 254
[03/10/2008 00:09] /newtype 255
[03/10/2008 00:09] /newtype 256
[03/10/2008 00:09] /newtype 257
[03/10/2008 00:09] /newtype 258
[03/10/2008 00:09] /newtype 258
[03/10/2008 00:09] /newtype 259
[03/10/2008 00:09] /newtype 260
[03/10/2008 00:09] /newtype 261
[03/10/2008 00:09] /newtype 262
[03/10/2008 00:09] /newtype 263
[03/10/2008 00:09] /newtype 264
[03/10/2008 00:09] /newtype 265
[03/10/2008 00:09] /newtype 266
[03/10/2008 00:09] /newtype 267
[03/10/2008 00:09] /newtype 268
[03/10/2008 00:09] /newtype 268
[03/10/2008 00:09] /newtype 269
[03/10/2008 00:09] /newtype 270
[03/10/2008 00:09] /newtype 271
[03/10/2008 00:09] /newtype 272
[03/10/2008 00:09] /newtype 273
[03/10/2008 00:09] /newtype 274
[03/10/2008 00:09] /newtype 275
[03/10/2008 00:10] /newtype 276
[03/10/2008 00:10] /newtype 277
[03/10/2008 00:10] /newtype 276
[03/10/2008 00:10] /newtype 277
[03/10/2008 00:10] /newtype 278
[03/10/2008 00:10] /newtype 279
[03/10/2008 00:10] /newtype 280
[03/10/2008 00:10] /newtype 281
[03/10/2008 00:10] /newtype 282
[03/10/2008 00:10] /newtype 283
[03/10/2008 00:10] /newtype 284
[03/10/2008 00:10] /newtype 285
[03/10/2008 00:10] /newtype 286
[03/10/2008 00:10] /newtype 287
[03/10/2008 00:10] /newtype 288
[03/10/2008 00:10] /newtype 289
[03/10/2008 00:10] /newtype 290
[03/10/2008 00:10] /newtype 291
[03/10/2008 00:10] /newtype 292
[03/10/2008 00:10] /newtype 293
[03/10/2008 00:11] /newtype 260
[03/10/2008 00:11] /newtype 262
[03/10/2008 00:11] /newtype 261
[03/10/2008 00:11] /newtype 267
[03/10/2008 00:13] /goto sokwzar
[03/10/2008 00:16] /goto sokwzar
[03/10/2008 00:17] /goto sokzar
[03/10/2008 00:17] /goto sokwzar
[03/10/2008 00:22] /goto sokwzar
[03/10/2008 00:26] /goto sokwzar
[03/10/2008 00:28] /goto god fawkes
[03/10/2008 00:28] /goto god fawkes
[03/10/2008 00:28] /goto god fawkes
[03/10/2008 00:28] /goto god fawkes
[03/10/2008 00:28] /up
[03/10/2008 00:30] /goto nune
[03/10/2008 00:30] /goto nyne
[03/10/2008 00:31] /goto god fawkes
[03/10/2008 00:31] /goto sokwzar
[03/10/2008 01:43] /town quendor
[03/10/2008 01:44] /town quendor
[03/10/2008 13:11] /goto stylle
[03/10/2008 13:12] /town quendor
[03/10/2008 13:21] /goto lalinhah
[03/10/2008 13:28] /goto lalinhah
[03/10/2008 13:29] /goto james
[03/10/2008 13:29] /goto ricklipe
[03/10/2008 13:39] /reload commands
[03/10/2008 13:39] /r
[03/10/2008 13:39] /r
[03/10/2008 13:39] /r
[03/10/2008 13:39] /r
[03/10/2008 13:39] /r
[03/10/2008 13:39] /r
[03/10/2008 13:39] /r
[03/10/2008 13:39] /r
[03/10/2008 13:39] /r
[03/10/2008 13:39] /r
[03/10/2008 13:39] /r
[03/10/2008 13:39] /r
[03/10/2008 13:39] /r
[03/10/2008 13:39] /r
[03/10/2008 13:39] /r
[03/10/2008 13:39] /r
[03/10/2008 13:39] /r
[03/10/2008 13:39] /r
[03/10/2008 13:39] /r
[03/10/2008 13:39] /r
[03/10/2008 13:39] /r
[03/10/2008 13:39] /r
[03/10/2008 13:39] /r
[03/10/2008 13:39] /r
[03/10/2008 13:39] /r
[03/10/2008 13:39] /r
[03/10/2008 13:39] /r
[03/10/2008 13:39] /r
[03/10/2008 13:40] /r
[03/10/2008 13:40] /r
[03/10/2008 13:40] /r
[03/10/2008 13:40] /r
[03/10/2008 13:40] /r
[03/10/2008 13:40] /r
[03/10/2008 13:40] /r
[03/10/2008 13:40] /r
[03/10/2008 13:40] /r
[03/10/2008 13:40] /r
[03/10/2008 13:40] /r
[03/10/2008 13:40] /r
[03/10/2008 13:40] /r
[03/10/2008 13:40] /r
[03/10/2008 13:40] /r
[03/10/2008 13:40] /r
[03/10/2008 13:40] /r
[03/10/2008 13:40] /r
[03/10/2008 13:40] /r
[03/10/2008 13:40] /r
[03/10/2008 13:40] /r
[03/10/2008 13:40] /r
[03/10/2008 13:40] /r
[03/10/2008 13:40] /r
[03/10/2008 13:40] /r
[03/10/2008 13:40] /r
[03/10/2008 13:40] /r
[03/10/2008 13:40] /r
[03/10/2008 13:40] /r
[03/10/2008 13:40] /r
[03/10/2008 13:40] /r
[03/10/2008 13:40] /r
[03/10/2008 13:40] /r
[03/10/2008 13:40] /r
[03/10/2008 13:40] /r
[03/10/2008 13:40] /r
[03/10/2008 13:40] /r
[03/10/2008 13:40] /r
[03/10/2008 13:40] /r
[03/10/2008 13:40] /r
[03/10/2008 13:40] /r
[03/10/2008 13:40] /r
[03/10/2008 13:40] /r
[03/10/2008 13:41] /r
[03/10/2008 13:41] /r
[03/10/2008 13:41] /r
[03/10/2008 13:41] /r
[03/10/2008 13:41] /r
[03/10/2008 13:41] /r
[03/10/2008 13:41] /r
[03/10/2008 13:41] /r
[03/10/2008 13:41] /r
[03/10/2008 13:41] /r
[03/10/2008 13:41] /r
[03/10/2008 13:41] /r
[03/10/2008 13:41] /r
[03/10/2008 13:41] /r
[03/10/2008 13:41] /r
[03/10/2008 13:41] /r
[03/10/2008 13:41] /r
[03/10/2008 13:41] /r
[03/10/2008 13:41] /r
[03/10/2008 13:41] /r
[03/10/2008 13:41] /r
[03/10/2008 13:41] /r
[03/10/2008 13:41] /r
[03/10/2008 13:41] /r
[03/10/2008 13:41] /r
[03/10/2008 13:41] /r
[03/10/2008 13:41] /r
[03/10/2008 13:42] /r
[03/10/2008 13:42] /r
[03/10/2008 13:42] /r
[03/10/2008 13:42] /r
[03/10/2008 13:42] /r
[03/10/2008 13:42] /r
[03/10/2008 13:42] /r
[03/10/2008 13:42] /r
[03/10/2008 13:42] /r
[03/10/2008 13:42] /r
[03/10/2008 13:42] /r
[03/10/2008 13:42] /r
[03/10/2008 13:42] /r
[03/10/2008 13:42] /r
[03/10/2008 13:42] /r
[03/10/2008 13:42] /r
[03/10/2008 13:42] /r
[03/10/2008 13:42] /r
[03/10/2008 13:42] /r
[03/10/2008 13:42] /r
[03/10/2008 13:42] /r
[03/10/2008 13:42] /r
[03/10/2008 13:42] /r
[03/10/2008 13:42] /r
[03/10/2008 13:42] /r
[03/10/2008 13:42] /r
[03/10/2008 13:42] /r
[03/10/2008 13:42] /r
[03/10/2008 13:42] /r
[03/10/2008 13:42] /r
[03/10/2008 13:42] /r
[03/10/2008 13:42] /r
[03/10/2008 13:42] /r
[03/10/2008 13:42] /r
[03/10/2008 13:42] /r
[03/10/2008 13:42] /r
[03/10/2008 13:42] /r
[03/10/2008 13:43] /goto james
[03/10/2008 13:43] /r
[03/10/2008 13:43] /r
[03/10/2008 13:43] /r
[03/10/2008 13:43] /r
[03/10/2008 13:43] /r
[03/10/2008 13:43] /r
[03/10/2008 13:43] /r
[03/10/2008 13:43] /r
[03/10/2008 13:43] /r
[03/10/2008 13:43] /r
[03/10/2008 13:43] /r
[03/10/2008 13:43] /r
[03/10/2008 13:43] /r
[03/10/2008 13:43] /r
[03/10/2008 13:43] /r
[03/10/2008 13:43] /r
[03/10/2008 13:43] /r
[03/10/2008 13:43] /r
[03/10/2008 13:43] /r
[03/10/2008 13:43] /r
[03/10/2008 13:43] /r
[03/10/2008 13:43] /r
[03/10/2008 13:43] /r
[03/10/2008 13:43] /r
[03/10/2008 13:43] /r
[03/10/2008 13:43] /r
[03/10/2008 13:43] /r
[03/10/2008 13:43] /r
[03/10/2008 13:43] /r
[03/10/2008 13:43] /r
[03/10/2008 13:43] /r
[03/10/2008 13:43] /r
[03/10/2008 13:43] /r
[03/10/2008 13:43] /r
[03/10/2008 13:43] /r
[03/10/2008 13:43] /r
[03/10/2008 13:43] /goto lady funkeira
[03/10/2008 13:43] /goto lord big
[03/10/2008 13:43] /r
[03/10/2008 13:43] /r
[03/10/2008 13:43] /r
[03/10/2008 13:43] /r
[03/10/2008 13:43] /r
[03/10/2008 13:43] /r
[03/10/2008 13:43] /r
[03/10/2008 13:43] /r
[03/10/2008 13:43] /r
[03/10/2008 13:43] /r
[03/10/2008 13:43] /r
[03/10/2008 13:44] /r
[03/10/2008 13:44] /r
[03/10/2008 13:44] /r
[03/10/2008 13:44] /r
[03/10/2008 13:44] /r
[03/10/2008 13:44] /r
[03/10/2008 13:44] /r
[03/10/2008 13:44] /r
[03/10/2008 13:44] /r
[03/10/2008 13:44] /r
[03/10/2008 13:44] /r
[03/10/2008 13:44] /r
[03/10/2008 13:44] /r
[03/10/2008 13:44] /r
[03/10/2008 13:44] /r
[03/10/2008 13:44] /r
[03/10/2008 13:44] /r
[03/10/2008 13:44] /r
[03/10/2008 13:44] /r
[03/10/2008 13:44] /r
[03/10/2008 13:44] /r
[03/10/2008 13:44] /r
[03/10/2008 13:44] /r
[03/10/2008 13:44] /r
[03/10/2008 13:44] /r
[03/10/2008 13:44] /r
[03/10/2008 13:44] /r
[03/10/2008 13:44] /r
[03/10/2008 13:44] /r
[03/10/2008 13:44] /r
[03/10/2008 13:44] /r
[03/10/2008 13:44] /r
[03/10/2008 13:44] /r
[03/10/2008 13:44] /r
[03/10/2008 13:44] /r
[03/10/2008 13:44] /r
[03/10/2008 13:44] /r
[03/10/2008 13:44] /r
[03/10/2008 13:44] /r
[03/10/2008 13:44] /r
[03/10/2008 13:44] /r
[03/10/2008 13:44] /r
[03/10/2008 13:44] /r
[03/10/2008 13:44] /r
[03/10/2008 13:44] /r
[03/10/2008 13:44] /r
[03/10/2008 13:44] /r
[03/10/2008 13:44] /r
[03/10/2008 13:44] /r
[03/10/2008 13:44] /r
[03/10/2008 13:44] /r
[03/10/2008 13:44] /r
[03/10/2008 13:44] /r
[03/10/2008 13:44] /r
[03/10/2008 13:44] /r
[03/10/2008 13:45] /r
[03/10/2008 13:45] /r
[03/10/2008 13:45] /r
[03/10/2008 13:45] /r
[03/10/2008 13:45] /r
[03/10/2008 13:45] /r
[03/10/2008 13:45] /r
[03/10/2008 13:45] /r
[03/10/2008 13:45] /r
[03/10/2008 13:45] /r
[03/10/2008 13:45] /r
[03/10/2008 13:45] /r
[03/10/2008 13:45] /r
[03/10/2008 13:45] /r
[03/10/2008 13:45] /r
[03/10/2008 13:45] /r
[03/10/2008 13:45] /r
[03/10/2008 13:45] /r
[03/10/2008 13:45] /r
[03/10/2008 13:45] /r
[03/10/2008 13:45] /r
[03/10/2008 13:45] /r
[03/10/2008 13:45] /r
[03/10/2008 13:45] /r
[03/10/2008 13:45] /r
[03/10/2008 13:45] /r
[03/10/2008 13:45] /r
[03/10/2008 13:45] /r
[03/10/2008 13:45] /r
[03/10/2008 13:45] /r
[03/10/2008 13:45] /r
[03/10/2008 13:45] /r
[03/10/2008 13:45] /r
[03/10/2008 13:45] /r
[03/10/2008 13:45] /r
[03/10/2008 13:45] /r
[03/10/2008 13:45] /r
[03/10/2008 13:45] /r
[03/10/2008 13:45] /r
[03/10/2008 13:45] /r
[03/10/2008 13:45] /r
[03/10/2008 13:45] /r
[03/10/2008 13:45] /r
[03/10/2008 13:45] /r
[03/10/2008 13:45] /r
[03/10/2008 13:45] /r
[03/10/2008 13:45] /r
[03/10/2008 13:45] /r
[03/10/2008 13:45] /r
[03/10/2008 13:45] /r
[03/10/2008 13:45] /r
[03/10/2008 13:45] /r
[03/10/2008 13:45] /r
[03/10/2008 13:45] /r
[03/10/2008 13:45] /r
[03/10/2008 13:45] /r
[03/10/2008 13:45] /r
[03/10/2008 13:45] /r
[03/10/2008 13:45] /r
[03/10/2008 13:45] /r
[03/10/2008 13:45] /r
[03/10/2008 13:45] /r
[03/10/2008 13:45] /r
[03/10/2008 13:45] /r
[03/10/2008 13:45] /r
[03/10/2008 13:45] /r
[03/10/2008 13:45] /r
[03/10/2008 13:45] /r
[03/10/2008 13:45] /r
[03/10/2008 13:45] /r
[03/10/2008 13:45] /r
[03/10/2008 13:45] /r
[03/10/2008 13:45] /r
[03/10/2008 13:45] /r
[03/10/2008 13:45] /r
[03/10/2008 13:45] /r
[03/10/2008 13:45] /r
[03/10/2008 13:45] /r
[03/10/2008 13:45] /r
[03/10/2008 13:45] /r
[03/10/2008 13:45] /r
[03/10/2008 13:45] /r
[03/10/2008 13:45] /r
[03/10/2008 13:45] /r
[03/10/2008 13:45] /r
[03/10/2008 13:45] /r
[03/10/2008 13:45] /r
[03/10/2008 13:45] /r
[03/10/2008 13:45] /r
[03/10/2008 13:45] /r
[03/10/2008 13:45] /r
[03/10/2008 13:45] /r
[03/10/2008 13:45] /r
[03/10/2008 13:45] /r
[03/10/2008 13:45] /r
[03/10/2008 13:45] /r
[03/10/2008 13:46] /r
[03/10/2008 13:46] /r
[03/10/2008 13:46] /r
[03/10/2008 13:46] /r
[03/10/2008 13:46] /r
[03/10/2008 13:46] /r
[03/10/2008 13:46] /r
[03/10/2008 13:46] /r
[03/10/2008 13:46] /r
[03/10/2008 13:46] /r
[03/10/2008 13:46] /r
[03/10/2008 13:46] /r
[03/10/2008 13:46] /r
[03/10/2008 13:46] /r
[03/10/2008 13:46] /r
[03/10/2008 13:46] /r
[03/10/2008 13:46] /r
[03/10/2008 13:46] /r
[03/10/2008 13:46] /r
[03/10/2008 13:46] /r
[03/10/2008 13:46] /r
[03/10/2008 13:46] /r
[03/10/2008 13:46] /r
[03/10/2008 13:46] /r
[03/10/2008 13:46] /r
[03/10/2008 13:46] /r
[03/10/2008 13:46] /r
[03/10/2008 13:46] /r
[03/10/2008 13:46] /r
[03/10/2008 13:46] /r
[03/10/2008 13:46] /r
[03/10/2008 13:46] /r
[03/10/2008 13:46] /r
[03/10/2008 13:46] /r
[03/10/2008 13:46] /r
[03/10/2008 13:46] /r
[03/10/2008 13:46] /r
[03/10/2008 13:46] /r
[03/10/2008 13:46] /r
[03/10/2008 13:46] /r
[03/10/2008 13:46] /r
[03/10/2008 13:46] /r
[03/10/2008 13:46] /r
[03/10/2008 13:46] /r
[03/10/2008 13:46] /r
[03/10/2008 13:46] /r
[03/10/2008 13:46] /r
[03/10/2008 13:46] /r
[03/10/2008 13:46] /r
[03/10/2008 13:46] /r
[03/10/2008 13:46] /r
[03/10/2008 13:46] /r
[03/10/2008 13:46] /r
[03/10/2008 13:46] /r
[03/10/2008 13:46] /r
[03/10/2008 13:46] /r
[03/10/2008 13:46] /r
[03/10/2008 13:46] /r
[03/10/2008 13:46] /r
[03/10/2008 13:46] /r
[03/10/2008 13:46] /r
[03/10/2008 13:46] /r
[03/10/2008 13:46] /r
[03/10/2008 13:46] /r
[03/10/2008 13:46] /r
[03/10/2008 13:46] /r
[03/10/2008 13:46] /r
[03/10/2008 13:46] /r
[03/10/2008 13:46] /r
[03/10/2008 13:46] /r
[03/10/2008 13:46] /r
[03/10/2008 13:46] /r
[03/10/2008 13:46] /r
[03/10/2008 13:46] /r
[03/10/2008 13:46] /r
[03/10/2008 13:46] /r
[03/10/2008 13:46] /r
[03/10/2008 13:46] /r
[03/10/2008 13:46] /r
[03/10/2008 13:46] /r
[03/10/2008 13:46] /r
[03/10/2008 13:46] /r
[03/10/2008 13:46] /r
[03/10/2008 13:47] /r
[03/10/2008 13:47] /r
[03/10/2008 13:47] /r
[03/10/2008 13:47] /r
[03/10/2008 13:48] /r
[03/10/2008 13:48] /r
[03/10/2008 13:48] /r
[03/10/2008 13:48] /r
[03/10/2008 13:48] /r
[03/10/2008 13:48] /r
[03/10/2008 13:48] /r
[03/10/2008 13:48] /r
[03/10/2008 13:48] /r
[03/10/2008 13:48] /r
[03/10/2008 13:48] /r
[03/10/2008 13:48] /r
[03/10/2008 13:48] /r
[03/10/2008 13:48] /r
[03/10/2008 13:48] /r
[03/10/2008 13:48] /r
[03/10/2008 13:48] /r
[03/10/2008 13:48] /r
[03/10/2008 13:48] /r
[03/10/2008 13:48] /r
[03/10/2008 13:48] /r
[03/10/2008 13:48] /r
[03/10/2008 13:48] /r
[03/10/2008 13:48] /r
[03/10/2008 13:48] /r
[03/10/2008 13:48] /r
[03/10/2008 13:48] /r
[03/10/2008 13:48] /r
[03/10/2008 13:48] /r
[03/10/2008 13:48] /r
[03/10/2008 13:48] /r
[03/10/2008 13:48] /r
[03/10/2008 13:48] /r
[03/10/2008 13:48] /r
[03/10/2008 13:48] /r
[03/10/2008 13:48] /r
[03/10/2008 13:48] /r
[03/10/2008 13:48] /r
[03/10/2008 13:48] /r
[03/10/2008 13:48] /r
[03/10/2008 13:48] /r
[03/10/2008 13:48] /r
[03/10/2008 13:48] /r
[03/10/2008 13:48] /r
[03/10/2008 13:48] /r
[03/10/2008 13:48] /r
[03/10/2008 13:48] /r
[03/10/2008 13:48] /r
[03/10/2008 13:48] /r
[03/10/2008 13:48] /r
[03/10/2008 13:48] /r
[03/10/2008 13:48] /r
[03/10/2008 13:48] /r
[03/10/2008 13:48] /r
[03/10/2008 13:48] /r
[03/10/2008 13:48] /r
[03/10/2008 13:48] /r
[03/10/2008 13:48] /r
[03/10/2008 13:48] /r
[03/10/2008 13:48] /r
[03/10/2008 13:48] /r
[03/10/2008 13:48] /r
[03/10/2008 13:48] /r
[03/10/2008 13:48] /r
[03/10/2008 13:48] /r
[03/10/2008 13:48] /r
[03/10/2008 13:48] /r
[03/10/2008 13:48] /r
[03/10/2008 13:48] /r
[03/10/2008 13:48] /r
[03/10/2008 13:48] /r
[03/10/2008 13:48] /r
[03/10/2008 13:48] /r
[03/10/2008 13:48] /r
[03/10/2008 13:48] /r
[03/10/2008 13:48] /r
[03/10/2008 13:48] /r
[03/10/2008 13:48] /r
[03/10/2008 13:48] /r
[03/10/2008 13:48] /r
[03/10/2008 13:48] /r
[03/10/2008 13:48] /r
[03/10/2008 13:48] /r
[03/10/2008 13:48] /r
[03/10/2008 13:48] /r
[03/10/2008 13:48] /r
[03/10/2008 13:48] /r
[03/10/2008 13:48] /r
[03/10/2008 13:48] /r
[03/10/2008 13:48] /r
[03/10/2008 13:48] /r
[03/10/2008 13:48] /r
[03/10/2008 13:48] /r
[03/10/2008 13:48] /r
[03/10/2008 13:48] /r
[03/10/2008 13:48] /r
[03/10/2008 13:48] /r
[03/10/2008 13:49] /r
[03/10/2008 13:49] /r
[03/10/2008 13:49] /r
[03/10/2008 13:49] /r
[03/10/2008 13:49] /r
[03/10/2008 13:49] /r
[03/10/2008 13:49] /r
[03/10/2008 13:49] /r
[03/10/2008 13:49] /r
[03/10/2008 13:49] /r
[03/10/2008 13:49] /r
[03/10/2008 13:49] /r
[03/10/2008 13:49] /r
[03/10/2008 13:49] /r
[03/10/2008 13:49] /r
[03/10/2008 13:49] /r
[03/10/2008 13:49] /r
[03/10/2008 13:49] /r
[03/10/2008 13:49] /r
[03/10/2008 13:49] /r
[03/10/2008 13:49] /r
[03/10/2008 13:49] /r
[03/10/2008 13:49] /r
[03/10/2008 13:49] /r
[03/10/2008 13:49] /r
[03/10/2008 13:49] /r
[03/10/2008 13:49] /r
[03/10/2008 13:49] /r
[03/10/2008 13:49] /r
[03/10/2008 13:49] /r
[03/10/2008 13:49] /r
[03/10/2008 13:49] /r
[03/10/2008 13:49] /r
[03/10/2008 13:49] /r
[03/10/2008 13:49] /r
[03/10/2008 13:49] /r
[03/10/2008 13:49] /r
[03/10/2008 13:49] /r
[03/10/2008 13:49] /r
[03/10/2008 13:49] /r
[03/10/2008 13:49] /r
[03/10/2008 13:49] /r
[03/10/2008 13:49] /r
[03/10/2008 13:49] /r
[03/10/2008 13:49] /r
[03/10/2008 13:49] /r
[03/10/2008 13:49] /r
[03/10/2008 13:49] /r
[03/10/2008 13:49] /r
[03/10/2008 13:49] /r
[03/10/2008 13:49] /r
[03/10/2008 13:49] /r
[03/10/2008 13:49] /r
[03/10/2008 13:49] /r
[03/10/2008 13:49] /r
[03/10/2008 13:49] /r
[03/10/2008 13:49] /r
[03/10/2008 13:49] /r
[03/10/2008 13:49] /r
[03/10/2008 13:49] /r
[03/10/2008 13:49] /r
[03/10/2008 13:49] /r
[03/10/2008 13:49] /r
[03/10/2008 13:49] /r
[03/10/2008 13:49] /r
[03/10/2008 13:49] /r
[03/10/2008 13:49] /r
[03/10/2008 13:49] /r
[03/10/2008 13:49] /r
[03/10/2008 13:49] /r
[03/10/2008 13:49] /r
[03/10/2008 13:49] /r
[03/10/2008 13:49] /r
[03/10/2008 13:49] /r
[03/10/2008 13:49] /r
[03/10/2008 13:49] /r
[03/10/2008 13:49] /r
[03/10/2008 13:49] /r
[03/10/2008 13:49] /r
[03/10/2008 13:49] /r
[03/10/2008 13:49] /r
[03/10/2008 13:49] /r
[03/10/2008 13:49] /r
[03/10/2008 13:49] /r
[03/10/2008 13:49] /r
[03/10/2008 13:49] /r
[03/10/2008 13:49] /r
[03/10/2008 13:49] /r
[03/10/2008 13:49] /r
[03/10/2008 13:49] /r
[03/10/2008 13:49] /r
[03/10/2008 13:49] /r
[03/10/2008 13:49] /r
[03/10/2008 13:49] /r
[03/10/2008 13:49] /r
[03/10/2008 13:49] /r
[03/10/2008 13:49] /r
[03/10/2008 13:49] /r
[03/10/2008 13:49] /r
[03/10/2008 13:49] /r
[03/10/2008 13:49] /r
[03/10/2008 13:49] /r
[03/10/2008 13:49] /r
[03/10/2008 13:49] /r
[03/10/2008 13:49] /r
[03/10/2008 13:49] /r
[03/10/2008 13:49] /r
[03/10/2008 13:49] /r
[03/10/2008 13:49] /r
[03/10/2008 13:49] /r
[03/10/2008 13:49] /r
[03/10/2008 13:49] /r
[03/10/2008 13:49] /r
[03/10/2008 13:49] /r
[03/10/2008 13:49] /r
[03/10/2008 13:49] /r
[03/10/2008 13:49] /r
[03/10/2008 13:49] /r
[03/10/2008 13:49] /r
[03/10/2008 13:49] /r
[03/10/2008 13:49] /r
[03/10/2008 13:49] /r
[03/10/2008 13:49] /r
[03/10/2008 13:49] /r
[03/10/2008 13:49] /r
[03/10/2008 13:49] /r
[03/10/2008 13:49] /r
[03/10/2008 13:50] /r
[03/10/2008 13:50] /r
[03/10/2008 13:50] /r
[03/10/2008 13:50] /r
[03/10/2008 13:50] /r
[03/10/2008 13:50] /r
[03/10/2008 13:50] /r
[03/10/2008 13:50] /r
[03/10/2008 13:50] /r
[03/10/2008 13:50] /r
[03/10/2008 13:50] /r
[03/10/2008 13:50] /r
[03/10/2008 13:50] /r
[03/10/2008 13:50] /r
[03/10/2008 13:50] /r
[03/10/2008 13:50] /r
[03/10/2008 13:50] /r
[03/10/2008 13:50] /r
[03/10/2008 13:50] /r
[03/10/2008 13:50] /r
[03/10/2008 13:50] /r
[03/10/2008 13:50] /r
[03/10/2008 13:50] /r
[03/10/2008 13:50] /r
[03/10/2008 13:50] /r
[03/10/2008 13:50] /r
[03/10/2008 13:50] /r
[03/10/2008 13:50] /r
[03/10/2008 13:50] /r
[03/10/2008 13:50] /r
[03/10/2008 13:50] /r
[03/10/2008 13:50] /r
[03/10/2008 13:50] /r
[03/10/2008 13:50] /r
[03/10/2008 13:50] /r
[03/10/2008 13:50] /r
[03/10/2008 13:50] /r
[03/10/2008 13:50] /r
[03/10/2008 13:50] /r
[03/10/2008 13:50] /r
[03/10/2008 13:50] /r
[03/10/2008 13:50] /r
[03/10/2008 13:50] /r
[03/10/2008 13:50] /r
[03/10/2008 13:50] /r
[03/10/2008 13:50] /r
[03/10/2008 13:50] /r
[03/10/2008 13:50] /r
[03/10/2008 13:50] /r
[03/10/2008 13:50] /r
[03/10/2008 13:50] /r
[03/10/2008 13:50] /r
[03/10/2008 13:50] /r
[03/10/2008 13:50] /r
[03/10/2008 13:50] /r
[03/10/2008 13:50] /r
[03/10/2008 13:50] /r
[03/10/2008 13:50] /r
[03/10/2008 13:50] /r
[03/10/2008 13:50] /r
[03/10/2008 13:50] /r
[03/10/2008 13:50] /r
[03/10/2008 13:50] /r
[03/10/2008 13:50] /r
[03/10/2008 13:50] /r
[03/10/2008 13:50] /r
[03/10/2008 13:50] /r
[03/10/2008 13:50] /r
[03/10/2008 13:50] /r
[03/10/2008 13:50] /r
[03/10/2008 13:50] /r
[03/10/2008 13:50] /r
[03/10/2008 13:50] /r
[03/10/2008 13:50] /r
[03/10/2008 13:50] /r
[03/10/2008 13:50] /r
[03/10/2008 13:50] /r
[03/10/2008 13:50] /r
[03/10/2008 13:50] /r
[03/10/2008 13:50] /r
[03/10/2008 13:50] /r
[03/10/2008 13:50] /r
[03/10/2008 13:50] /r
[03/10/2008 13:50] /r
[03/10/2008 13:50] /r
[03/10/2008 13:50] /r
[03/10/2008 13:50] /r
[03/10/2008 13:50] /r
[03/10/2008 13:50] /r
[03/10/2008 13:50] /r
[03/10/2008 13:50] /r
[03/10/2008 13:50] /r
[03/10/2008 13:50] /r
[03/10/2008 13:50] /r
[03/10/2008 13:50] /r
[03/10/2008 13:50] /r
[03/10/2008 13:50] /r
[03/10/2008 13:50] /r
[03/10/2008 13:50] /r
[03/10/2008 13:50] /r
[03/10/2008 13:50] /r
[03/10/2008 13:50] /r
[03/10/2008 13:50] /r
[03/10/2008 13:50] /r
[03/10/2008 13:50] /r
[03/10/2008 13:50] /r
[03/10/2008 13:50] /r
[03/10/2008 13:50] /r
[03/10/2008 13:50] /r
[03/10/2008 13:50] /r
[03/10/2008 13:50] /r
[03/10/2008 13:50] /r
[03/10/2008 13:50] /r
[03/10/2008 13:50] /r
[03/10/2008 13:50] /r
[03/10/2008 13:50] /r
[03/10/2008 13:50] /r
[03/10/2008 13:50] /r
[03/10/2008 13:50] /r
[03/10/2008 13:50] /r
[03/10/2008 13:50] /r
[03/10/2008 13:50] /r
[03/10/2008 13:50] /r
[03/10/2008 13:50] /r
[03/10/2008 13:50] /r
[03/10/2008 13:50] /r
[03/10/2008 13:50] /town thorn
[03/10/2008 13:50] /goto slash
[03/10/2008 13:51] /town thorn
[03/10/2008 13:52] /r
[03/10/2008 13:52] /r
[03/10/2008 13:52] /r
[03/10/2008 13:52] /r
[03/10/2008 13:52] /r
[03/10/2008 13:52] /r
[03/10/2008 13:52] /r
[03/10/2008 13:52] /r
[03/10/2008 13:52] /r
[03/10/2008 13:52] /r
[03/10/2008 13:52] /r
[03/10/2008 13:52] /r
[03/10/2008 13:52] /r
[03/10/2008 13:52] /r
[03/10/2008 13:52] /r
[03/10/2008 13:52] /r
[03/10/2008 13:52] /r
[03/10/2008 13:52] /r
[03/10/2008 13:52] /r
[03/10/2008 13:52] /r
[03/10/2008 13:52] /r
[03/10/2008 13:52] /r
[03/10/2008 13:53] /r
[03/10/2008 13:53] /r
[03/10/2008 13:53] /r
[03/10/2008 13:53] /r
[03/10/2008 13:53] /r
[03/10/2008 13:53] /r
[03/10/2008 13:53] /r
[03/10/2008 13:53] /r
[03/10/2008 13:53] /r
[03/10/2008 13:53] /r
[03/10/2008 13:53] /r
[03/10/2008 13:53] /r
[03/10/2008 13:53] /r
[03/10/2008 13:53] /r
[03/10/2008 13:53] /r
[03/10/2008 13:53] /r
[03/10/2008 13:53] /r
[03/10/2008 13:53] /r
[03/10/2008 13:53] /r
[03/10/2008 13:53] /r
[03/10/2008 13:53] /r
[03/10/2008 13:53] /r
[03/10/2008 13:53] /r
[03/10/2008 13:53] /r
[03/10/2008 13:53] /r
[03/10/2008 13:53] /r
[03/10/2008 13:53] /r
[03/10/2008 13:53] /r
[03/10/2008 13:53] /r
[03/10/2008 13:53] /r
[03/10/2008 13:53] /town aracura
[03/10/2008 13:57] /town quendor
[03/10/2008 14:03] /goto slash
[03/10/2008 14:19] /goto stylle
[03/10/2008 14:24] /goto slash
[03/10/2008 14:25] /goto durin
[03/10/2008 14:25] /goto deer
[03/10/2008 14:26] /goto god fawkes
[03/10/2008 14:26] /goto lower
[03/10/2008 14:26] /goto durin
[03/10/2008 14:28] /goto kalamino
[03/10/2008 14:29] /goto sokwzar
[03/10/2008 14:36] /goto god fawkes
[03/10/2008 14:36] /goto sokwzar
[03/10/2008 14:38] /r
[03/10/2008 14:38] /r
[03/10/2008 14:38] /goto god fawkes
[03/10/2008 14:39] /goto god fawkes
[03/10/2008 14:39] /r
[03/10/2008 14:40] /goto slash
[03/10/2008 14:40] /goto god fawkes
[03/10/2008 14:40] /town aracura
[03/10/2008 14:42] /goto rook boo
[03/10/2008 14:43] /goto spider
[03/10/2008 14:44] /goto rooker the macabro
[03/10/2008 14:44] /r
[03/10/2008 14:45] /goto god fawkes
[03/10/2008 14:46] /down
[03/10/2008 14:46] /up
[03/10/2008 14:46] /down
[03/10/2008 14:47] /down
[03/10/2008 14:47] /down
[03/10/2008 14:48] /down
[03/10/2008 14:48] /down
[03/10/2008 14:48] /goto god fawkes
[03/10/2008 14:48] /goto god fawkes
[03/10/2008 14:49] /up
[03/10/2008 14:50] /goto sokwzar
[03/10/2008 14:53] /goto sokwzar
[03/10/2008 14:53] /goto god fawkes
[03/10/2008 14:53] /goto god fawkes
[03/10/2008 14:53] /goto god fawkes
[03/10/2008 14:53] /goto god fawkes
[03/10/2008 14:55] /goto god fawkes
[03/10/2008 14:55] /goto cainas ramone
[03/10/2008 14:56] /goto god fawkes
[03/10/2008 14:58] /goto god fawkes
[03/10/2008 14:59] /goto eu vomito e voce lambe
[03/10/2008 14:59] /goto sokwzar
[03/10/2008 15:09] /goto sokzwar
[03/10/2008 15:09] /goto sokwzar
[03/10/2008 15:09] /goto eu vomito e voce lambe
[03/10/2008 15:13] /goto crash rox
[03/10/2008 15:13] /goto crash rox
[03/10/2008 15:13] /goto god fawkes
[03/10/2008 16:12] /goto eu vomito e voce lambe
[03/10/2008 16:14] /goto eu vomito e voce lambe
[03/10/2008 16:14] /goto eu vomito e voce lambe
[03/10/2008 16:15] /goto zerpho
[03/10/2008 16:18] /goto rascal
[03/10/2008 16:21] /goto eu vomito e voce lambe
[03/10/2008 16:27] /goto kizth
[03/10/2008 16:35] /goto eu vomito e voce lambe
[03/10/2008 16:38] /goto eu vomito e voce lambe
[03/10/2008 16:39] /up
[03/10/2008 16:39] /goto kaduzin
[03/10/2008 16:39] /town quendor
[03/10/2008 17:06] /goto god fawkes
[03/10/2008 17:06] /goto eu vomito e voce lambe
[03/10/2008 17:06] /goto arystos
[03/10/2008 17:07] /goto god fawkes
[03/10/2008 17:08] /goto kizth
[03/10/2008 17:08] /goto cainas ramone
[03/10/2008 17:13] /goto god fawkes
[03/10/2008 17:13] /goto bheprus
[03/10/2008 17:14] /goto kizth
[03/10/2008 17:14] /goto eu vomito e voce lambe
[03/10/2008 17:36] /goto kizth
[03/10/2008 17:36] /goto stylle
[03/10/2008 17:36] /goto god fawkes
[03/10/2008 17:37] /goto lacostte
[03/10/2008 17:37] /goto oalx
[03/10/2008 17:39] /goto god fawkes
[03/10/2008 18:05] /goto eu vomito e voce lambe
[03/10/2008 22:10] /goto crash rox
[03/10/2008 22:10] /goto kizth
[03/10/2008 22:11] /goto stafox sllink
[03/10/2008 22:11] /goto kizth
[03/10/2008 22:14] /goto eu vomito e voce lambe
[03/10/2008 22:18] /goto crash rox
[04/10/2008 00:50] /goto gm raszk
[04/10/2008 00:51] /town aracura
[04/10/2008 00:52] /goto crash rox
[04/10/2008 00:52] /goto kizth
[04/10/2008 00:53] /goto cainas ramone
[04/10/2008 00:53] /goto lower
[04/10/2008 00:53] /goto lower
[04/10/2008 00:53] /goto lower
[04/10/2008 00:54] /goto lower
[04/10/2008 00:54] /goto lower
[04/10/2008 00:54] /goto lower
[04/10/2008 00:55] /goto haxixe
[04/10/2008 00:56] /goto weenaze wikans
[04/10/2008 00:58] /goto wicht nix
[04/10/2008 01:04] /goto weenaze wikans
[04/10/2008 01:09] /goto lower
[04/10/2008 01:11] /goto weenaze wikans
[04/10/2008 01:12] /goto lower
[04/10/2008 01:13] /goto weenaze wikans
[04/10/2008 01:15] /goto lower
[04/10/2008 01:16] /goto weenaze wikans
[04/10/2008 01:18] /goto lower
[04/10/2008 01:18] /goto weenaze wikans
[04/10/2008 01:19] /goto weenaze wikans
[04/10/2008 01:28] /goto cainas ramone
[04/10/2008 01:28] /goto kizth
[06/10/2008 02:25] /goto sokwzar
[06/10/2008 02:25] /goto lower
[06/10/2008 12:16] /goto sokwzar
[06/10/2008 12:16] /town quendor
[06/10/2008 12:17] /r
[06/10/2008 12:17] /r
[06/10/2008 12:17] /r
[06/10/2008 12:17] /r
[06/10/2008 12:17] /r
[06/10/2008 12:17] /r
[06/10/2008 12:17] /r
[06/10/2008 12:17] /r
[06/10/2008 12:17] /r
[06/10/2008 12:17] /r
[06/10/2008 12:18] /r
[06/10/2008 12:18] /r
[06/10/2008 12:18] /r
[06/10/2008 12:47] /goto sokwzar
[06/10/2008 12:47] /goto crash rox
[06/10/2008 12:48] /r
[06/10/2008 12:48] /r
[06/10/2008 12:48] /r
[06/10/2008 12:48] /r
[06/10/2008 12:48] /r
[06/10/2008 12:48] /r
[06/10/2008 12:48] /r
[06/10/2008 12:48] /r
[06/10/2008 12:48] /r
[06/10/2008 12:48] /r
[06/10/2008 12:48] /r
[06/10/2008 12:49] /r
[06/10/2008 12:49] /town quendor
[06/10/2008 12:49] /r
[06/10/2008 12:49] /r
[06/10/2008 12:49] /r
[06/10/2008 12:49] /r
[06/10/2008 12:49] /r
[06/10/2008 12:49] /r
[06/10/2008 12:49] /r
[06/10/2008 12:49] /r
[06/10/2008 12:49] /r
[06/10/2008 12:49] /r
[06/10/2008 12:49] /r
[06/10/2008 12:49] /r
[06/10/2008 12:49] /r
[06/10/2008 12:49] /r
[06/10/2008 12:49] /r
[06/10/2008 12:49] /r
[06/10/2008 12:49] /r
[06/10/2008 12:49] /r
[06/10/2008 12:49] /r
[06/10/2008 12:49] /r
[06/10/2008 12:49] /r
[06/10/2008 12:49] /r
[06/10/2008 12:49] /r
[06/10/2008 12:49] /r
[06/10/2008 12:49] /r
[06/10/2008 12:50] /r
[06/10/2008 12:50] /r
[06/10/2008 12:50] /r
[06/10/2008 12:50] /r
[06/10/2008 12:50] /r
[06/10/2008 12:50] /r
[06/10/2008 12:50] /r
[06/10/2008 12:50] /town thorn
[06/10/2008 12:50] /town aracura
[06/10/2008 12:51] /town northshore
[06/10/2008 12:51] /goto lower
[06/10/2008 12:52] /r
[06/10/2008 12:54] /goto tales
[06/10/2008 12:54] /r
[06/10/2008 13:02] /goto lower
[06/10/2008 13:02] /goto sokwzar
[06/10/2008 13:04] /goto lower
[06/10/2008 14:03] /goto god fawkes
[06/10/2008 14:03] /goto lower
[06/10/2008 14:07] /goto god fawkes
[06/10/2008 14:08] /goto lower
[06/10/2008 14:08] /goto rascal
[06/10/2008 14:16] /goto sokwzar
[06/10/2008 14:16] /goto god fawkes
[06/10/2008 14:16] /goto cainas ramone
[06/10/2008 14:20] /goto sokwzar
[06/10/2008 14:20] /goto sokwzar
[06/10/2008 15:49] /goto kinhow
[06/10/2008 15:49] /goto kinhow
[06/10/2008 15:50] /goto cainas ramone
[06/10/2008 15:50] /goto kizth
[06/10/2008 15:50] /goto stafox sllink
[06/10/2008 15:51] /goto kinhow
[06/10/2008 23:29] /goto sokwzar
[06/10/2008 23:31] /goto kinhow
[06/10/2008 23:38] /goto sokwzar
[06/10/2008 23:40] /goto sokwzar
[06/10/2008 23:41] /goto smoky wake
[06/10/2008 23:41] /goto sokwzar
[06/10/2008 23:45] /goto dok dominios
[06/10/2008 23:46] /goto maudito
[06/10/2008 23:48] /goto sokwzar
[07/10/2008 01:04] /goto kizth
[07/10/2008 01:04] /goto kizth
[07/10/2008 01:04] /goto kizth
[07/10/2008 01:04] /goto kizth
[07/10/2008 01:04] /goto kizth
[07/10/2008 01:04] /goto kizth
[07/10/2008 01:04] /goto kizth
[07/10/2008 01:04] /goto kizth
[07/10/2008 01:04] /goto kizth
[07/10/2008 01:04] /goto kizth
[07/10/2008 01:05] /goto kizth
[07/10/2008 01:05] /goto kizth
[07/10/2008 01:05] /goto kizth
[07/10/2008 01:06] /town aracura
[07/10/2008 01:06] /town quendor
[07/10/2008 12:34] /goto crash rox
[07/10/2008 12:35] /goto stafox sllink
[07/10/2008 12:35] /goto stafox sllink
[07/10/2008 12:36] /r
[07/10/2008 12:36] /r
[07/10/2008 12:36] /r
[07/10/2008 12:36] /r
[07/10/2008 12:36] /r
[07/10/2008 12:37] /r
[07/10/2008 12:37] /r
[07/10/2008 12:37] /r
[07/10/2008 12:37] /r
[07/10/2008 12:37] /r
[07/10/2008 12:37] /r
[07/10/2008 12:37] /r
[07/10/2008 12:37] /r
[07/10/2008 12:37] /r
[07/10/2008 12:37] /r
[07/10/2008 12:37] /r
[07/10/2008 12:37] /r
[07/10/2008 12:37] /r
[07/10/2008 12:37] /r
[07/10/2008 12:37] /r
[07/10/2008 12:37] /r
[07/10/2008 12:37] /r
[07/10/2008 12:37] /r
[07/10/2008 12:37] /r
[07/10/2008 12:37] /r
[07/10/2008 12:37] /r
[07/10/2008 12:37] /r
[07/10/2008 12:37] /r
[07/10/2008 12:37] /r
[07/10/2008 12:37] /r
[07/10/2008 12:37] /r
[07/10/2008 12:37] /r
[07/10/2008 12:37] /r
[07/10/2008 12:37] /r
[07/10/2008 12:37] /r
[07/10/2008 12:37] /r
[07/10/2008 12:37] /r
[07/10/2008 12:37] /r
[07/10/2008 12:37] /r
[07/10/2008 12:37] /r
[07/10/2008 12:37] /r
[07/10/2008 12:37] /r
[07/10/2008 12:37] /r
[07/10/2008 12:37] /r
[07/10/2008 12:37] /r
[07/10/2008 12:37] /r
[07/10/2008 12:37] /r
[07/10/2008 12:37] /r
[07/10/2008 12:37] /r
[07/10/2008 12:37] /r
[07/10/2008 12:37] /r
[07/10/2008 12:37] /r
[07/10/2008 12:37] /r
[07/10/2008 12:37] /r
[07/10/2008 12:37] /r
[07/10/2008 12:37] /r
[07/10/2008 12:37] /r
[07/10/2008 12:37] /r
[07/10/2008 12:37] /r
[07/10/2008 12:37] /r
[07/10/2008 12:37] /r
[07/10/2008 12:37] /r
[07/10/2008 12:37] /r
[07/10/2008 12:37] /r
[07/10/2008 12:37] /r
[07/10/2008 12:37] /r
[07/10/2008 12:37] /r
[07/10/2008 12:37] /r
[07/10/2008 12:37] /r
[07/10/2008 12:37] /r
[07/10/2008 12:37] /r
[07/10/2008 12:37] /r
[07/10/2008 12:37] /r
[07/10/2008 12:37] /r
[07/10/2008 12:37] /r
[07/10/2008 12:37] /r
[07/10/2008 12:37] /r
[07/10/2008 12:37] /r
[07/10/2008 12:37] /r
[07/10/2008 12:37] /r
[07/10/2008 12:37] /r
[07/10/2008 12:37] /r
[07/10/2008 12:37] /r
[07/10/2008 12:37] /r
[07/10/2008 12:37] /r
[07/10/2008 12:37] /r
[07/10/2008 12:37] /r
[07/10/2008 12:37] /r
[07/10/2008 12:37] /r
[07/10/2008 12:37] /r
[07/10/2008 12:37] /r
[07/10/2008 12:37] /r
[07/10/2008 12:37] /r
[07/10/2008 12:37] /r
[07/10/2008 12:37] /r
[07/10/2008 12:37] /r
[07/10/2008 12:37] /r
[07/10/2008 12:37] /r
[07/10/2008 12:37] /r
[07/10/2008 12:38] /r
[07/10/2008 12:38] /r
[07/10/2008 12:38] /r
[07/10/2008 12:38] /r
[07/10/2008 12:38] /r
[07/10/2008 12:38] /r
[07/10/2008 12:38] /r
[07/10/2008 12:38] /r
[07/10/2008 12:38] /r
[07/10/2008 12:38] /r
[07/10/2008 12:38] /r
[07/10/2008 12:38] /r
[07/10/2008 12:38] /r
[07/10/2008 12:38] /r
[07/10/2008 12:38] /r
[07/10/2008 12:38] /r
[07/10/2008 12:38] /r
[07/10/2008 12:38] /r
[07/10/2008 12:38] /r
[07/10/2008 12:38] /r
[07/10/2008 12:38] /r
[07/10/2008 12:38] /r
[07/10/2008 12:38] /r
[07/10/2008 12:38] /r
[07/10/2008 12:38] /r
[07/10/2008 12:38] /r
[07/10/2008 12:38] /r
[07/10/2008 12:38] /r
[07/10/2008 12:38] /goto elerena
[07/10/2008 12:38] /r
[07/10/2008 12:38] /r
[07/10/2008 12:38] /r
[07/10/2008 12:38] /r
[07/10/2008 12:38] /r
[07/10/2008 12:38] /r
[07/10/2008 12:38] /r
[07/10/2008 12:38] /r
[07/10/2008 12:38] /r
[07/10/2008 12:38] /r
[07/10/2008 12:38] /r
[07/10/2008 12:38] /r
[07/10/2008 12:38] /r
[07/10/2008 12:38] /r
[07/10/2008 12:38] /r
[07/10/2008 12:38] /r
[07/10/2008 12:38] /r
[07/10/2008 12:38] /r
[07/10/2008 12:38] /r
[07/10/2008 12:38] /r
[07/10/2008 12:38] /r
[07/10/2008 12:38] /r
[07/10/2008 12:38] /r
[07/10/2008 12:38] /r
[07/10/2008 12:38] /r
[07/10/2008 12:38] /r
[07/10/2008 12:38] /r
[07/10/2008 12:38] /r
[07/10/2008 12:38] /r
[07/10/2008 12:38] /r
[07/10/2008 12:38] /r
[07/10/2008 12:38] /r
[07/10/2008 12:38] /r
[07/10/2008 12:38] /r
[07/10/2008 12:38] /r
[07/10/2008 12:38] /r
[07/10/2008 12:38] /r
[07/10/2008 12:38] /r
[07/10/2008 12:38] /r
[07/10/2008 12:38] /r
[07/10/2008 12:38] /r
[07/10/2008 12:38] /r
[07/10/2008 12:38] /r
[07/10/2008 12:38] /r
[07/10/2008 12:38] /r
[07/10/2008 12:38] /r
[07/10/2008 12:38] /r
[07/10/2008 12:38] /r
[07/10/2008 12:38] /r
[07/10/2008 12:38] /r
[07/10/2008 12:39] /town quendor
[07/10/2008 12:39] /r
[07/10/2008 12:39] /r
[07/10/2008 12:39] /r
[07/10/2008 12:39] /r
[07/10/2008 12:39] /r
[07/10/2008 12:39] /r
[07/10/2008 12:39] /r
[07/10/2008 12:39] /r
[07/10/2008 12:39] /r
[07/10/2008 12:39] /r
[07/10/2008 12:39] /r
[07/10/2008 12:39] /r
[07/10/2008 12:39] /r
[07/10/2008 12:39] /r
[07/10/2008 12:39] /r
[07/10/2008 12:39] /r
[07/10/2008 12:39] /r
[07/10/2008 12:39] /r
[07/10/2008 12:39] /r
[07/10/2008 12:39] /r
[07/10/2008 12:39] /r
[07/10/2008 12:39] /r
[07/10/2008 12:39] /r
[07/10/2008 12:39] /r
[07/10/2008 12:39] /r
[07/10/2008 12:39] /r
[07/10/2008 12:39] /r
[07/10/2008 12:39] /r
[07/10/2008 12:39] /r
[07/10/2008 12:39] /r
[07/10/2008 12:39] /r
[07/10/2008 12:39] /r
[07/10/2008 12:39] /r
[07/10/2008 12:39] /r
[07/10/2008 12:39] /r
[07/10/2008 12:39] /r
[07/10/2008 12:39] /r
[07/10/2008 12:39] /r
[07/10/2008 12:39] /r
[07/10/2008 12:39] /r
[07/10/2008 12:39] /r
[07/10/2008 12:39] /r
[07/10/2008 12:39] /r
[07/10/2008 12:39] /r
[07/10/2008 12:39] /r
[07/10/2008 12:39] /r
[07/10/2008 12:40] /r
[07/10/2008 12:40] /r
[07/10/2008 12:40] /r
[07/10/2008 12:40] /r
[07/10/2008 12:40] /r
[07/10/2008 12:40] /r
[07/10/2008 12:40] /r
[07/10/2008 12:40] /r
[07/10/2008 12:40] /r
[07/10/2008 12:40] /r
[07/10/2008 12:40] /r
[07/10/2008 12:40] /r
[07/10/2008 12:40] /r
[07/10/2008 12:40] /r
[07/10/2008 12:40] /r
[07/10/2008 12:40] /r
[07/10/2008 12:40] /r
[07/10/2008 12:40] /r
[07/10/2008 12:40] /r
[07/10/2008 12:40] /r
[07/10/2008 12:40] /r
[07/10/2008 12:40] /r
[07/10/2008 12:40] /r
[07/10/2008 12:40] /r
[07/10/2008 12:40] /r
[07/10/2008 12:40] /r
[07/10/2008 12:40] /r
[07/10/2008 12:40] /r
[07/10/2008 12:40] /r
[07/10/2008 12:40] /r
[07/10/2008 12:40] /r
[07/10/2008 12:40] /r
[07/10/2008 12:40] /r
[07/10/2008 12:40] /r
[07/10/2008 12:40] /r
[07/10/2008 12:40] /r
[07/10/2008 12:40] /r
[07/10/2008 12:40] /r
[07/10/2008 12:41] /r
[07/10/2008 12:41] /r
[07/10/2008 12:41] /r
[07/10/2008 12:41] /r
[07/10/2008 12:41] /r
[07/10/2008 12:41] /r
[07/10/2008 12:41] /r
[07/10/2008 12:41] /r
[07/10/2008 12:41] /r
[07/10/2008 12:41] /r
[07/10/2008 12:41] /r
[07/10/2008 12:41] /r
[07/10/2008 12:41] /r
[07/10/2008 12:41] /r
[07/10/2008 12:41] /r
[07/10/2008 12:41] /r
[07/10/2008 12:41] /r
[07/10/2008 12:41] /r
[07/10/2008 12:41] /r
[07/10/2008 12:41] /r
[07/10/2008 12:41] /goto james
[07/10/2008 12:41] /r
[07/10/2008 12:41] /r
[07/10/2008 12:41] /r
[07/10/2008 12:41] /r
[07/10/2008 12:41] /r
[07/10/2008 12:41] /r
[07/10/2008 12:41] /r
[07/10/2008 12:41] /r
[07/10/2008 12:41] /r
[07/10/2008 12:41] /r
[07/10/2008 12:41] /r
[07/10/2008 12:41] /r
[07/10/2008 12:41] /r
[07/10/2008 12:41] /r
[07/10/2008 12:41] /r
[07/10/2008 12:41] /r
[07/10/2008 12:41] /r
[07/10/2008 12:41] /r
[07/10/2008 12:41] /s james
[07/10/2008 12:41] /s James
[07/10/2008 12:42] /r
[07/10/2008 12:42] /r
[07/10/2008 12:42] /r
[07/10/2008 12:42] /r
[07/10/2008 12:42] /r
[07/10/2008 12:42] /r
[07/10/2008 12:42] /r
[07/10/2008 12:42] /s James
[07/10/2008 12:42] /town thorn
[07/10/2008 12:42] /s James
[07/10/2008 12:43] /town quendor
[07/10/2008 12:43] /s Alex
[07/10/2008 12:45] /B Confira os premios no mês das crianças! 2 Ipods Shuffler cap, 1 Premium Account de 360 dias, 5 Premium Accounts de 90 dias, Para saber mais, acessewww.darghos.com.br
[07/10/2008 12:47] /goto crash rox
[07/10/2008 12:47] /down
[07/10/2008 12:47] /up
[07/10/2008 12:47] /down
[07/10/2008 12:47] /up
[07/10/2008 12:47] /s James
[07/10/2008 12:47] /s James
[07/10/2008 12:58] /goto god fawkes
[07/10/2008 13:00] /goto james
[07/10/2008 13:00] /s Tales
[07/10/2008 13:00] /goto god fawkes
[07/10/2008 13:01] /s James
[07/10/2008 13:02] /goto god fawkes
[07/10/2008 13:03] /r
[07/10/2008 13:03] /r
[07/10/2008 13:03] /r
[07/10/2008 13:03] /r
[07/10/2008 13:03] /r
[07/10/2008 13:03] /r
[07/10/2008 13:03] /r
[07/10/2008 13:03] /r
[07/10/2008 13:03] /r
[07/10/2008 13:03] /r
[07/10/2008 13:03] /r
[07/10/2008 13:03] /r
[07/10/2008 13:03] /r
[07/10/2008 13:03] /r
[07/10/2008 13:03] /r
[07/10/2008 13:03] /r
[07/10/2008 13:03] /r
[07/10/2008 13:03] /r
[07/10/2008 13:03] /r
[07/10/2008 13:03] /r
[07/10/2008 13:03] /r
[07/10/2008 13:03] /r
[07/10/2008 13:03] /r
[07/10/2008 13:03] /r
[07/10/2008 13:04] /r
[07/10/2008 13:04] /r
[07/10/2008 13:07] /goto god fawkes
[07/10/2008 13:08] /goto stafox sllink
[07/10/2008 13:10] /goto god fawkes
[07/10/2008 13:10] /town aracura
[07/10/2008 13:10] /town thorn
[07/10/2008 13:10] /town salazart
[07/10/2008 13:14] /goto god fawkes
[07/10/2008 13:27] /goto sokwzar
[07/10/2008 13:28] /goto sokwzar
[07/10/2008 13:33] /goto sokwzar
[07/10/2008 13:33] /goto sokwzar
[07/10/2008 13:38] /goto samu
[07/10/2008 13:40] /goto sokwzar
[07/10/2008 13:44] /goto god fawkes
[07/10/2008 13:44] /goto god baracs
[07/10/2008 13:46] /goto god varacs
[07/10/2008 13:46] /goto god baracs
[07/10/2008 13:46] /newtype 267
[07/10/2008 13:46] /goto god baracs]
[07/10/2008 13:46] /goto god baracs
[07/10/2008 13:49] /goto sokwzar
[07/10/2008 13:50] /kick barmy glingo
[07/10/2008 13:50] /goto god baracs
[07/10/2008 13:51] /newtype 250
[07/10/2008 13:53] /goto sokwzar
[07/10/2008 14:34] /goto wokwzar
[07/10/2008 14:34] /goto sokwzar
[07/10/2008 14:35] /goto stylle
[07/10/2008 14:36] /goto sokwzar
[07/10/2008 14:37] /goto stafox sllink
[07/10/2008 14:38] /goto sokwzar
[07/10/2008 14:55] /info Cavaleiro Drogadao
[07/10/2008 14:55] /info Sokwzar
[07/10/2008 14:57] /goto sokwzar
[07/10/2008 15:01] /goto stylle
[07/10/2008 15:01] /info Tiquanda's Revenge
[07/10/2008 15:01] /goto sowzar
[07/10/2008 15:04] /goto sokwzar
[07/10/2008 15:09] /goto sokwzare
[07/10/2008 15:09] /goto sokwzar
[07/10/2008 16:47] /goto kizth
[07/10/2008 16:47] /goto sokwzar
[07/10/2008 16:51] /goto shane bull
[07/10/2008 16:53] /goto shane bull
[07/10/2008 16:59] /goto aruar
[07/10/2008 17:12] /goto kizth
[07/10/2008 17:13] /goto god baracs
[07/10/2008 17:14] /goto god baracs
[07/10/2008 17:15] /goto god baracs
[07/10/2008 17:15] /goto god baracs
[07/10/2008 17:15] /goto god baracs
[07/10/2008 17:29] /goto god fawkes
[07/10/2008 17:37] /goto god fawkes
[07/10/2008 17:56] /goto sokwzar
[07/10/2008 17:56] /goto kizth
[07/10/2008 18:14] /up
[07/10/2008 18:14] /down
[07/10/2008 22:27] /goto kinhow
[07/10/2008 22:28] /goto kizth
[07/10/2008 22:28] /goto stylle
[07/10/2008 22:29] /town quendor
[07/10/2008 22:36] /goto kinhow
[07/10/2008 22:36] /goto kizth
[07/10/2008 23:36] /goto kinhow
[07/10/2008 23:36] /goto kizth
[07/10/2008 23:36] /goto sokwzar
[07/10/2008 23:36] /goto crash rox
[07/10/2008 23:36] /goto sokwzar
[07/10/2008 23:36] /goto sokwzar
[07/10/2008 23:38] /goto sokwzar
[07/10/2008 23:51] /goto sokwzar
[08/10/2008 00:28] /goto kinhow
[08/10/2008 00:28] /goto elder granja
[08/10/2008 00:30] /info Elder Granja
[08/10/2008 00:30] /info mustafa larisson
[08/10/2008 00:32] /goto kinhow
[08/10/2008 01:21] /town quendor
[08/10/2008 01:22] /town aracura
[08/10/2008 01:23] /kick cocota
[08/10/2008 12:12] /goto lower
[08/10/2008 12:12] /goto lower
[08/10/2008 12:13] /goto lower
[08/10/2008 12:13] /goto lower
[08/10/2008 12:14] /town quendor
[08/10/2008 12:16] /goto morpheu axemaster
[08/10/2008 12:19] /goto morpheu axemaster
[08/10/2008 12:24] /goto morpheu axemaster
[08/10/2008 12:24] /goto morpheu axemaster
[08/10/2008 12:33] /town quendor
[08/10/2008 14:01] /goto god fawkes
[08/10/2008 14:01] /goto kinhow
[08/10/2008 14:01] /goto kizth
[08/10/2008 14:03] /goto kizth
[08/10/2008 14:03] /goto kizth
[08/10/2008 14:04] /goto kizth
[08/10/2008 14:04] /goto kizth
[08/10/2008 14:05] /goto god fawkes
[08/10/2008 14:31] /goto slash
[08/10/2008 14:34] /up
[08/10/2008 14:34] /goto yvs
[08/10/2008 14:35] /goto god fawkes
[08/10/2008 14:36] /goto soul master loko
[08/10/2008 14:37] /goto god fawkes
[08/10/2008 14:40] /goto kizth
[08/10/2008 14:40] /goto stafox sllink
[08/10/2008 14:40] /down
[08/10/2008 14:44] /goto stafox sllink
[08/10/2008 14:44] /goto god fawkes
[08/10/2008 14:45] /up
[08/10/2008 14:47] /goto kizth
[08/10/2008 14:47] /goto stafox sllink
[08/10/2008 14:47] /down
[08/10/2008 14:48] /up
[08/10/2008 14:48] /down
[08/10/2008 14:54] /goto nature ancient
[08/10/2008 15:00] /up
[08/10/2008 15:00] /down
[08/10/2008 15:21] /goto stafox sllink
[08/10/2008 15:24] /goto sokwzar
[08/10/2008 15:24] /goto god fawkes
[08/10/2008 15:24] /goto sky arthur
[08/10/2008 15:26] /goto nature ancient
[08/10/2008 15:28] /up
[08/10/2008 15:28] /down
[08/10/2008 15:39] /goto ancient tree
[08/10/2008 15:39] /goto god fawkes
[08/10/2008 15:42] /goto stafox sllink
[08/10/2008 15:42] /goto god fawkes
[08/10/2008 15:46] /goto stylle
[08/10/2008 15:46] /goto kizth
[08/10/2008 15:46] /goto sokwzar
[08/10/2008 16:35] /goto kizth
[08/10/2008 16:37] /goto kizth
[08/10/2008 16:43] /town aracura
[08/10/2008 16:44] /town quendor
[08/10/2008 16:44] /r
[08/10/2008 16:44] /r
[08/10/2008 16:44] /r
[08/10/2008 16:44] /r
[08/10/2008 16:44] /r
[08/10/2008 16:44] /r
[08/10/2008 16:44] /r
[08/10/2008 16:44] /r
[08/10/2008 16:44] /r
[08/10/2008 16:44] /town aracura
[08/10/2008 16:45] /town thorn
[08/10/2008 16:45] /town aracura
[08/10/2008 16:45] /goto stafox sllink
[08/10/2008 16:45] /town aracura
[08/10/2008 16:47] /goto kinhow
[08/10/2008 16:47] /goto sky lian
[08/10/2008 16:47] /r
[08/10/2008 16:47] /r
[08/10/2008 16:47] /r
[08/10/2008 16:47] /r
[08/10/2008 16:47] /r
[08/10/2008 16:47] /r
[08/10/2008 16:48] /r
[08/10/2008 16:48] /r
[08/10/2008 16:48] /r
[08/10/2008 16:48] /r
[08/10/2008 16:48] /r
[08/10/2008 16:52] /goto mamma qi
[08/10/2008 16:52] /goto mamma qi
[08/10/2008 16:52] /goto stafox sllink
[08/10/2008 16:53] /goto C M Baracs
[08/10/2008 16:54] /goto sokwzar
[08/10/2008 16:55] /goto antraxz
[08/10/2008 16:57] /goto sokwzar
[08/10/2008 16:58] /goto stafox sllink
[08/10/2008 16:59] /goto god baracs
[08/10/2008 17:00] /goto sokwzar
[08/10/2008 17:02] /goto god baracs
[08/10/2008 17:02] /goto tales
[08/10/2008 17:03] /goto sokwzar
[08/10/2008 17:05] /town aracura
[08/10/2008 17:06] /goto god baracs
[08/10/2008 17:07] /r
[08/10/2008 17:07] /newtype 25
[08/10/2008 17:07] /newtype 23
[08/10/2008 17:07] /newtype 2
[08/10/2008 17:07] /newtype 1
[08/10/2008 17:07] /newtype 3
[08/10/2008 17:07] /newtype 4
[08/10/2008 17:07] /newtype 5
[08/10/2008 17:07] /newtype 6
[08/10/2008 17:07] /newtype 7
[08/10/2008 17:07] /newtype 9
[08/10/2008 17:07] /newtype 10
[08/10/2008 17:07] /newtype 11
[08/10/2008 17:07] /newtype 12
[08/10/2008 17:07] /newtype 13
[08/10/2008 17:07] /newtype 14
[08/10/2008 17:07] /newtype 15
[08/10/2008 17:07] /newtype 16
[08/10/2008 17:07] /newtype 16
[08/10/2008 17:07] /newtype 17
[08/10/2008 17:07] /newtype 19
[08/10/2008 17:07] /newtype 20
[08/10/2008 17:08] /newtype 21
[08/10/2008 17:08] /newtype 22
[08/10/2008 17:08] /newtype 23
[08/10/2008 17:08] /newtype 24
[08/10/2008 17:08] /newtype 26
[08/10/2008 17:08] /newtype 27
[08/10/2008 17:08] /newtype 26
[08/10/2008 17:08] /newtype 30
[08/10/2008 17:08] /newtype 31
[08/10/2008 17:08] /newtype 32
[08/10/2008 17:08] /newtype 31
[08/10/2008 17:08] /newtype 266
[08/10/2008 17:08] /newtype 270
[08/10/2008 17:13] /goto god baracs
[08/10/2008 17:13] /newtype 266
[08/10/2008 17:18] /goto stafoz sllink
[08/10/2008 17:18] /goto stafox sllink
[08/10/2008 17:19] /goto god baracs
[08/10/2008 17:23] /goto stafox sllink
[08/10/2008 17:23] /goto god baracs
[08/10/2008 17:48] /goto sokwzar
[08/10/2008 17:59] /info Elder Granja
[08/10/2008 18:01] /town quendore
[08/10/2008 18:01] /town quendor
[08/10/2008 18:03] /goto sokwzar
[08/10/2008 18:03] /goto stafox sllink
[08/10/2008 18:03] /goto kizth
[08/10/2008 18:04] /up
[08/10/2008 18:05] /r
[08/10/2008 18:05] /r
[08/10/2008 18:07] /goto sokwzar
[08/10/2008 18:08] /goto kizth
[08/10/2008 18:14] /kick lombab
[08/10/2008 18:15] /goto atlas deimond
[08/10/2008 18:15] /goto lombab
[08/10/2008 18:15] /kick Cogumelos Insane
[08/10/2008 18:16] /kick Mumao Spurs
[08/10/2008 18:17] /goto creed revenge
[08/10/2008 18:17] /goto arystos
[08/10/2008 18:19] /up
[08/10/2008 22:28] /goto god baracs
[08/10/2008 22:29] /goto sokwzar
[08/10/2008 22:30] /goto crash rox
[08/10/2008 22:30] /goto stafox sllink
[08/10/2008 22:32] /goto god baracs
[08/10/2008 22:32] /goto god baracs
[08/10/2008 22:32] /goto god baracs
[08/10/2008 22:32] /goto god baracs
[08/10/2008 22:32] /goto god baracs
[08/10/2008 22:32] /goto god baracs
[08/10/2008 22:32] /goto god baracs
[08/10/2008 22:36] /goto kizth
[08/10/2008 22:39] /goto kizth
[08/10/2008 22:40] /goto god baracs
[08/10/2008 22:41] /goto sokwzar
[08/10/2008 22:41] /goto kizth
[08/10/2008 22:53] /goto sokwzar
[08/10/2008 22:54] /goto stafox sllink
[08/10/2008 23:01] /goto kizth
[08/10/2008 23:02] /goto sokwzar
[08/10/2008 23:02] /goto setz lawl
[08/10/2008 23:02] /town quendor
[08/10/2008 23:08] /goto kinhow
[08/10/2008 23:14] /goto sokwzar
[08/10/2008 23:14] /goto kizth
[09/10/2008 12:25] /town quendor
[09/10/2008 12:26] /r
[09/10/2008 12:26] /r
[09/10/2008 12:26] /r
[09/10/2008 12:27] /r
[09/10/2008 12:27] /r
[09/10/2008 12:27] /r
[09/10/2008 12:27] /r
[09/10/2008 12:27] /r
[09/10/2008 12:27] /r
[09/10/2008 12:27] /r
[09/10/2008 12:27] /r
[09/10/2008 12:27] /r
[09/10/2008 12:27] /r
[09/10/2008 12:27] /r
[09/10/2008 12:27] /r
[09/10/2008 12:27] /r
[09/10/2008 12:27] /r
[09/10/2008 12:27] /r
[09/10/2008 12:27] /r
[09/10/2008 12:27] /r
[09/10/2008 12:27] /r
[09/10/2008 12:27] /r
[09/10/2008 12:27] /r
[09/10/2008 12:27] /r
[09/10/2008 12:27] /r
[09/10/2008 12:27] /r
[09/10/2008 12:27] /r
[09/10/2008 12:27] /r
[09/10/2008 12:27] /r
[09/10/2008 12:27] /r
[09/10/2008 12:27] /r
[09/10/2008 12:27] /r
[09/10/2008 12:27] /r
[09/10/2008 12:27] /r
[09/10/2008 12:27] /r
[09/10/2008 12:27] /r
[09/10/2008 12:27] /r
[09/10/2008 12:27] /r
[09/10/2008 12:27] /r
[09/10/2008 12:27] /r
[09/10/2008 12:27] /r
[09/10/2008 12:27] /r
[09/10/2008 12:27] /r
[09/10/2008 12:27] /r
[09/10/2008 12:27] /r
[09/10/2008 12:27] /r
[09/10/2008 12:27] /r
[09/10/2008 12:27] /r
[09/10/2008 12:27] /r
[09/10/2008 13:15] /goto stafox sllink
[09/10/2008 14:47] /goto sokwzar
[09/10/2008 14:52] /goto cainas ramone
[09/10/2008 14:52] /newtype 266
[09/10/2008 14:53] /goto sokwzar
[09/10/2008 14:53] /town quendor
[09/10/2008 14:56] /goto sokwzar
[09/10/2008 14:56] /goto stafox sllink
[09/10/2008 16:15] /goto sokwzar
[09/10/2008 16:16] /goto barry walker
[09/10/2008 16:16] /goto barry walker
[09/10/2008 16:16] /goto barry walker
[09/10/2008 16:16] /goto barry walker
[09/10/2008 16:16] /goto barry walker
[09/10/2008 16:17] /info barry walker
[09/10/2008 16:34] /goto god baracs
[09/10/2008 16:35] /town quendor
[09/10/2008 16:35] /goto kizth
[09/10/2008 16:45] /goto kizth
[09/10/2008 17:31] /goto ramus
[09/10/2008 17:32] /town quendor
[09/10/2008 17:35] /goto sky crazzy
[09/10/2008 17:36] /town aracura
[09/10/2008 17:37] /down
[09/10/2008 17:37] /up
[09/10/2008 17:37] /up
[09/10/2008 17:37] /up
[09/10/2008 17:40] /goto slash mage
[09/10/2008 17:43] /town aracura
[09/10/2008 17:43] /town salazart
[09/10/2008 17:45] /goto insanesound
[09/10/2008 17:46] /goto red blue silver
[09/10/2008 17:46] /goto red blue silver
[09/10/2008 17:47] /goto insanesound
[09/10/2008 17:47] /town aracura
[09/10/2008 17:51] /goto insanesound
[09/10/2008 17:52] /goto stafox sllink
[09/10/2008 18:18] /raid high
[09/10/2008 18:19] /town aracura
[09/10/2008 18:21] /goto creed revenge
[09/10/2008 18:21] /goto high inquisitor
[09/10/2008 18:23] /goto high inquisitor
[09/10/2008 18:23] /goto high inquisitor
[09/10/2008 22:20] /goto cainas ramone
[09/10/2008 22:21] /goto crash rox
[09/10/2008 22:22] /town quendor
[09/10/2008 23:25] /town aracura
[09/10/2008 23:26] /goto tales
[09/10/2008 23:27] /r
[09/10/2008 23:27] /r
[09/10/2008 23:27] /r
[09/10/2008 23:27] /r
[09/10/2008 23:27] /r
[09/10/2008 23:27] /r
[09/10/2008 23:27] /r
[09/10/2008 23:27] /r
[09/10/2008 23:27] /r
[09/10/2008 23:27] /r
[09/10/2008 23:27] /r
[09/10/2008 23:27] /r
[09/10/2008 23:27] /r
[09/10/2008 23:27] /r
[09/10/2008 23:27] /r
[09/10/2008 23:27] /r
[09/10/2008 23:27] /r
[09/10/2008 23:27] /r
[09/10/2008 23:27] /r
[09/10/2008 23:27] /r
[09/10/2008 23:27] /r
[09/10/2008 23:27] /r
[09/10/2008 23:27] /r
[09/10/2008 23:27] /r
[09/10/2008 23:27] /r
[09/10/2008 23:27] /r
[09/10/2008 23:27] /r
[09/10/2008 23:27] /r
[09/10/2008 23:27] /r
[09/10/2008 23:27] /r
[09/10/2008 23:27] /r
[09/10/2008 23:27] /r
[09/10/2008 23:27] /r
[09/10/2008 23:27] /r
[09/10/2008 23:27] /r
[09/10/2008 23:27] /r
[09/10/2008 23:27] /r
[09/10/2008 23:27] /r
[09/10/2008 23:27] /r
[09/10/2008 23:27] /r
[09/10/2008 23:27] /r
[09/10/2008 23:27] /r
[09/10/2008 23:27] /r
[09/10/2008 23:27] /r
[09/10/2008 23:27] /r
[09/10/2008 23:27] /r
[09/10/2008 23:27] /r
[09/10/2008 23:27] /r
[09/10/2008 23:27] /r
[09/10/2008 23:27] /r
[09/10/2008 23:27] /r
[09/10/2008 23:27] /r
[09/10/2008 23:27] /r
[09/10/2008 23:27] /r
[09/10/2008 23:27] /r
[09/10/2008 23:27] /r
[09/10/2008 23:27] /r
[09/10/2008 23:27] /r
[09/10/2008 23:27] /r
[09/10/2008 23:27] /r
[09/10/2008 23:27] /r
[09/10/2008 23:27] /r
[09/10/2008 23:27] /r
[09/10/2008 23:27] /r
[09/10/2008 23:27] /r
[09/10/2008 23:27] /r
[09/10/2008 23:27] /r
[09/10/2008 23:27] /r
[09/10/2008 23:27] /r
[09/10/2008 23:27] /r
[09/10/2008 23:28] /goto lombab
[09/10/2008 23:28] /r
[09/10/2008 23:28] /r
[09/10/2008 23:28] /r
[09/10/2008 23:28] /r
[09/10/2008 23:28] /r
[09/10/2008 23:28] /r
[09/10/2008 23:28] /r
[09/10/2008 23:28] /r
[09/10/2008 23:28] /r
[09/10/2008 23:28] /r
[09/10/2008 23:28] /r
[09/10/2008 23:28] /r
[09/10/2008 23:28] /r
[09/10/2008 23:28] /r
[09/10/2008 23:28] /r
[09/10/2008 23:28] /r
[09/10/2008 23:28] /r
[09/10/2008 23:28] /r
[09/10/2008 23:28] /r
[09/10/2008 23:28] /r
[09/10/2008 23:28] /r
[09/10/2008 23:29] /town salazart
[09/10/2008 23:31] /goto crash rox
[09/10/2008 23:32] /goto stylle
[09/10/2008 23:36] /goto smoky wake
[09/10/2008 23:36] /goto smoky wake
[09/10/2008 23:37] /goto smoky wake
[09/10/2008 23:39] /up
[09/10/2008 23:39] /down
[09/10/2008 23:39] /down
[09/10/2008 23:40] /goto shepher
[09/10/2008 23:40] /goto shepher
[09/10/2008 23:40] /goto shepher
[09/10/2008 23:41] /town northshore
[09/10/2008 23:41] /town northrend
[09/10/2008 23:44] /goto sokwzar
[09/10/2008 23:44] /goto ramus
[09/10/2008 23:44] /goto ramus
[09/10/2008 23:45] /goto ramus
[09/10/2008 23:45] /town aracura
[09/10/2008 23:46] /goto sokwzar
[09/10/2008 23:47] /goto ramus
[09/10/2008 23:49] /goto samu
[09/10/2008 23:49] /goto samu
[09/10/2008 23:49] /info Elder Granja
[09/10/2008 23:49] /info Samu
[09/10/2008 23:49] /town northred
[09/10/2008 23:49] /town northrend
[09/10/2008 23:51] /up
[09/10/2008 23:52] /up
[09/10/2008 23:52] /up
[09/10/2008 23:57] /down
[09/10/2008 23:57] /up
[09/10/2008 23:58] /down
[09/10/2008 23:58] /goto soxx
[10/10/2008 00:01] /up
[10/10/2008 00:01] /up
[10/10/2008 00:03] /down
[10/10/2008 00:03] /goto dargrage
[10/10/2008 00:03] /goto forever i and you
[10/10/2008 00:03] /up
[10/10/2008 00:03] /up
[10/10/2008 00:03] /up
[10/10/2008 00:04] /up
[10/10/2008 00:04] /up
[10/10/2008 00:04] /up
[10/10/2008 00:04] /down
[10/10/2008 00:04] /down
[10/10/2008 00:04] /down
[10/10/2008 00:04] /up
[10/10/2008 00:07] /up
[10/10/2008 00:07] /up
[10/10/2008 00:08] /up
[10/10/2008 00:09] /up
[10/10/2008 00:09] /up
[10/10/2008 00:14] /down
[10/10/2008 00:14] /down
[10/10/2008 00:14] /down
[10/10/2008 00:14] /down
[10/10/2008 00:14] /goto nyne
[10/10/2008 00:14] /down
[10/10/2008 00:14] /down
[10/10/2008 00:14] /down
[10/10/2008 00:14] /down
[10/10/2008 00:14] /down
[10/10/2008 00:16] /newtype 4
[10/10/2008 00:16] /newtype 5
[10/10/2008 00:16] /newtype 6
[10/10/2008 00:16] /newtype 8
[10/10/2008 00:16] /newtype 15
[10/10/2008 00:16] /newtype 20
[10/10/2008 00:16] /newtype 230
[10/10/2008 00:16] /newtype 40
[10/10/2008 00:16] /newtype 50
[10/10/2008 00:16] /newtype 60
[10/10/2008 00:16] /newtype 61
[10/10/2008 00:16] /newtype 62
[10/10/2008 00:16] /newtype 63
[10/10/2008 00:16] /newtype 64
[10/10/2008 00:16] /newtype 65
[10/10/2008 00:16] /newtype 68
[10/10/2008 00:16] /newtype 71
[10/10/2008 00:16] /newtype 72
[10/10/2008 00:16] /newtype 74
[10/10/2008 00:16] /newtype 75
[10/10/2008 00:16] /newtype 76
[10/10/2008 00:17] /newtype 77
[10/10/2008 00:17] /newtype 78
[10/10/2008 00:17] /newtype 79
[10/10/2008 00:17] /newtype 78
[10/10/2008 00:17] /newtype 120
[10/10/2008 00:17] /newtype 122
[10/10/2008 00:17] /newtype 123
[10/10/2008 00:17] /newtype 124
[10/10/2008 00:17] /newtype 122
[10/10/2008 00:17] /newtype 123
[10/10/2008 00:18] /down
[10/10/2008 00:18] /down
[10/10/2008 00:18] /down
[10/10/2008 00:19] /goto kizth
[10/10/2008 00:19] /up
[10/10/2008 00:19] /r
[10/10/2008 00:26] /down
[10/10/2008 00:26] /goto creed revenge
[10/10/2008 00:31] /goto nyne
[10/10/2008 00:31] /up
[10/10/2008 00:49] /goto smoky wake
[10/10/2008 00:52] /town aracura
[10/10/2008 00:54] /goto kizth
[10/10/2008 00:55] /goto smoky wake
[10/10/2008 01:23] /goto smoky wake
[10/10/2008 01:23] /goto morpheu axemaster
[10/10/2008 01:24] /town aracura
[10/10/2008 01:36] /goto sokwzar
[10/10/2008 01:36] /goto lombab
[10/10/2008 01:42] /goto kizth
[10/10/2008 01:43] /goto druid lol
[10/10/2008 01:43] /goto druid lol
[10/10/2008 01:43] /goto druid lol
[10/10/2008 01:43] /goto druid lol
[10/10/2008 01:43] /goto druid lol
[10/10/2008 01:45] /goto sokwzar
[10/10/2008 02:08] /goto kizth
[10/10/2008 12:22] /town quendor
[10/10/2008 12:23] /r
[10/10/2008 12:27] /town aracura
[10/10/2008 14:22] /goto ell malandrito
[10/10/2008 14:22] /goto cainas ramone
[10/10/2008 14:23] /goto dark teidy
[10/10/2008 14:28] /town quendor
[10/10/2008 14:30] /goto mumao spurs
[10/10/2008 14:30] /goto god fawkes
[10/10/2008 14:31] /goto durin
[10/10/2008 14:31] /goto durin
[10/10/2008 14:31] /goto god fawkes
[10/10/2008 14:34] /goto durin
[10/10/2008 14:35] /goto mummao spurs
[10/10/2008 14:35] /goto mumao spurs
[10/10/2008 14:38] /goto insanesound
[10/10/2008 14:38] /up
[10/10/2008 14:38] /down
[10/10/2008 14:38] /goto god fawkes
[10/10/2008 14:40] /goto god fawkes
[10/10/2008 14:41] /goto god fawkes
[10/10/2008 14:43] /goto sokwzar
[10/10/2008 14:44] /goto cainas ramone
[10/10/2008 14:45] /goto mumao spurs
[10/10/2008 14:46] /goto sokwzar
[10/10/2008 14:46] /goto god fawkes
[10/10/2008 14:47] /goto sokwzar
[10/10/2008 14:48] /goto sokwzar
[10/10/2008 14:48] /goto god fawkes
[10/10/2008 14:50] /kick sokwzar
[10/10/2008 14:50] /goto god fawkes
[10/10/2008 14:51] /goto sokwzar
[10/10/2008 14:54] /goto god fawkes
[10/10/2008 14:55] /up
[10/10/2008 14:55] /down
[10/10/2008 14:55] /down
[10/10/2008 14:56] /kick amarichox
[10/10/2008 14:56] /kick amarichox
[10/10/2008 14:56] /kick americhox
[10/10/2008 14:56] /kick americhox
[10/10/2008 14:56] /kick americhox
[10/10/2008 14:56] /kick americhox
[10/10/2008 14:56] /kick americhox
[10/10/2008 14:56] /kick americhox
[10/10/2008 15:55] /goto god fawkes
[10/10/2008 15:55] /goto sokwzar
[10/10/2008 15:58] /goto god fawkes
[10/10/2008 16:01] /goto knight of caos
[10/10/2008 16:02] /goto elder remix
[10/10/2008 16:03] /r
[10/10/2008 16:03] /r
[10/10/2008 16:03] /r
[10/10/2008 16:03] /r
[10/10/2008 16:03] /r
[10/10/2008 16:03] /r
[10/10/2008 16:03] /r
[10/10/2008 16:34] /r
[10/10/2008 16:34] /r
[10/10/2008 16:34] /goto james
[10/10/2008 16:34] /r
[10/10/2008 16:34] /r
[10/10/2008 16:34] /r
[10/10/2008 16:34] /r
[10/10/2008 16:34] /r
[10/10/2008 16:34] /r
[10/10/2008 16:35] /goto karolzita
[10/10/2008 16:35] /town aracura
[10/10/2008 16:35] /up
[10/10/2008 16:35] /up
[10/10/2008 16:36] /down
[10/10/2008 16:36] /goto willian
[10/10/2008 16:36] /goto lower
[10/10/2008 16:37] /goto crash rox
[10/10/2008 17:01] /town quendor
[10/10/2008 17:03] /goto kinhow
[10/10/2008 17:03] /goto mumao spurs
[10/10/2008 17:04] /town quendor
[10/10/2008 17:04] /raid quendor_orshabaal
[10/10/2008 17:06] /goto orshabaal
[10/10/2008 17:07] /goto orshabaal
[10/10/2008 17:07] /goto orshabaal
[10/10/2008 17:07] /goto orshabaal
[10/10/2008 17:07] /goto Orshabaal
[10/10/2008 17:08] /goto Orshabaal
[10/10/2008 17:09] /goto Orshabaal
[10/10/2008 17:10] /goto Orshabaal
[10/10/2008 17:11] /goto Orshabaal
[10/10/2008 17:11] /goto orshabaal
[10/10/2008 17:32] /goto sokwzar
[10/10/2008 17:34] /up
[10/10/2008 17:34] /up
[10/10/2008 22:32] /goto god baracs
[10/10/2008 22:35] /goto kinhow
[10/10/2008 22:35] /goto smoky wake
[10/10/2008 22:35] /goto kinhow
[10/10/2008 22:35] /goto god baracs
[10/10/2008 22:37] /goto cainas ramone
[10/10/2008 22:39] /goto god baracs
[10/10/2008 22:39] /up
[10/10/2008 22:39] /down
[10/10/2008 22:39] /up
[10/10/2008 22:39] /up
[10/10/2008 22:39] /up
[10/10/2008 22:39] /down
[10/10/2008 22:39] /down
[10/10/2008 22:39] /down
[10/10/2008 22:39] /goto kinhow
[10/10/2008 22:41] /goto smoky wake
[10/10/2008 22:41] /r
[10/10/2008 22:41] /r
[10/10/2008 22:41] /r
[10/10/2008 22:42] /goto god baracs
[10/10/2008 22:42] /goto god baracs
[10/10/2008 22:42] /up
[10/10/2008 22:43] /up
[10/10/2008 22:43] /down
[10/10/2008 22:43] /up
[10/10/2008 22:43] /goto megalomiac
[10/10/2008 22:43] /goto megalomaniac
[10/10/2008 22:43] /down
[10/10/2008 22:43] /up
[10/10/2008 22:43] /goto megalomaniac
[10/10/2008 22:43] /down
[10/10/2008 22:44] /goto god baracs
[10/10/2008 22:44] /goto god baracs
[10/10/2008 22:44] /goto god baracs
[10/10/2008 22:44] /goto god baracs
[10/10/2008 22:44] /goto god baracs
[10/10/2008 22:44] /goto god baracs
[11/10/2008 00:33] /goto smoky wake
[11/10/2008 00:33] /town quendor
[13/10/2008 01:43] /goto sokwzar
[13/10/2008 01:44] /town quendor
[13/10/2008 01:47] /town quendor
[13/10/2008 01:47] /town aracura
[13/10/2008 01:52] /goto tales
[13/10/2008 01:52] /r
[13/10/2008 01:53] /goto e nois na fita
[13/10/2008 01:53] /r
[13/10/2008 02:04] /goto marcos gostozo
[13/10/2008 02:10] /goto magezin
[13/10/2008 02:10] /town quendor
[13/10/2008 02:12] /up
[13/10/2008 02:12] /up
[13/10/2008 13:43] /goto sokwzar
[13/10/2008 13:43] /town aracura
[13/10/2008 13:44] /up
[13/10/2008 13:44] /up
[13/10/2008 13:52] /town aracura
[13/10/2008 13:52] /town quendor
[13/10/2008 14:03] /goto sokwzar
[13/10/2008 15:44] /goto sokwzar
[13/10/2008 15:44] /town quendor
[13/10/2008 15:45] /goto anjatt
[13/10/2008 15:54] /goto sokwzar
[13/10/2008 15:58] /goto anjatt
[13/10/2008 15:59] /goto anjatt
[13/10/2008 16:09] /goto danycristininha
[13/10/2008 16:10] /goto god fawkes
[13/10/2008 16:10] /goto god fawkes
[13/10/2008 16:10] /goto god fawkes
[13/10/2008 16:12] /goto god fawkes
[13/10/2008 16:12] /goto cm lancer
[13/10/2008 16:13] /goto anjatt
[13/10/2008 16:13] /goto stafox sllink
[13/10/2008 16:14] /kick stafox sllink
[13/10/2008 16:14] /goto god baracs
[13/10/2008 16:16] /newtype 250
[13/10/2008 16:16] /newtype 267
[13/10/2008 16:17] /newtype 266
[13/10/2008 16:26] /goto god fawkes
[13/10/2008 16:28] /goto cm lancer
[13/10/2008 16:34] /goto god fawkes
[13/10/2008 16:35] /town quendor
[13/10/2008 16:36] /newtype 266
[13/10/2008 16:38] /goto Sky Ciiziita
[13/10/2008 16:39] /goto Sky  Ciiziita
[13/10/2008 16:39] /goto Sky   Ciiziita
[13/10/2008 16:39] /goto Sky   Ciiziita      
[13/10/2008 16:39] /goto Sky   Ciiziita     
[13/10/2008 16:39] /goto cm lance
[13/10/2008 16:40] /town quendor
[13/10/2008 16:40] /goto Orshabaal
[13/10/2008 16:43] /goto orshaabaal
[13/10/2008 16:43] /goto orshabaal
[13/10/2008 16:45] /r
[13/10/2008 16:45] /r
[13/10/2008 16:45] /r
[13/10/2008 16:46] /goto cm lancer
[13/10/2008 16:48] /goto kinhow
[13/10/2008 17:13] /town quendor
[13/10/2008 17:20] /goto lower
[13/10/2008 17:20] /town racura
[13/10/2008 17:20] /town aracura
[13/10/2008 17:23] /goto smoky wake
[13/10/2008 17:26] /town quendor
[13/10/2008 17:28] /town aracura
[13/10/2008 17:30] /goto Eternal Uchiha
[13/10/2008 17:30] /down
[13/10/2008 17:30] /up
[13/10/2008 17:30] /up
[13/10/2008 17:31] /up
[13/10/2008 17:31] /down
[13/10/2008 17:31] /up
[13/10/2008 17:32] /kick chaosruller
[13/10/2008 17:34] /goto god fawkes
[13/10/2008 17:44] /goto eternal uchiha
[13/10/2008 17:46] /up
[13/10/2008 18:01] /town quendor
[13/10/2008 18:02] /up
[13/10/2008 18:02] /up
[13/10/2008 18:02] /up
[13/10/2008 18:32] /goto smoky wake
[13/10/2008 18:32] /goto timotio
[13/10/2008 18:32] /up
[13/10/2008 18:32] /up
[13/10/2008 18:36] /goto stand up
[13/10/2008 18:36] /town quendor
[13/10/2008 18:37] /up
[13/10/2008 18:37] /up
[13/10/2008 23:21] /goto kinhow
[13/10/2008 23:21] /goto god fawkes
[13/10/2008 23:21] /goto stafox sllink
[13/10/2008 23:30] /goto god fawkes
[13/10/2008 23:32] /goto god fawkes
[13/10/2008 23:32] /town quendor
[13/10/2008 23:34] /goto the new window
[13/10/2008 23:34] /goto god fawkes
[14/10/2008 00:09] /goto god fawkes
[14/10/2008 00:09] /goto kinhow
[14/10/2008 00:10] /goto lower
[14/10/2008 00:12] /up
[14/10/2008 00:12] /up
[14/10/2008 00:13] /down
[14/10/2008 00:13] /down
[14/10/2008 13:14] /town quendor
[14/10/2008 13:24] /kick minska
[14/10/2008 13:24] /goto minska
[14/10/2008 16:45] /goto god fawkes
[14/10/2008 16:49] /goto elwix ilux
[14/10/2008 16:50] /goto smoky wake
[14/10/2008 16:51] /up
[14/10/2008 16:51] /down
[14/10/2008 16:51] /up
[14/10/2008 16:51] /down
[14/10/2008 16:51] /up
[14/10/2008 16:51] /down
[14/10/2008 16:52] /town thorn
[14/10/2008 16:52] /town aracura
[14/10/2008 16:55] /goto rascal
[14/10/2008 16:56] /kick kiilmes
[14/10/2008 16:56] /kick rascal
[14/10/2008 16:57] /goto god fawkes
[14/10/2008 16:58] /newtype 25
[14/10/2008 17:02] /goto god fawkes
[14/10/2008 17:02] /goto god fawkes
[14/10/2008 17:02] /goto god fawkes
[14/10/2008 17:02] /goto god fawkes
[14/10/2008 17:02] /goto god fawkes
[14/10/2008 17:03] /goto god fawkes
[14/10/2008 17:03] /newtype 45
[14/10/2008 17:03] /newtype 46
[14/10/2008 17:03] /goto god fawkes
[14/10/2008 17:04] /goto god fawkes
[14/10/2008 17:05] /up
[14/10/2008 17:05] /down
[14/10/2008 17:05] /goto god fawkes
[14/10/2008 17:06] /newtype 66
[14/10/2008 17:06] /newtype 65
[14/10/2008 17:07] /goto god fawkes
[14/10/2008 17:08] /goto god fawkes
[14/10/2008 17:08] /goto god fawkes
[14/10/2008 17:12] /goto god fawkes
[14/10/2008 17:12] /goto god fawkes
[14/10/2008 17:12] /goto god fawkes
[14/10/2008 17:12] /goto god fawkes
[14/10/2008 17:12] /town aracura
[14/10/2008 17:13] /town quendor
[14/10/2008 17:14] /newtype 21
[14/10/2008 17:14] /newtype 22
[14/10/2008 17:14] /newtype 23
[14/10/2008 17:14] /newtype 24
[14/10/2008 17:14] /newtype 25
[14/10/2008 17:14] /newtype 26
[14/10/2008 17:14] /newtype 27
[14/10/2008 17:14] /newtype 28
[14/10/2008 17:14] /goto god fawkes
[14/10/2008 17:15] /goto rascal
[14/10/2008 17:16] /goto god fwakes
[14/10/2008 17:16] /goto god fwakes
[14/10/2008 17:16] /goto sherlockz 
[14/10/2008 17:16] /goto rascal
[14/10/2008 17:53] /town quendor
[14/10/2008 17:53] /down
[14/10/2008 17:54] /down
[14/10/2008 17:54] /up
[14/10/2008 17:55] /goto rascal
[14/10/2008 18:03] /goto rscal
[14/10/2008 18:03] /goto rascal
[14/10/2008 18:04] /up
[14/10/2008 18:04] /up
[14/10/2008 18:04] /up
[14/10/2008 18:04] /up
[14/10/2008 18:05] /up
[14/10/2008 18:07] /up
[14/10/2008 18:07] /up
[14/10/2008 18:49] /goto minska
[14/10/2008 18:49] /town quendor
[14/10/2008 19:12] /goto misnka
[14/10/2008 19:12] /goto minska
[14/10/2008 19:12] /r
[14/10/2008 19:17] /up
[14/10/2008 19:17] /r
[14/10/2008 19:17] /down
[14/10/2008 19:17] /up
[14/10/2008 19:17] /r
[14/10/2008 19:17] /down
[14/10/2008 19:17] /town quendor
[14/10/2008 19:18] /goto kizth
[14/10/2008 19:18] /goto kizth
[14/10/2008 19:18] /goto kizth
[14/10/2008 19:18] /goto sweety fox
[14/10/2008 19:21] /town quendor
[14/10/2008 23:28] /kick kasokas
[15/10/2008 00:04] /goto kizth
[15/10/2008 00:04] /goto stylle
[15/10/2008 00:04] /goto smoky wake
[15/10/2008 00:05] /town quendor
[15/10/2008 00:58] /goto sokwzar
[15/10/2008 00:59] /town quendor
[15/10/2008 01:00] /up
[15/10/2008 01:00] /up
[15/10/2008 02:23] /goto god fawkes
[15/10/2008 13:13] /town quendor
[15/10/2008 13:14] /goto supremo knight hero
[15/10/2008 13:14] /town thorn]
[15/10/2008 13:14] /town thorn
[15/10/2008 13:15] /up
[15/10/2008 13:19] /goto god fawkes
[15/10/2008 13:22] /goto smoky wake
[15/10/2008 13:23] /town quendor
[15/10/2008 13:23] /goto lors
[15/10/2008 13:25] /goto ladyy gatona druid
[15/10/2008 13:25] /goto lors
[15/10/2008 13:25] /goto god fawkes
[15/10/2008 13:27] /town quendor
[15/10/2008 13:35] /goto tree
[15/10/2008 13:39] /goto god fawkes
[15/10/2008 13:39] /up
[15/10/2008 13:39] /down
[15/10/2008 13:39] /up
[15/10/2008 13:40] /goto andy knight
[15/10/2008 13:44] /goto ghazbaran de rookgaard
[15/10/2008 13:45] /goto god fawkes
[15/10/2008 13:45] /goto ancient tree
[15/10/2008 13:46] /town thorn
[15/10/2008 13:47] /goto ferumbras de rookgaard
[15/10/2008 13:48] /town quendor
[15/10/2008 13:49] /goto andy knight
[15/10/2008 13:49] /town quendor
[15/10/2008 13:52] /goto the window
[15/10/2008 13:54] /town thorn
[15/10/2008 13:54] /r
[15/10/2008 13:54] /r
[15/10/2008 13:54] /r
[15/10/2008 13:54] /r
[15/10/2008 13:55] /r
[15/10/2008 13:55] /r
[15/10/2008 13:55] /r
[15/10/2008 13:55] /r
[15/10/2008 13:55] /town quendor
[15/10/2008 13:55] /goto killer Ivp
[15/10/2008 13:56] /town quendor
[15/10/2008 13:57] /goto Hamurabi
[15/10/2008 14:03] /goto andy knight
[15/10/2008 14:51] /goto kizth
[15/10/2008 14:56] /goto god fawkes
[15/10/2008 14:57] /goto god fawkes
[15/10/2008 14:58] /goto vitinho bolado
[15/10/2008 14:58] /goto andy knight
[15/10/2008 15:00] /goto kinhow
[15/10/2008 15:07] /goto anjatt
[15/10/2008 15:09] /goto god fawkes
[15/10/2008 15:09] /goto god fawkes
[15/10/2008 15:51] /goto andy knight
[15/10/2008 16:05] /goto andy knight
[15/10/2008 16:05] /goto kizth
[15/10/2008 16:06] /goto dark teidy
[15/10/2008 16:06] /goto dark teidy
[15/10/2008 16:06] /goto dark teidy
[15/10/2008 16:06] /goto dark teidy
[15/10/2008 16:07] /goto dark teidy
[15/10/2008 16:07] /goto dark teidy
[15/10/2008 16:07] /goto dark teidy
[15/10/2008 16:07] /goto dark teidy
[15/10/2008 16:08] /up
[15/10/2008 16:09] /up
[15/10/2008 16:09] /down
[15/10/2008 16:16] /r
[15/10/2008 16:16] /r
[15/10/2008 16:16] /r
[15/10/2008 17:05] /goto sokwzar
[15/10/2008 17:05] /down
[15/10/2008 17:08] /goto Lyderck
[15/10/2008 17:10] /goto god fawkes
[15/10/2008 17:16] /goto god fawkes
[15/10/2008 17:16] /goto god fawkes
[15/10/2008 17:18] /goto god fawkes
[15/10/2008 17:18] /goto god fawkes
[15/10/2008 17:18] /goto karebanu
[15/10/2008 17:20] /goto GaldFord
[15/10/2008 17:22] /goto god fawkes
[15/10/2008 17:22] /goto god fawkes
[15/10/2008 17:22] /goto god fawkes
[15/10/2008 17:23] /goto god fawkes
[15/10/2008 17:23] /goto god fawkes
[15/10/2008 17:30] /goto god fawkes
[15/10/2008 17:30] /goto god fawkes
[15/10/2008 17:31] /town quendor
[15/10/2008 17:33] /goto smoky wake
[15/10/2008 17:34] /town quendor
[15/10/2008 17:34] /goto god fawkes
[15/10/2008 17:37] /goto god fawkes
[15/10/2008 17:38] /goto god fawkes
[15/10/2008 17:42] /goto god fawkes
[15/10/2008 17:48] /goto god fawkes
[15/10/2008 17:48] /kick mumao spurs
[15/10/2008 17:57] /goto god fawkes
[16/10/2008 01:18] /goto god fawkes
[16/10/2008 01:18] /goto kizth
[16/10/2008 01:26] /town northshare
[16/10/2008 01:27] /goto  northrend
[16/10/2008 01:27] /town northrend
[16/10/2008 01:28] /up
[16/10/2008 01:28] /up
[16/10/2008 01:29] /goto god fawkes
[16/10/2008 01:44] /up
[16/10/2008 01:46] /unban Bob Frodo
[16/10/2008 01:46] /unban Gi sorccerer
[16/10/2008 01:48] /town northshare
[16/10/2008 01:48] /town northrend
[16/10/2008 01:48] /up
[16/10/2008 01:48] /down
[16/10/2008 01:48] /up
[16/10/2008 01:48] /goto kizth
[16/10/2008 13:03] /goto andy knight
[16/10/2008 13:09] /goto Supremo knight hero
[16/10/2008 13:24] /goto andy knight
[16/10/2008 14:58] /goto kinhow
[16/10/2008 15:08] /town quendor
[16/10/2008 15:18] /goto stafox sllink
[16/10/2008 15:21] /goto smoky wake
[16/10/2008 15:21] /goto aluadu
[16/10/2008 15:21] /town quendor
[16/10/2008 15:54] /goto god baracs
[16/10/2008 15:54] /newtype 266
[16/10/2008 15:56] /kick Dohko Fine
[16/10/2008 15:57] /goto stafox sllink
[16/10/2008 15:57] /goto god fawkes
[16/10/2008 16:00] /goto god fawkes
[16/10/2008 16:00] /goto god fawkes
[16/10/2008 16:02] /goto god fawkes
[16/10/2008 16:04] /goto genti fina
[16/10/2008 16:05] /goto god fawkes
[16/10/2008 16:09] /r
[16/10/2008 16:20] /goto hard fox
[16/10/2008 16:20] /up
[16/10/2008 17:21] /r
[16/10/2008 23:37] /goto cm bowaroz
[16/10/2008 23:37] /goto Smoky Wake
[16/10/2008 23:37] /goto stafox sllink
[16/10/2008 23:37] /goto kinhow
[16/10/2008 23:38] /goto stafox sllink
[16/10/2008 23:38] /goto stafox sllink
[16/10/2008 23:38] /goto stafox sllink
[16/10/2008 23:39] /up
[16/10/2008 23:41] /goto stafox sllink
[16/10/2008 23:41] /goto stafox sllink
[16/10/2008 23:41] /down
[16/10/2008 23:41] /up
[16/10/2008 23:43] /r
[16/10/2008 23:44] /r
[16/10/2008 23:44] /r
[16/10/2008 23:44] /r
[16/10/2008 23:44] /r
[16/10/2008 23:44] /r
[16/10/2008 23:44] /down
[16/10/2008 23:44] /down
[16/10/2008 23:44] /down
[16/10/2008 23:44] /goto kizth
[16/10/2008 23:48] /up
[16/10/2008 23:48] /up
[17/10/2008 00:06] /town quendor
[17/10/2008 00:08] /goto god fawkes
[17/10/2008 00:08] /goto sokwzar
[17/10/2008 00:10] /goto god fawkes
[17/10/2008 00:24] /goto cm bowaroz
[17/10/2008 00:27] /goto cm bowaroz
[17/10/2008 00:31] /newtype 266
[17/10/2008 00:31] /newtype 67
[17/10/2008 00:31] /newtype 77
[17/10/2008 00:31] /newtype 78
[17/10/2008 00:37] /goto god fawkes
[17/10/2008 00:37] /newtype 266
[17/10/2008 01:40] /goto sokwzar
[17/10/2008 01:40] /goto Skary Fark
[20/10/2008 15:57] /goto Skary Fark
[20/10/2008 15:57] /up
[20/10/2008 15:57] /town quendor
[20/10/2008 15:57] /up
[20/10/2008 15:57] /up
[21/10/2008 13:01] /goto human killer
[21/10/2008 13:03] /goto stafox sllink
[21/10/2008 13:03] /goto andy knight
[21/10/2008 13:41] /goto stafox sllink
[21/10/2008 13:42] /goto ancient nature
[21/10/2008 13:43] /r
[21/10/2008 13:43] /r
[21/10/2008 13:43] /kick sky wallker
[21/10/2008 13:55] /town quendor
[21/10/2008 13:56] /up
[21/10/2008 13:56] /up
[21/10/2008 14:01] /goto god fawkes
[21/10/2008 14:08] /goto tashi aharon
[21/10/2008 14:08] /goto tashi aharon
[21/10/2008 14:08] /goto thasi aharon
[22/10/2008 14:10] /goto Champynhonn
[22/10/2008 14:11] /town aracura
[22/10/2008 14:11] /down
[22/10/2008 14:11] /down
[22/10/2008 14:11] /down
[22/10/2008 14:11] /down
[22/10/2008 14:11] /down
[22/10/2008 14:12] /r
[22/10/2008 14:12] /r
[22/10/2008 14:18] /town quendor
[22/10/2008 14:20] /up
[22/10/2008 14:20] /up
[22/10/2008 14:23] /goto god fawkes
[22/10/2008 14:27] /up
[22/10/2008 14:27] /up
[22/10/2008 15:21] /info Setz Lawl
[22/10/2008 15:23] /info Setz Lawl
[22/10/2008 15:23] /info Setz Lawl
[22/10/2008 15:24] /goto god fawkes
[22/10/2008 15:24] /goto god fawkes
[22/10/2008 15:25] /goto god fawkes
[22/10/2008 15:26] /info GOD Fawkes
[22/10/2008 15:26] /info Lady favorita
[22/10/2008 15:38] /town quendor
[22/10/2008 15:38] /up
[22/10/2008 15:38] /up
[23/10/2008 11:04] /down
[23/10/2008 11:04] /down
[23/10/2008 11:17] /up
[23/10/2008 11:17] /up
[23/10/2008 11:29] /goto slash
[23/10/2008 11:30] /goto lower
[23/10/2008 11:31] /town
[23/10/2008 11:31] /town aracura
[23/10/2008 11:31] /up
[23/10/2008 11:52] /goto stafox sllink
[23/10/2008 11:53] /goto maziajkp
[23/10/2008 11:55] /town quendor
[23/10/2008 11:55] /up
[23/10/2008 11:55] /down
[23/10/2008 11:55] /up
[23/10/2008 11:55] /down
[23/10/2008 11:55] /up
[23/10/2008 11:55] /down
[23/10/2008 12:06] /up
[23/10/2008 12:09] /down
[23/10/2008 12:09] /down
[23/10/2008 12:34] /kick Minska
[23/10/2008 12:37] /goto ty boy
[23/10/2008 12:37] /goto ty boy 
[23/10/2008 12:37] /goto ty boy  
[23/10/2008 12:37] /goto tp boy
[23/10/2008 12:43] /town quendor
[23/10/2008 12:55] /town aracura
[23/10/2008 12:55] /unban pockemon
[23/10/2008 12:55] /goto slash
[23/10/2008 12:56] /town aracura
[23/10/2008 12:57] /r
[23/10/2008 13:04] /unban PODEROSO PALADIN
[23/10/2008 13:05] /goto slash
[23/10/2008 14:37] /town quendor
[23/10/2008 14:38] /up
[23/10/2008 14:38] /up
[23/10/2008 14:40] /down
[23/10/2008 14:40] /r
[23/10/2008 14:40] /up
[23/10/2008 14:40] /up
[23/10/2008 14:42] /down
[23/10/2008 14:42] /down
[23/10/2008 14:43] /kick LpC BusKpOtEh
[23/10/2008 14:43] /up
[23/10/2008 14:52] /goto Junior Tadu
[23/10/2008 14:52] /town quendor
[23/10/2008 14:52] /up
[23/10/2008 14:53] /up
[23/10/2008 15:12] /goto elite daimouzx
[23/10/2008 15:12] /goto top club
[23/10/2008 15:13] /goto lord impacto
[23/10/2008 15:13] /up
[23/10/2008 15:13] /up
[23/10/2008 15:15] /kick heloysa
[23/10/2008 15:40] /goto god fawkes
[23/10/2008 15:58] /goto ramus
[23/10/2008 16:01] /kick ramus
[23/10/2008 16:01] /kick ramus
[23/10/2008 16:01] /kick lower
[23/10/2008 16:01] /kick oalx
[23/10/2008 16:02] /goto relentless
[23/10/2008 16:02] /town quendor
[23/10/2008 16:03] /goto heloysa
[23/10/2008 16:03] /town quendor
[23/10/2008 16:04] /up
[23/10/2008 16:04] /up
[23/10/2008 16:04] /down
[23/10/2008 16:04] /down
