[03/10/2008 19:31] /t
[03/10/2008 19:38] /town quendor
[03/10/2008 19:39] /town aracura
[03/10/2008 19:39] /b
[03/10/2008 19:39] /b :D
[03/10/2008 19:40] /goto rascal
[03/10/2008 19:40] /goto rascau
[03/10/2008 19:43] /goto Barmy Glingo
[03/10/2008 19:43] /goto mama qi
[03/10/2008 19:43] /goto mamma qi
[03/10/2008 19:43] /goto mamma qi
[03/10/2008 19:43] /t
[03/10/2008 19:46] /goto rascal
[03/10/2008 19:48] /down
[03/10/2008 19:52] /t
[03/10/2008 20:07] /goto rascal
[03/10/2008 20:07] /t
[03/10/2008 20:07] /newtype 266
[03/10/2008 20:07] /newtype 267
[03/10/2008 20:07] /goto rascal
[03/10/2008 20:08] /newtype 275
[03/10/2008 20:08] /newtype 266
[03/10/2008 20:08] /newtype 288
[03/10/2008 20:08] /newtype 260
[03/10/2008 20:09] /newtype 261
[03/10/2008 20:09] /newtype 259
[03/10/2008 20:09] /newtype 258
[03/10/2008 20:09] /newtype 257
[03/10/2008 20:09] /newtype 256
[03/10/2008 20:09] /newtype 255
[03/10/2008 20:09] /newtype 254
[03/10/2008 20:09] /newtype 253
[03/10/2008 20:09] /newtype 252
[03/10/2008 20:09] /newtype 251
[03/10/2008 20:09] /newtype 250
[03/10/2008 20:10] /goto pessine knight
[03/10/2008 20:11] /t
[03/10/2008 20:11] /goto rascal
[03/10/2008 20:11] /goto destroyer
[03/10/2008 20:13] /t
[03/10/2008 20:13] /t
[03/10/2008 20:13] /goto rascal
[03/10/2008 20:15] /goto mestre linguissa
[03/10/2008 20:21] /goto rascal
[03/10/2008 20:22] /up
[03/10/2008 20:22] /up
[03/10/2008 20:23] /up
[03/10/2008 20:24] /goto rascal
[03/10/2008 20:28] /goto rascal
[03/10/2008 20:28] /goto rascal
[03/10/2008 20:28] /goto rascal
[03/10/2008 20:29] /up
[03/10/2008 20:32] /goto rascal
[03/10/2008 20:49] /goto rascal
[03/10/2008 20:50] /town aracura
[03/10/2008 20:57] /goto rascal
[03/10/2008 20:57] /goto rascal
[03/10/2008 21:04] /goto rascal
[03/10/2008 21:07] /goto demon
[03/10/2008 21:07] /goto fire elemental
[03/10/2008 21:07] /t
[03/10/2008 21:07] /goto richard
[03/10/2008 21:07] /goto richard
[03/10/2008 21:08] /goto richard
[03/10/2008 21:08] /goto richard
[03/10/2008 21:08] /goto richard
[03/10/2008 21:08] /goto richard
[03/10/2008 21:08] /goto richard
[03/10/2008 21:08] /goto richard
[03/10/2008 21:08] /goto richard
[03/10/2008 21:08] /goto last dead
[03/10/2008 21:08] /goto felilol
[03/10/2008 21:09] /t
[03/10/2008 21:24] /goto destroyer
[03/10/2008 21:24] /goto juggernaut
[03/10/2008 21:25] /goto morgaroth
[03/10/2008 21:25] /goto hero
[03/10/2008 21:25] /goto god fawkes
[03/10/2008 21:26] /newtype 267
[03/10/2008 21:26] /goto rascal
[03/10/2008 21:27] /goto rascal
[03/10/2008 21:27] /goto rascal
[03/10/2008 21:27] /goto rascal
[03/10/2008 21:27] /goto rascal
[03/10/2008 21:27] /goto rascal
[03/10/2008 21:27] /goto rascal
[03/10/2008 21:27] /goto rascal
[03/10/2008 21:27] /goto rascal
[03/10/2008 21:27] /goto god fawkes
[03/10/2008 21:27] /goto god fawkes
[03/10/2008 21:27] /goto god fawkes
[03/10/2008 21:27] /goto god fawkes
[03/10/2008 21:27] /goto god fawkes
[03/10/2008 21:27] /goto god fawkes
[03/10/2008 21:27] /goto god fawkes
[03/10/2008 21:27] /goto god fawkes
[03/10/2008 21:27] /goto god fawkes
[03/10/2008 21:27] /goto god fawkes
[03/10/2008 21:27] /goto god fawkes
[03/10/2008 21:27] /goto god fawkes
[03/10/2008 21:27] /goto god fawkes
[03/10/2008 21:27] /goto god fawkes
[03/10/2008 21:27] /goto god fawkes
[03/10/2008 21:27] /goto god fawkes
[03/10/2008 21:27] /goto god fawkes
[03/10/2008 21:27] /goto god fawkes
[03/10/2008 21:27] /kick god fawkes
[03/10/2008 21:29] /raid
[04/10/2008 10:06] /goto demon
[04/10/2008 10:23] /goto rascal
[04/10/2008 10:24] /goto hell sher
[04/10/2008 10:24] /goto frost dragon
[04/10/2008 10:24] /up
[04/10/2008 10:24] /up
[04/10/2008 10:30] /up
[04/10/2008 10:31] /newtype 250
[04/10/2008 10:45] /t
[04/10/2008 11:27] /goto Liickz
[04/10/2008 11:28] /goto justicer mdo
[04/10/2008 11:46] /goto rascal
[04/10/2008 15:33] /goto rascal
[04/10/2008 15:47] /goto behemoth
[04/10/2008 15:49] /goto rascal
[04/10/2008 15:57] /goto rascal
[04/10/2008 15:57] /goto rascal
[04/10/2008 15:58] /goto rascal
[04/10/2008 20:06] /goto rascal
[04/10/2008 20:06] /t
[04/10/2008 20:07] /t
[17/10/2008 20:00] /goto slash
[17/10/2008 20:08] /kick
[17/10/2008 20:08] /kick cm lynus blan
