[13/10/2008 16:10] /goto cm jackson zani
[13/10/2008 16:10] /goto cm jackson zani
[13/10/2008 16:11] /goto cm jackson zani
[13/10/2008 16:12] /up
[13/10/2008 16:13] /goto cm jackson zani
[13/10/2008 16:14] /goto cm jackson zani
[13/10/2008 16:16] /newtype 266
[13/10/2008 16:17] /newtype 289
[13/10/2008 16:17] /newtype 287
[13/10/2008 16:24] /down
[13/10/2008 16:25] /down
[13/10/2008 16:35] /goto cm jackson zani
[13/10/2008 16:35] /goto cm jackson zani
[13/10/2008 16:36] /goto orshabaal
[13/10/2008 16:37] /goto orshabaal
[13/10/2008 16:43] /goto orshabaal
[13/10/2008 16:43] /goto cm jackson zani
[13/10/2008 16:45] /goto orshabaal
[13/10/2008 16:45] /goto orshabaal
[13/10/2008 16:45] /goto orshabaal
[13/10/2008 16:48] /goto cm jackson zani
[13/10/2008 16:51] /t
[20/10/2008 20:28] /goto Lari
[20/10/2008 20:30] /goto lari
[20/10/2008 20:32] /goto lari
[20/10/2008 20:32] /r
[20/10/2008 20:34] /t
[20/10/2008 20:35] /info
[20/10/2008 20:35] /owner
[20/10/2008 20:35] /info senhor das trevas
[20/10/2008 20:35] /info senhor das treva
[20/10/2008 20:35] /info lari
