[02/10/2008 21:02] /goto god fawkes
[02/10/2008 21:04] /a 2
[02/10/2008 21:04] /a 1
[02/10/2008 21:07] /town quendor
[03/10/2008 00:52] /goto god fawkes
[03/10/2008 00:54] /goto Minska
[03/10/2008 20:17] /goto god fawkes
[03/10/2008 20:17] /a 2
[03/10/2008 20:17] /a 2
[03/10/2008 20:18] /a 1
[03/10/2008 20:20] /goto god fawkes
[03/10/2008 20:26] /goto god fawkes
[03/10/2008 20:31] /goto god fawkes
[03/10/2008 20:34] /newtype 22
[03/10/2008 20:35] /newtype 11
[03/10/2008 20:35] /newtype 12
[03/10/2008 20:35] /newtype 13
[03/10/2008 20:36] /newtype 30
[03/10/2008 20:36] /newtype 33
[03/10/2008 20:36] /newtype 34
[03/10/2008 20:36] /newtype 35
[03/10/2008 20:36] /newtype 36
[03/10/2008 20:36] /newtype 36
[03/10/2008 20:36] /newtype 37
[03/10/2008 20:36] /newtype 38
[03/10/2008 20:36] /newtype 38
[03/10/2008 20:36] /newtype 39
[03/10/2008 20:37] /goto cm lynus blan
[03/10/2008 20:38] /newtype 1
[03/10/2008 20:38] /newtype 2
[03/10/2008 20:38] /newtype 3
[03/10/2008 20:38] /newtype 90
[03/10/2008 20:38] /newtype 88
[03/10/2008 20:38] /newtype 82
[03/10/2008 20:39] /newtype 67
[03/10/2008 20:39] /goto god fawkes
[03/10/2008 20:40] /goto imperator
[03/10/2008 20:40] /t
[03/10/2008 20:40] /town quendor
[03/10/2008 20:40] /c imperator
[03/10/2008 20:40] /goto god fawkes
[03/10/2008 20:43] /goto dohko fine
[03/10/2008 20:57] /goto god fawkes
[03/10/2008 21:04] /goto god fawkes
[03/10/2008 21:04] /a 20
[03/10/2008 21:04] /a 
[03/10/2008 21:04] /a 2
[03/10/2008 21:15] /a 2
[03/10/2008 21:15] /a 2
[03/10/2008 21:15] /goto god fawkes
[03/10/2008 21:18] /a 1
[03/10/2008 21:21] /a 2
[03/10/2008 21:24] /goto god fawkes
[03/10/2008 21:26] /newtype 277
[03/10/2008 21:30] /a 20
[03/10/2008 21:30] /a 20
[03/10/2008 21:30] /a 20
[03/10/2008 21:30] /a 20
[03/10/2008 21:30] /r
[03/10/2008 21:30] /r
[03/10/2008 21:30] /r
[03/10/2008 21:30] /r
[03/10/2008 21:30] /r
[03/10/2008 21:30] /r
[03/10/2008 21:30] /r
[03/10/2008 21:30] /r
[03/10/2008 21:30] /r
[03/10/2008 21:30] /r
[03/10/2008 21:30] /r
[03/10/2008 21:30] /r
[03/10/2008 21:30] /r
[03/10/2008 21:30] /r
[03/10/2008 21:30] /r
[03/10/2008 21:30] /r
[03/10/2008 21:30] /r
[03/10/2008 21:30] /r
[03/10/2008 21:30] /r
[03/10/2008 21:30] /r
[03/10/2008 21:30] /r
[03/10/2008 21:30] /r
[03/10/2008 21:30] /r
[03/10/2008 21:30] /r
[03/10/2008 21:30] /r
[03/10/2008 21:30] /r
[03/10/2008 21:30] /r
[03/10/2008 21:30] /r
[03/10/2008 21:30] /r
[03/10/2008 21:30] /r
[03/10/2008 21:30] /r
[03/10/2008 21:30] /r
[03/10/2008 21:30] /r
[03/10/2008 21:30] /r
[03/10/2008 21:30] /r
[03/10/2008 21:30] /r
[03/10/2008 21:30] /r
[03/10/2008 21:30] /r
[03/10/2008 21:30] /r
[03/10/2008 21:30] /r
[03/10/2008 21:30] /r
[03/10/2008 21:30] /r
[03/10/2008 21:30] /r
[03/10/2008 21:30] /r
[03/10/2008 21:30] /r
[03/10/2008 21:30] /r
[03/10/2008 21:30] /r
[03/10/2008 21:30] /r
[03/10/2008 21:30] /r
[03/10/2008 21:30] /r
[03/10/2008 21:30] /r
[03/10/2008 21:30] /r
[03/10/2008 21:30] /r
[03/10/2008 21:30] /r
[03/10/2008 21:30] /r
[03/10/2008 21:30] /r
[03/10/2008 21:30] /r
[03/10/2008 21:30] /r
[03/10/2008 21:30] /r
[03/10/2008 21:30] /r
[03/10/2008 21:30] /r
[03/10/2008 21:30] /r
[03/10/2008 21:30] /r
[03/10/2008 21:30] /r
[03/10/2008 21:30] /r
[03/10/2008 21:30] /r
[03/10/2008 21:30] /r
[03/10/2008 21:30] /i 4552 1
[03/10/2008 21:30] /r
[03/10/2008 21:30] /r
[03/10/2008 21:30] /i 4552 1
[03/10/2008 21:30] /i 4545 1
[03/10/2008 21:30] /r
[03/10/2008 21:30] /r
[03/10/2008 21:30] /r
[03/10/2008 21:30] /r
[03/10/2008 21:30] /r
[03/10/2008 21:30] /r
[03/10/2008 21:30] /r
[03/10/2008 21:30] /r
[03/10/2008 21:30] /r
[03/10/2008 21:30] /r
[03/10/2008 21:30] /r
[03/10/2008 21:30] /r
[03/10/2008 21:30] /r
[03/10/2008 21:30] /r
[03/10/2008 21:30] /r
[03/10/2008 21:30] /r
[03/10/2008 21:30] /r
[03/10/2008 21:30] /r
[03/10/2008 21:30] /r
[03/10/2008 21:30] /r
[03/10/2008 21:30] /r
[03/10/2008 21:30] /r
[03/10/2008 21:30] /r
[03/10/2008 21:30] /r
[03/10/2008 21:30] /r
[03/10/2008 21:30] /r
[03/10/2008 21:30] /r
[03/10/2008 21:30] /r
[03/10/2008 21:30] /r
[03/10/2008 21:31] /r
[03/10/2008 21:31] /r
[03/10/2008 21:31] /r
[03/10/2008 21:31] /r
[03/10/2008 21:31] /r
[03/10/2008 21:31] /r
[03/10/2008 21:31] /r
[03/10/2008 21:31] /r
[03/10/2008 21:31] /r
[03/10/2008 21:31] /r
[03/10/2008 21:31] /r
[03/10/2008 21:31] /r
[03/10/2008 21:31] /r
[03/10/2008 21:31] /r
[03/10/2008 21:31] /r
[03/10/2008 21:31] /r
[03/10/2008 21:31] /r
[03/10/2008 21:31] /r
[03/10/2008 21:31] /r
[03/10/2008 21:31] /r
[03/10/2008 21:31] /r
[03/10/2008 21:31] /r
[03/10/2008 21:31] /i 4552 1
[03/10/2008 21:31] /i 1284 1
[03/10/2008 21:31] /i 1284 1
[03/10/2008 21:31] /i 1284 1
[03/10/2008 21:31] /r
[03/10/2008 21:31] /r
[03/10/2008 21:32] /i 1429 1
[03/10/2008 21:32] /i 1429 1
[03/10/2008 21:32] /r
[03/10/2008 21:32] /r
[03/10/2008 21:32] /r
[03/10/2008 21:32] /r
[03/10/2008 21:32] /r
[03/10/2008 21:32] /r
[03/10/2008 21:32] /r
[03/10/2008 21:32] /r
[03/10/2008 21:32] /r
[03/10/2008 21:32] /r
[03/10/2008 21:32] /r
[03/10/2008 21:32] /r
[03/10/2008 21:32] /r
[03/10/2008 21:32] /r
[03/10/2008 21:32] /r
[03/10/2008 21:32] /r
[03/10/2008 21:32] /r
[03/10/2008 21:32] /r
[03/10/2008 21:33] /r
[03/10/2008 21:33] /r
[03/10/2008 21:33] /r
[03/10/2008 21:33] /r
[03/10/2008 21:33] /r
[03/10/2008 21:33] /r
[03/10/2008 21:33] /r
[03/10/2008 21:33] /r
[03/10/2008 21:33] /r
[03/10/2008 21:33] /r
[03/10/2008 21:33] /r
[03/10/2008 21:33] /r
[03/10/2008 21:33] /r
[03/10/2008 21:33] /r
[03/10/2008 21:33] /r
[03/10/2008 21:33] /r
[03/10/2008 21:33] /r
[03/10/2008 21:33] /goto god fawkes
[03/10/2008 21:33] /goto dohko fine
[03/10/2008 21:33] /goto  lower
[03/10/2008 21:34] /goto lower
[03/10/2008 21:34] /goto lower
[03/10/2008 21:34] /goto lower
[03/10/2008 21:34] /goto lower
[03/10/2008 21:34] /goto lower
[03/10/2008 21:35] /up
[03/10/2008 21:35] /a 2
[03/10/2008 21:35] /a 2
[03/10/2008 21:35] /a 2
[04/10/2008 18:41] /a 19
[04/10/2008 18:41] /a 19
[04/10/2008 18:41] /a 20
[04/10/2008 18:41] /a 10
[05/10/2008 15:22] /t
[05/10/2008 16:28] /a 2
[05/10/2008 16:32] /goto god fawkes
[05/10/2008 16:39] /a 10
[05/10/2008 16:41] /a 1
[06/10/2008 21:28] /goto god fawkes
[06/10/2008 21:31] /goto god fawkes
[06/10/2008 21:31] /goto god fawkes
[06/10/2008 21:31] /i scythe 1
[06/10/2008 21:31] /n scythe 1
[06/10/2008 21:32] /n scythe 1
[06/10/2008 21:32] /m pig
[06/10/2008 21:34] /r
[06/10/2008 21:34] /r
[06/10/2008 21:34] /r
[06/10/2008 21:36] /goto god fawkes
[06/10/2008 21:38] /newtype 1
[07/10/2008 13:37] /goto god fawkes
[07/10/2008 13:43] /n demon legs 1
[07/10/2008 13:43] /n great axw 1
[07/10/2008 13:43] /n great axe 1
[07/10/2008 13:45] /n golden helmet 1
[07/10/2008 13:46] /a 2
[07/10/2008 13:46] /a 2
[07/10/2008 13:46] /newtype 4
[07/10/2008 13:46] /newtype 4
[07/10/2008 13:46] /newtype 40
[07/10/2008 13:46] /newtype 43
[07/10/2008 13:46] /newtype 41
[07/10/2008 13:46] /newtype 42
[07/10/2008 13:46] /newtype 48
[07/10/2008 13:46] /newtype 47
[07/10/2008 13:46] /goto god fawkes
[07/10/2008 16:07] /goto zerpho
[07/10/2008 16:09] /goto Champynhonn
[07/10/2008 16:11] /t
[07/10/2008 16:11] /a 20
[07/10/2008 16:12] /a 20
[07/10/2008 16:14] /a 2
[07/10/2008 16:29] /t
[07/10/2008 16:29] /a 40
[07/10/2008 16:36] /a 10
[07/10/2008 17:10] /a 2
[07/10/2008 17:10] /a 2
[07/10/2008 17:10] /a 2
[07/10/2008 17:10] /a 2
[07/10/2008 17:10] /a 1
[07/10/2008 17:10] /a 1
[07/10/2008 17:11] /a 1
[07/10/2008 17:11] /a 1
[07/10/2008 17:11] /a 1
[07/10/2008 17:14] /a 1
[07/10/2008 17:14] /a 1
[07/10/2008 17:14] /a 1
[07/10/2008 17:14] /a 1
[07/10/2008 17:14] /a 1
[07/10/2008 17:14] /a 1
[07/10/2008 17:14] /a 1
[07/10/2008 17:14] /a 1
[07/10/2008 17:14] /a 1
[07/10/2008 17:14] /a 1
[07/10/2008 17:15] /a 1
[07/10/2008 17:15] /c cm jackson zano
[07/10/2008 17:15] /c cm jackson zani
[07/10/2008 17:15] /a 1
[07/10/2008 17:15] /c cm jackson zani
[07/10/2008 17:15] /a 1
[07/10/2008 17:15] /a 1
[07/10/2008 17:15] /a 1
[07/10/2008 17:15] /i 2021 1
[07/10/2008 17:15] /i 4526 1
[07/10/2008 17:16] /a 1
[07/10/2008 17:16] /i 4526 1
[07/10/2008 17:16] /c cm jackson zani
[07/10/2008 17:16] /a 1
[07/10/2008 17:16] /i 4526 1
[07/10/2008 17:16] /a 1
[07/10/2008 17:16] /i 4526 1
[07/10/2008 17:22] /a 1
[07/10/2008 17:22] /a 1
[07/10/2008 17:22] /a 1
[07/10/2008 17:22] /a 1
[07/10/2008 17:22] /a 1
[07/10/2008 17:22] /a 1
[07/10/2008 17:22] /a 1
[07/10/2008 17:22] /a 1
[07/10/2008 17:22] /a 1
[07/10/2008 17:22] /goto cogumelos insane
[07/10/2008 17:22] /a 1
[07/10/2008 17:22] /a 1
[07/10/2008 17:22] /a 1
[07/10/2008 17:22] /a 1
[07/10/2008 17:22] /a 1
[07/10/2008 17:22] /a 1
[07/10/2008 17:23] /a 1
[07/10/2008 17:23] /a 1
[07/10/2008 17:23] /a 1
[07/10/2008 17:23] /a 1
[07/10/2008 17:24] /a 1
[07/10/2008 17:24] /a 1
[07/10/2008 17:24] /a 1
[07/10/2008 17:24] /a 1
[07/10/2008 17:24] /a 1
[07/10/2008 17:24] /a 1
[07/10/2008 17:24] /a 1
[07/10/2008 17:24] /a 1
[07/10/2008 17:24] /a 1
[07/10/2008 17:24] /a 1
[07/10/2008 17:24] /a 1
[07/10/2008 17:24] /a 1
[07/10/2008 18:17] /a 5
[07/10/2008 18:22] /goto RayoVac
[07/10/2008 18:22] /t
[07/10/2008 18:23] /a 10
[07/10/2008 18:23] /a 10
[07/10/2008 18:23] /up
[07/10/2008 18:23] /s aracura_boat
[07/10/2008 18:23] /r
[07/10/2008 18:23] /down
[07/10/2008 18:23] /s aracura_boat
[07/10/2008 18:23] /up
[07/10/2008 18:24] /goto RayoVac
[07/10/2008 18:24] /a 100
[07/10/2008 18:24] /a 100
[07/10/2008 18:24] /a 20
[08/10/2008 17:03] /goto cm jackson zani
[08/10/2008 17:07] /newtype 90
[08/10/2008 17:12] /a 2
[08/10/2008 17:12] /a 2
[08/10/2008 17:12] /a 2
[08/10/2008 17:12] /a 2
[08/10/2008 17:12] /a 2
[08/10/2008 17:12] /a 2
[08/10/2008 17:13] /a 2
[08/10/2008 17:13] /i 351 1
[08/10/2008 17:13] /a 2
[08/10/2008 17:13] /a 2
[08/10/2008 17:13] /a 1
[08/10/2008 17:13] /a 1
[08/10/2008 17:13] /a 1
[08/10/2008 17:13] /i 351 1
[08/10/2008 17:13] /a 1
[08/10/2008 17:13] /i 351 1
[08/10/2008 17:13] /c cm jackson zani
[08/10/2008 22:25] /t
[08/10/2008 22:25] /a 40
[08/10/2008 22:27] /t
[08/10/2008 22:27] /a 40
[08/10/2008 22:31] /goto cm jackson zani
[08/10/2008 22:31] /raid aracura_dragons
[08/10/2008 22:31] /raid aracura_dragon
[08/10/2008 22:31] /raid dragons_aracura
[08/10/2008 22:31] /raid dragon_aracura
[08/10/2008 22:32] /t
[08/10/2008 22:32] /a 30
[08/10/2008 22:32] /a 30
[08/10/2008 22:32] /a 30
[08/10/2008 22:32] /a 10
[08/10/2008 22:32] /a 10
[08/10/2008 22:32] /a 10
[08/10/2008 22:32] /a 10
[08/10/2008 22:32] /a 10
[08/10/2008 22:32] /a 10
[08/10/2008 22:35] /a 10
[08/10/2008 22:35] /a 10
[08/10/2008 22:35] /a 10
[08/10/2008 22:35] /a 10
[08/10/2008 22:35] /a 10
[08/10/2008 22:35] /a 10
[08/10/2008 22:36] /a 10
[08/10/2008 22:39] /a 20
[08/10/2008 22:39] /a 20
[08/10/2008 22:42] /a 20
[08/10/2008 22:42] /a 5
[08/10/2008 22:42] /a 5
[08/10/2008 22:42] /a 5
[08/10/2008 22:42] /a 5
[08/10/2008 22:42] /a 5
[09/10/2008 20:48] /goto genti fina
[09/10/2008 20:48] /a 1
[10/10/2008 18:14] /a 2
[10/10/2008 18:15] /raid goroma_morgaroth
[10/10/2008 18:15] /raid morgaroth_goroma
[10/10/2008 18:17] /goto morgaroth
[10/10/2008 18:17] /a 20
[10/10/2008 18:17] /a 20
[10/10/2008 18:17] /a 20
[10/10/2008 18:17] /a 20
[10/10/2008 18:17] /a 20
[10/10/2008 18:17] /down
[10/10/2008 18:17] /down
[10/10/2008 18:17] /a 20
[10/10/2008 18:18] /a 20
[10/10/2008 18:18] /down
[10/10/2008 18:18] /a 20
[10/10/2008 18:18] /down
[10/10/2008 18:18] /a 20
[10/10/2008 18:18] /a 10
[10/10/2008 18:18] /goto mumao spurs
[10/10/2008 18:18] /down
[10/10/2008 18:18] /a 10
[10/10/2008 18:18] /a 10
[10/10/2008 18:18] /a 10
[10/10/2008 18:18] /a 10
[10/10/2008 18:18] /a 10
[10/10/2008 18:18] /a 10
[10/10/2008 18:18] /a 10
[10/10/2008 18:18] /a 10
[10/10/2008 18:18] /a 10
[10/10/2008 18:18] /a 10
[10/10/2008 18:18] /a 10
[10/10/2008 18:18] /a 10
[10/10/2008 18:18] /a 5
[10/10/2008 18:19] /a 5
[10/10/2008 18:19] /a 5
[10/10/2008 18:19] /a 5
[10/10/2008 18:19] /a 5
[10/10/2008 18:19] /a 5
[10/10/2008 18:19] /a 5
[10/10/2008 18:19] /a 5
[10/10/2008 18:19] /a 5
[10/10/2008 18:19] /a 5
[10/10/2008 18:19] /a 5
[10/10/2008 18:19] /a 5
[10/10/2008 18:19] /down
[10/10/2008 18:19] /down
[10/10/2008 18:19] /a 5
[10/10/2008 18:19] /a 5
[10/10/2008 18:19] /a 5
[10/10/2008 18:19] /a 5
[10/10/2008 18:19] /a 5
[10/10/2008 18:19] /a 5
[10/10/2008 18:19] /a 5
[10/10/2008 18:19] /a 5
[10/10/2008 18:19] /a 5
[10/10/2008 18:19] /a 5
[10/10/2008 18:19] /a 5
[10/10/2008 18:19] /a 5
[10/10/2008 18:19] /a 5
[10/10/2008 18:19] /a 5
[10/10/2008 18:19] /a 5
[10/10/2008 18:19] /a 5
[10/10/2008 18:19] /a 5
[10/10/2008 18:19] /a 5
[10/10/2008 18:19] /a 5
[10/10/2008 18:19] /a 5
[10/10/2008 18:19] /a 5
[10/10/2008 18:19] /a 5
[10/10/2008 18:19] /a 5
[10/10/2008 18:19] /a 5
[10/10/2008 18:19] /a 5
[10/10/2008 18:19] /a 5
[10/10/2008 18:19] /a 5
[10/10/2008 18:19] /a 5
[10/10/2008 18:19] /a 5
[10/10/2008 18:19] /down
[10/10/2008 18:19] /down
[10/10/2008 18:19] /a 5
[10/10/2008 18:19] /a 5
[10/10/2008 18:19] /a 5
[10/10/2008 18:19] /a 5
[10/10/2008 18:19] /a 5
[10/10/2008 18:19] /a 5
[10/10/2008 18:19] /a 5
[10/10/2008 18:19] /a 5
[10/10/2008 18:19] /a 5
[10/10/2008 18:20] /a 10
[10/10/2008 18:20] /a 10
[10/10/2008 18:20] /a 10
[10/10/2008 18:20] /a 10
[10/10/2008 18:20] /a 10
[10/10/2008 18:20] /a 10
[10/10/2008 18:20] /down
[10/10/2008 18:20] /a 10
[10/10/2008 18:20] /a 10
[10/10/2008 18:20] /a 10
[10/10/2008 18:20] /a 10
[10/10/2008 18:22] /a 10
[10/10/2008 18:22] /a 10
[10/10/2008 18:22] /a 10
[10/10/2008 20:17] /t
[10/10/2008 20:17] /a 40
[10/10/2008 20:17] /raid dragon_aracura
[10/10/2008 20:18] /a 10
[10/10/2008 20:18] /a 10
[10/10/2008 20:18] /a 10
[10/10/2008 20:18] /a 10
[10/10/2008 20:20] /n teleport scroll 1
[10/10/2008 22:24] /a 20
[10/10/2008 22:24] /a 5
[10/10/2008 22:24] /a 5
[10/10/2008 22:24] /up
[10/10/2008 22:25] /down
[10/10/2008 22:25] /s aracura_boat
[10/10/2008 22:25] /up
[10/10/2008 22:27] /goto smoky wake
[10/10/2008 22:27] /a 5
[10/10/2008 22:27] /a 5
[10/10/2008 22:27] /a 5
[10/10/2008 22:27] /a 5
[10/10/2008 22:27] /a 5
[10/10/2008 22:27] /a 5
[10/10/2008 22:46] /a 20
[10/10/2008 22:46] /a 20
[10/10/2008 22:46] /a 20
[10/10/2008 22:46] /a 20
[10/10/2008 22:46] /a 20
[10/10/2008 22:46] /a 10
[10/10/2008 22:46] /a 10
[10/10/2008 22:46] /a 10
[10/10/2008 22:46] /a 2
[10/10/2008 22:47] /a 2
[10/10/2008 23:20] /s quendor_trash
[11/10/2008 18:59] /t
[11/10/2008 18:59] /a 40
[11/10/2008 19:02] /goto arystos
[11/10/2008 19:02] /a 20
[11/10/2008 19:03] /a 2
[12/10/2008 01:33] /m ent
[12/10/2008 17:44] /goto god fawkes
[12/10/2008 17:45] /goto god fawkes
[12/10/2008 17:45] /a 2
[12/10/2008 17:45] /newtype 126
[12/10/2008 17:46] /town aracura
[12/10/2008 17:46] /a 30
[12/10/2008 17:46] /a 2
[12/10/2008 17:51] /goto god fawes
[12/10/2008 17:51] /goto god fawkews
[12/10/2008 17:51] /goto god fawkes
[12/10/2008 17:51] /goto god fawkes
[12/10/2008 17:52] /summon the inquisitor
[12/10/2008 17:53] /goto god fawkes
[12/10/2008 17:53] /goto god fawkes
[12/10/2008 17:55] /goto god fawkes
[12/10/2008 17:56] /r
[12/10/2008 17:56] /goto god fawkes
[12/10/2008 17:56] /goto god fawkes
[13/10/2008 15:28] /a 30
[13/10/2008 15:29] /a 10
[13/10/2008 15:29] /a 10
[13/10/2008 15:29] /a 10
[13/10/2008 15:29] /a 10
[13/10/2008 15:29] /town thorn
[13/10/2008 15:29] /raid elven_thorn
[13/10/2008 15:30] /t
[13/10/2008 15:31] /goto timoteo
[13/10/2008 15:31] /c Aryn Heron
[13/10/2008 15:33] /reload talk
[13/10/2008 15:34] /t
[13/10/2008 15:34] /a 30
[13/10/2008 15:34] /a 10
[13/10/2008 16:14] /goto cm jackson zani
[13/10/2008 16:15] /addskill cm jackson zani, magic
[13/10/2008 16:15] /addskill cm jackson zani, magic
[13/10/2008 16:15] /addskill cm jackson zani, magic
[13/10/2008 16:15] /addskill cm jackson zani, magic
[13/10/2008 16:15] /addskill cm jackson zani, magic
[13/10/2008 16:15] /addskill cm jackson zani, magic
[13/10/2008 16:15] /addskill cm jackson zani, magic
[13/10/2008 16:15] /addskill cm jackson zani, magic
[13/10/2008 16:15] /addskill cm jackson zani, magic
[13/10/2008 16:15] /addskill cm jackson zani, magic
[13/10/2008 16:16] /newtype 10
[13/10/2008 22:49] /t
[13/10/2008 22:49] /a 40
[13/10/2008 22:50] /goto aimbot hs
[13/10/2008 22:51] /goto Agressive Rusher
[13/10/2008 22:51] /goto spartacuss
[13/10/2008 23:00] /goto spartacuss
[13/10/2008 23:00] /goto Lyderck
[13/10/2008 23:00] /a 2
[13/10/2008 23:00] /a 2
[13/10/2008 23:00] /a 2
[13/10/2008 23:00] /down
[13/10/2008 23:00] /s aracura_boat
[13/10/2008 23:00] /up
[13/10/2008 23:01] /r
[13/10/2008 23:01] /r
[13/10/2008 23:01] /r
[13/10/2008 23:01] /r
[13/10/2008 23:01] /r
[13/10/2008 23:01] /r
[13/10/2008 23:01] /r
[13/10/2008 23:01] /r
[13/10/2008 23:01] /r
[13/10/2008 23:01] /r
[13/10/2008 23:01] /r
[13/10/2008 23:01] /r
[13/10/2008 23:01] /r
[13/10/2008 23:01] /r
[13/10/2008 23:01] /r
[13/10/2008 23:01] /r
[13/10/2008 23:01] /r
[13/10/2008 23:01] /r
[13/10/2008 23:01] /r
[13/10/2008 23:01] /r
[13/10/2008 23:01] /r
[13/10/2008 23:01] /r
[13/10/2008 23:01] /r
[13/10/2008 23:01] /r
[13/10/2008 23:01] /r
[13/10/2008 23:01] /r
[13/10/2008 23:01] /r
[13/10/2008 23:01] /r
[13/10/2008 23:01] /r
[13/10/2008 23:01] /r
[13/10/2008 23:01] /r
[13/10/2008 23:01] /r
[13/10/2008 23:01] /r
[13/10/2008 23:01] /r
[13/10/2008 23:01] /r
[13/10/2008 23:01] /s aracura
[13/10/2008 23:01] /s aracura_boat
[13/10/2008 23:01] /a 2
[13/10/2008 23:01] /a 2
[13/10/2008 23:01] /a 5
[13/10/2008 23:01] /s aracura_boat
[13/10/2008 23:02] /r
[13/10/2008 23:02] /s aracura
[13/10/2008 23:02] /s aracura_boat
[13/10/2008 23:02] /a 5
[13/10/2008 23:03] /r
[13/10/2008 23:03] /down
[13/10/2008 23:04] /r
[13/10/2008 23:04] /r
[13/10/2008 23:04] /r
[13/10/2008 23:04] /goto spartacuss
[13/10/2008 23:04] /goto spartacuss
[13/10/2008 23:05] /goto spartacuss
[13/10/2008 23:05] /goto spartacuss
[13/10/2008 23:06] /goto spartacuss
[13/10/2008 23:06] /goto spartacuss
[13/10/2008 23:07] /goto spartacuss
[13/10/2008 23:10] /goto spartacuss
[13/10/2008 23:11] /goto spartacuss
[15/10/2008 22:14] /goto god fawkes
[15/10/2008 22:14] /goto god fawkes
[15/10/2008 22:15] /r
[15/10/2008 22:15] /r
[15/10/2008 22:22] /goto god fawkes
[15/10/2008 22:37] /a 2
[15/10/2008 22:37] /goto cm bowaroz
[15/10/2008 22:37] /reload talk
[15/10/2008 22:39] /kick lower
[15/10/2008 22:41] /goto lord impacto
[15/10/2008 22:41] /goto mumao spurs
[15/10/2008 22:43] /reload talk
[15/10/2008 22:43] /goto loewr
[15/10/2008 22:43] /goto lower
[15/10/2008 23:32] /goto Thiago Powah
[15/10/2008 23:33] /a 1
[15/10/2008 23:33] /a 10
[15/10/2008 23:33] /a 10
[15/10/2008 23:34] /goto Cogumelos Insane
[15/10/2008 23:34] /goto Cogumelos Insane
[15/10/2008 23:34] /goto Cogumelos Insane
[15/10/2008 23:34] /goto Cogumelos Insane
[15/10/2008 23:34] /goto Cogumelos Insane
[15/10/2008 23:34] /goto Cogumelos Insane
[15/10/2008 23:34] /goto Cogumelos Insane
[15/10/2008 23:34] /goto Cogumelos Insane
[15/10/2008 23:34] /goto Cogumelos Insane
[15/10/2008 23:40] /a 2
[15/10/2008 23:40] /goto cogumelos insane
[15/10/2008 23:41] /goto cogumelos insane
[15/10/2008 23:41] /goto cogumelos insane
[15/10/2008 23:42] /a 2
[15/10/2008 23:42] /a 2
[15/10/2008 23:42] /goto lower
[16/10/2008 15:54] /goto dohko fine
[16/10/2008 15:57] /goto cm jackson zani
[16/10/2008 15:57] /a 2
[16/10/2008 15:57] /town quendor
[16/10/2008 15:57] /a 29
[16/10/2008 15:57] /a 29
[16/10/2008 15:58] /a 10
[16/10/2008 15:58] /a 5
[16/10/2008 15:58] /a 1
[16/10/2008 15:58] /a 1
[16/10/2008 16:01] /goto god fawkes
[16/10/2008 16:02] /reload talk
[16/10/2008 16:03] /r
[16/10/2008 16:04] /reload talk
[16/10/2008 16:04] /goto cm jackson zani
[16/10/2008 16:04] /goto god fawkes
[16/10/2008 16:08] /reload talk
[16/10/2008 16:08] /goto GOD FAwkes
[16/10/2008 16:09] /a 1
[16/10/2008 16:09] /goto cm jackson zani
[18/10/2008 23:36] /t
[18/10/2008 23:36] /a 40
[18/10/2008 23:37] /goto kinhow
[18/10/2008 23:38] /goto kinhow
[18/10/2008 23:39] /goto kinhow
[18/10/2008 23:42] /goto dohko fine
[18/10/2008 23:42] /up
[18/10/2008 23:42] /goto dohko fine
[18/10/2008 23:44] /t
[18/10/2008 23:44] /a 30
[18/10/2008 23:44] /a 10
[19/10/2008 15:09] /goto cogumelos insnae
[19/10/2008 15:09] /goto cogumelos insane
[19/10/2008 15:11] /goto willian
[19/10/2008 15:11] /goto jaketa rush
[19/10/2008 15:12] /goto lower
[19/10/2008 15:20] /goto jaketa rush
[19/10/2008 15:20] /goto jaketa rush
[19/10/2008 15:20] /goto cogumelos insane
[19/10/2008 15:23] /a 10
[19/10/2008 15:23] /a 10
[19/10/2008 15:23] /a 10
[19/10/2008 15:23] /a 10
[19/10/2008 15:23] /a 10
[19/10/2008 15:23] /a 10
[19/10/2008 15:23] /a 10
[19/10/2008 15:23] /a 10
[19/10/2008 15:23] /a 10
[19/10/2008 15:23] /a 10
[19/10/2008 15:23] /a 10
[19/10/2008 15:23] /a 10
[19/10/2008 15:23] /a 10
[19/10/2008 15:23] /a 10
[19/10/2008 15:24] /a 10
[19/10/2008 15:24] /a 10
[19/10/2008 15:24] /a 10
[19/10/2008 15:24] /a 10
[19/10/2008 15:24] /a 10
[19/10/2008 15:24] /a 10
[19/10/2008 15:24] /a 10
[19/10/2008 15:24] /a 10
[19/10/2008 15:25] /goto cogumelos insane
[19/10/2008 15:25] /goto barmy glingo
[19/10/2008 15:25] /goto barmy glingo
[19/10/2008 15:25] /goto barmy glingo
[19/10/2008 15:25] /a 100
[19/10/2008 15:26] /a 20
[19/10/2008 15:26] /a 20
[19/10/2008 15:26] /a 20
[19/10/2008 15:26] /a 10
[19/10/2008 15:26] /a 10
[19/10/2008 15:26] /a 10
[19/10/2008 15:26] /a 10
[19/10/2008 15:26] /a 10
[19/10/2008 15:26] /a 10
[19/10/2008 15:26] /a 10
[19/10/2008 15:26] /a 10
[19/10/2008 15:26] /a 10
[19/10/2008 15:26] /a 10
[19/10/2008 15:26] /goto Creed Revenge
[19/10/2008 15:26] /r
[19/10/2008 15:26] /r
[19/10/2008 15:26] /r
[19/10/2008 15:26] /r
[19/10/2008 15:26] /r
[19/10/2008 15:26] /r
[19/10/2008 15:26] /r
[19/10/2008 15:26] /r
[19/10/2008 15:26] /r
[19/10/2008 16:54] /goto jaketa rush
[19/10/2008 16:55] /town northrend
[19/10/2008 16:55] /a 20
[19/10/2008 16:55] /a 20
[19/10/2008 16:55] /a 10
[19/10/2008 16:55] /a 2
[19/10/2008 16:55] /a 2
[19/10/2008 16:56] /goto dohko fine
[19/10/2008 16:58] /goto cm bowaroz
[19/10/2008 16:59] /goto jaketa rush
[19/10/2008 17:00] /goto lady qi
[19/10/2008 17:00] /r
[19/10/2008 17:00] /goto mumao spurs
[19/10/2008 17:01] /goto lower
[19/10/2008 17:04] /goto cm bowaroz
[19/10/2008 17:06] /goto cmbowaroz
[19/10/2008 17:07] /goto jaketa rush
[19/10/2008 17:08] /goto chokito
[19/10/2008 17:08] /goto chokito
[19/10/2008 17:08] /goto chokito
[19/10/2008 17:08] /goto chokito
[19/10/2008 17:08] /goto chokito
[19/10/2008 17:08] /goto chokito
[19/10/2008 17:08] /goto chokito
[19/10/2008 17:08] /goto chokito
[19/10/2008 17:08] /goto chokito
[19/10/2008 17:08] /goto chokito
[19/10/2008 17:08] /goto cm bowaroz
[19/10/2008 17:08] /goto lower
[19/10/2008 17:09] /a 10
[19/10/2008 17:09] /a 10
[19/10/2008 17:09] /a 10
[19/10/2008 17:09] /a 10
[19/10/2008 17:09] /a 10
[19/10/2008 17:10] /goto lower
[19/10/2008 17:11] /goto lower
[19/10/2008 17:11] /a 10
[19/10/2008 17:11] /a 2
[19/10/2008 17:11] /a 5
[19/10/2008 17:11] /a 5
[19/10/2008 17:12] /goto lower
[19/10/2008 17:13] /up
[19/10/2008 17:13] /goto lower
[19/10/2008 17:13] /goto lower
[19/10/2008 17:13] /goto dohko fine
[19/10/2008 17:13] /goto jaketa rush
[19/10/2008 17:13] /t
[19/10/2008 20:15] /goto chokito
[19/10/2008 20:15] /a 5
[19/10/2008 20:15] /a 5
[19/10/2008 20:16] /a 2
[19/10/2008 20:16] /goto lower
[19/10/2008 20:20] /goto smoky wake
[19/10/2008 20:21] /goto smoky wake
[20/10/2008 14:21] /r
[20/10/2008 14:21] /r
[20/10/2008 14:21] /r
[20/10/2008 14:21] /r
[20/10/2008 14:21] /r
[20/10/2008 14:21] /r
[20/10/2008 14:21] /r
[20/10/2008 14:21] /r
[20/10/2008 14:21] /r
[20/10/2008 14:21] /r
[20/10/2008 14:21] /r
[20/10/2008 14:21] /r
[20/10/2008 14:21] /r
[20/10/2008 14:21] /r
[20/10/2008 14:21] /r
[20/10/2008 14:21] /r
[20/10/2008 14:21] /r
[20/10/2008 14:21] /r
[20/10/2008 14:21] /r
[20/10/2008 14:21] /r
[20/10/2008 14:21] /r
[20/10/2008 14:21] /r
[20/10/2008 14:22] /r
[20/10/2008 14:22] /r
[20/10/2008 14:22] /r
[20/10/2008 14:36] /a 20
[20/10/2008 14:36] /a 20
[20/10/2008 14:36] /a 20
[20/10/2008 14:36] /i 8268 1
[20/10/2008 14:37] /a 1
[20/10/2008 14:37] /n parcel 1
[20/10/2008 14:50] /i 3612 1
[20/10/2008 18:18] /goto chokito
[20/10/2008 18:19] /a 20
[20/10/2008 18:19] /a 20
[20/10/2008 18:19] /a 20
[20/10/2008 18:19] /a 20
[20/10/2008 18:19] /a 10
[20/10/2008 18:19] /a 10
[20/10/2008 18:19] /a 10
[20/10/2008 18:19] /a 10
[20/10/2008 18:19] /a 10
[20/10/2008 18:19] /a 10
[20/10/2008 18:20] /a 4
[20/10/2008 18:20] /a 4
[20/10/2008 18:20] /a 4
[20/10/2008 18:20] /a 4
[20/10/2008 18:20] /a 4
[20/10/2008 18:20] /a 4
[20/10/2008 18:20] /a 4
[20/10/2008 18:20] /a 4
[20/10/2008 18:20] /a 4
[20/10/2008 18:20] /a 4
[20/10/2008 18:20] /a 4
[20/10/2008 18:20] /a 4
[20/10/2008 18:20] /a 4
[20/10/2008 18:20] /a 4
[20/10/2008 18:20] /a 4
[20/10/2008 18:20] /a 4
[20/10/2008 18:20] /a 4
[20/10/2008 18:20] /a 4
[20/10/2008 18:20] /a 4
[20/10/2008 18:20] /a 4
[20/10/2008 18:20] /a 4
[20/10/2008 18:20] /a 4
[20/10/2008 18:21] /a 10
[20/10/2008 18:21] /a 10
[20/10/2008 18:21] /a 10
[20/10/2008 18:21] /a 10
[20/10/2008 18:21] /a 10
[20/10/2008 18:21] /a 10
[20/10/2008 18:21] /a 10
[20/10/2008 18:21] /a 10
[20/10/2008 18:21] /a 10
[20/10/2008 18:21] /a 10
[20/10/2008 18:22] /a 10
[20/10/2008 18:22] /a 10
[20/10/2008 18:22] /a 10
[20/10/2008 18:22] /a 10
[20/10/2008 18:22] /a 10
[20/10/2008 18:22] /a 10
[20/10/2008 18:22] /a 5
[20/10/2008 18:22] /a 5
[20/10/2008 18:22] /a 5
[20/10/2008 18:22] /a 5
[20/10/2008 18:22] /a 5
[20/10/2008 18:22] /a 5
[20/10/2008 18:23] /a 5
[20/10/2008 18:23] /a 5
[20/10/2008 18:23] /a 5
[20/10/2008 18:23] /a 5
[20/10/2008 18:23] /a 5
[20/10/2008 18:23] /a 5
[20/10/2008 18:23] /a 5
[20/10/2008 18:23] /a 5
[20/10/2008 18:23] /a 5
[20/10/2008 18:23] /a 5
[20/10/2008 18:23] /a 5
[20/10/2008 18:23] /a 5
[20/10/2008 18:23] /a 5
[20/10/2008 18:23] /a 5
[20/10/2008 18:23] /a 5
[20/10/2008 18:23] /a 5
[20/10/2008 18:23] /a 10
[20/10/2008 18:23] /a 10
[20/10/2008 18:23] /a 10
[20/10/2008 18:23] /a 10
[20/10/2008 18:23] /a 10
[20/10/2008 18:23] /a 10
[20/10/2008 18:23] /a 10
[20/10/2008 18:23] /a 10
[20/10/2008 18:23] /a 10
[20/10/2008 18:23] /a 10
[20/10/2008 18:23] /a 10
[20/10/2008 18:23] /a 10
[20/10/2008 18:23] /a 10
[20/10/2008 18:23] /a 10
[20/10/2008 18:23] /a 4
[20/10/2008 18:24] /goto mumao spurs
[20/10/2008 18:25] /a 10
[20/10/2008 18:25] /a 10
[20/10/2008 18:25] /a 10
[20/10/2008 18:25] /a 10
[20/10/2008 18:25] /a 10
[20/10/2008 18:25] /a 10
[20/10/2008 18:25] /a 10
[20/10/2008 18:25] /a 10
[20/10/2008 18:25] /a 10
[20/10/2008 18:25] /a 10
[20/10/2008 18:25] /a 10
[20/10/2008 18:25] /a 10
[20/10/2008 18:25] /a 10
[20/10/2008 18:25] /a 10
[20/10/2008 18:25] /a 10
[20/10/2008 18:25] /a 10
[20/10/2008 18:25] /a 10
[20/10/2008 18:25] /a 10
[20/10/2008 18:25] /a 10
[20/10/2008 18:25] /a 10
[20/10/2008 18:25] /a 10
[20/10/2008 18:25] /a 10
[20/10/2008 18:25] /goto mumao spurs
[20/10/2008 18:25] /goto chokito
[20/10/2008 18:27] /goto chokito
[20/10/2008 18:28] /goto chokito
[20/10/2008 18:28] /up
[20/10/2008 18:29] /a 10
[20/10/2008 18:29] /a 10
[20/10/2008 18:29] /a 5
[20/10/2008 18:29] /a 5
[20/10/2008 18:29] /a 5
[20/10/2008 18:29] /a 2
[20/10/2008 18:29] /a 1
[20/10/2008 18:30] /a 1
[20/10/2008 18:30] /a 1
[20/10/2008 21:13] /goto god fawkes
[20/10/2008 21:13] /a 2
[20/10/2008 21:22] /B Fique ligado em dentro de poucos minutos terá o incrível sorteio de Ipods e 6 Premium Accounts! Não perca isso de jeito nenhum!
[20/10/2008 21:27] /t
[20/10/2008 21:27] /a 40
[20/10/2008 21:27] /a 4
[20/10/2008 21:28] /B Para comprar bilhetes você precisa logar sua conta no site e ter mais de 2 dias de premium accounts!
[20/10/2008 21:31] /B O servidor será reiniciado para colocação de módulos para o sorteio! Voltamos em 2 minutos! Quando abrir, terá teleports nos templos das Premmy Citys, o mesmo levará ao local do Sorteio!
[20/10/2008 21:35] /t
[20/10/2008 21:35] /a 2
[20/10/2008 21:35] /down
[20/10/2008 21:35] /down
[20/10/2008 21:35] /down
[20/10/2008 21:35] /a 2
[20/10/2008 21:35] /i 5258 1
[20/10/2008 21:35] /i 5258 1
[20/10/2008 21:35] /i 5258 1
[20/10/2008 21:36] /a 4
[20/10/2008 21:36] /B Lembrando a todos, em todos templos das premmy citys, há teleports que levam até o local do sorteio! Corram para cá!
[20/10/2008 21:37] /c smoky wake
[20/10/2008 21:38] /B Corram todos ao local do sorteio! Para vir até aqui, basta entrar nos teleports que tem nos templos de premmy citys!
[20/10/2008 21:40] /c cocota
[20/10/2008 21:41] /c hell sher
[20/10/2008 21:42] /c verde cap
[20/10/2008 21:42] /c lord impacto
[20/10/2008 21:52] /down
[20/10/2008 21:52] /c smoky wake
[20/10/2008 21:52] /up
[20/10/2008 21:52] /a 2
[20/10/2008 21:53] /down
[20/10/2008 21:53] /c lord impacto
[20/10/2008 21:53] /up
[20/10/2008 21:54] /down
[20/10/2008 21:54] /c Lombrass
[20/10/2008 21:54] /up
[20/10/2008 21:55] /down
[20/10/2008 21:55] /c Knight Wolf
[20/10/2008 21:55] /up
[20/10/2008 21:56] /down
[20/10/2008 21:56] /c cocota
[20/10/2008 21:56] /up
[20/10/2008 21:57] /down
[20/10/2008 21:57] /c verde cap
[20/10/2008 21:57] /up
[20/10/2008 21:58] /down
[20/10/2008 21:58] /c hell sher
[20/10/2008 21:58] /up
[20/10/2008 22:00] /down
[20/10/2008 22:00] /c genti fina
[20/10/2008 22:00] /a 2
[20/10/2008 22:00] /a 2
[20/10/2008 22:00] /a 1
[20/10/2008 22:00] /i 424 1
[20/10/2008 22:00] /a 1
[20/10/2008 22:00] /i 424 1
[20/10/2008 22:01] /r
[20/10/2008 22:01] /r
[20/10/2008 22:01] /down
[20/10/2008 22:01] /r
[20/10/2008 22:01] /r
[20/10/2008 22:01] /r
[20/10/2008 22:01] /r
[20/10/2008 22:01] /r
[20/10/2008 22:01] /r
[20/10/2008 22:01] /r
[20/10/2008 22:01] /r
[20/10/2008 22:01] /r
[20/10/2008 22:01] /r
[20/10/2008 22:01] /r
[20/10/2008 22:01] /r
[20/10/2008 22:01] /r
[20/10/2008 22:01] /r
[20/10/2008 22:01] /down
[20/10/2008 22:01] /r
[20/10/2008 22:01] /r
[20/10/2008 22:01] /r
[20/10/2008 22:01] /r
[20/10/2008 22:01] /up
[20/10/2008 22:01] /down
[20/10/2008 22:01] /t
[20/10/2008 22:01] /a 40
[20/10/2008 22:01] /goto god fawkes
[20/10/2008 22:01] /up
[20/10/2008 22:01] /i 411 1
[20/10/2008 22:02] /a 1
[20/10/2008 22:02] /a 2
[20/10/2008 22:02] /t
[20/10/2008 22:02] /r
[20/10/2008 22:02] /r
[20/10/2008 22:02] /r
[20/10/2008 22:02] /r
[20/10/2008 22:02] /r
[20/10/2008 22:02] /r
[20/10/2008 22:03] /r
[20/10/2008 22:03] /r
[20/10/2008 22:03] /i 1050 1
[20/10/2008 22:03] /i 1050 1
[20/10/2008 22:03] /i 1050 1
[20/10/2008 22:03] /i 1050 1
[20/10/2008 22:03] /goto slash
[20/10/2008 22:03] /town sazart
[20/10/2008 22:03] /town salazart
[20/10/2008 22:03] /down
[20/10/2008 22:03] /down
[20/10/2008 22:03] /down
[20/10/2008 22:03] /r
[20/10/2008 22:03] /r
[20/10/2008 22:03] /r
[20/10/2008 22:03] /r
[20/10/2008 22:03] /down
[20/10/2008 22:03] /down
[20/10/2008 22:03] /down
[20/10/2008 22:03] /r
[20/10/2008 22:03] /c slash
[20/10/2008 22:05] /B A equipe UltraXSoft agradece a todos pela participa~
[20/10/2008 22:06] /B A equipe UltraXSoft agradece a todos pela participação no sorteio e que esse será apenas o primeiro de muitos! Em pouco tempo nossa equipe estará entrando em contato com os vencedores!
[20/10/2008 22:07] /goto god fawkes
[20/10/2008 22:10] /a 10
[20/10/2008 22:10] /a 10
[20/10/2008 22:10] /a 10
[20/10/2008 22:10] /a 10
[20/10/2008 22:10] /a 10
[20/10/2008 22:10] /c shonox
[20/10/2008 22:10] /a 20
[20/10/2008 22:10] /a 20
[20/10/2008 22:10] /a 10
[20/10/2008 22:10] /a 10
[20/10/2008 22:10] /c shonox
[20/10/2008 22:11] /goto god fawkes
[20/10/2008 22:11] /goto god fawkes
[20/10/2008 22:12] /a 1
[20/10/2008 22:12] /goto god faawkes
[20/10/2008 22:12] /goto god fawkes
[20/10/2008 22:13] /goto god fawkes
[20/10/2008 22:13] /goto god fawkes
[20/10/2008 22:13] /goto god fawkes
[20/10/2008 22:13] /goto god fawkes
[20/10/2008 22:13] /goto cash
[20/10/2008 22:15] /goto lower
[20/10/2008 22:16] /goto smoky wake
[20/10/2008 22:16] /goto god fawkes
[20/10/2008 22:19] /goto smoky wake
[20/10/2008 22:26] /goto slash
[20/10/2008 22:27] /goto napster hail
[20/10/2008 22:27] /a 1
[20/10/2008 22:28] /goto slash
[20/10/2008 22:30] /t
[20/10/2008 22:30] /a 40
[20/10/2008 22:30] /a 2
[20/10/2008 22:31] /goto god fawkes
[20/10/2008 22:31] /goto god fawkes
[20/10/2008 22:34] /a 2
[20/10/2008 22:34] /a 2
[20/10/2008 22:34] /a 2
[20/10/2008 22:34] /a 2
[20/10/2008 22:34] /a 2
[20/10/2008 22:40] /goto godfawkes
[20/10/2008 22:40] /goto god fawkes
[20/10/2008 22:40] /goto god fawkes
[20/10/2008 22:45] /goto god fawkes
[20/10/2008 22:45] /goto god fawkes
[20/10/2008 22:46] /goto god fawkes
[20/10/2008 22:46] /goto god fawkes
[22/10/2008 14:17] /goto cm jackson zani
[22/10/2008 14:18] /r
[22/10/2008 14:18] /t
[22/10/2008 14:18] /a 30
[22/10/2008 14:18] /a 2
[22/10/2008 14:18] /a 2
[22/10/2008 14:18] /a 2
[22/10/2008 14:18] /goto cm jackson zani
[22/10/2008 14:18] /goto Azra Jolin
[22/10/2008 14:18] /i 411 1
[22/10/2008 14:18] /r
[22/10/2008 14:18] /a 1
[22/10/2008 14:18] /r
[22/10/2008 14:18] /r
[22/10/2008 14:18] /r
[22/10/2008 14:18] /r
[22/10/2008 14:19] /t
[22/10/2008 14:19] /r
[22/10/2008 14:19] /r
[22/10/2008 14:19] /town aracura
[22/10/2008 14:19] /town salazart
[22/10/2008 14:19] /down
[22/10/2008 14:19] /down
[22/10/2008 14:19] /down
[22/10/2008 14:19] /r
[22/10/2008 14:19] /r
[22/10/2008 14:19] /r
[22/10/2008 14:19] /r
[22/10/2008 14:19] /town northrend
[22/10/2008 14:19] /r
[22/10/2008 14:19] /r
[22/10/2008 14:19] /r
[22/10/2008 14:19] /r
[22/10/2008 22:05] /t
[22/10/2008 22:05] /a 40
[23/10/2008 13:19] /goto lower
[23/10/2008 13:19] /t
[23/10/2008 13:19] /a 40
