[03/10/2008 13:57] /goto CM Jackson Zani
[03/10/2008 13:57] /goto CM Jackson Zani
[03/10/2008 13:57] /goto CM Jackson Zani
[03/10/2008 13:58] /i 4669 1
[03/10/2008 13:59] /i 4673 1
[03/10/2008 14:03] /town aracura
[03/10/2008 15:20] /goto GOD Fawkes
[03/10/2008 15:32] /reload creatureScripts
[03/10/2008 15:32] /reload creaturescripts
[05/10/2008 13:21] /reload creaturescripts
[08/10/2008 14:18] /town aracura
[08/10/2008 14:30] /goto GOD Fawkes
[08/10/2008 14:31] /goto GOD Fawkes
[08/10/2008 20:12] /town aracura
[08/10/2008 20:13] /n letter 1
[11/10/2008 15:15] !online
[11/10/2008 15:31] /a 5
[11/10/2008 15:31] /s aracura_travel
[11/10/2008 15:31] /s aracura_boat
[11/10/2008 15:32] /town aracura
[11/10/2008 15:33] /s aracura_boat
[11/10/2008 15:33] /a 5
[11/10/2008 15:39] /a 2
[11/10/2008 15:40] /s aracura_boat
[11/10/2008 15:49] /r
[11/10/2008 15:49] /r
[12/10/2008 13:25] /goto GOD Fawkes
[12/10/2008 13:25] /a 2
[13/10/2008 19:27] /town aracura
[14/10/2008 14:02] !online
[18/10/2008 20:54] /goto Khrion
[18/10/2008 20:54] /n teleport scroll 1
[19/10/2008 10:59] /reload actions
[19/10/2008 11:18] /reload talk
[19/10/2008 11:22] /reload talk
[19/10/2008 11:23] /reload talk
[19/10/2008 11:24] /reload talk
[19/10/2008 11:24] /down
[19/10/2008 11:25] /r
[19/10/2008 11:25] /r
[19/10/2008 11:25] /r
[19/10/2008 11:26] /r
[19/10/2008 11:26] /r
[19/10/2008 11:28] /reload actions
[19/10/2008 11:29] /reload action
[19/10/2008 11:29] /reload actions
[19/10/2008 11:29] /reload actions
[19/10/2008 11:30] /r
[19/10/2008 11:30] /r
[19/10/2008 11:30] /r
[19/10/2008 11:30] /r
[19/10/2008 11:30] /r
[19/10/2008 11:30] /r
[19/10/2008 11:30] /r
[19/10/2008 11:30] /r
[19/10/2008 11:30] /r
[19/10/2008 11:30] /r
[19/10/2008 11:30] /r
[19/10/2008 11:30] /r
[19/10/2008 11:30] /r
[19/10/2008 11:30] /r
[19/10/2008 11:30] /r
[19/10/2008 11:30] /r
[19/10/2008 11:30] /r
[19/10/2008 11:30] /r
[19/10/2008 11:31] /reload actions
[19/10/2008 11:32] /reload actions
[19/10/2008 11:34] /reload actions
[19/10/2008 11:34] /reload actions
[19/10/2008 11:39] /reload actions
[19/10/2008 11:40] /reload actions
[19/10/2008 11:41] /reload actions
[19/10/2008 11:41] /reload actions
[19/10/2008 11:42] /reload actions
[19/10/2008 11:42] /reload actions
[19/10/2008 11:42] /reload actions
[19/10/2008 11:43] /reload actions
[19/10/2008 11:45] /reload actions
[19/10/2008 11:46] /reload actions
[19/10/2008 11:46] /r
[19/10/2008 11:46] /r
[19/10/2008 11:46] /r
[19/10/2008 11:46] /r
[19/10/2008 11:46] /r
[19/10/2008 11:46] /r
[19/10/2008 11:46] /r
[19/10/2008 11:46] /r
[19/10/2008 11:46] /r
[19/10/2008 11:46] /r
[19/10/2008 11:46] /r
[19/10/2008 11:46] /r
[19/10/2008 11:46] /r
[19/10/2008 11:46] /r
[19/10/2008 11:46] /r
[19/10/2008 11:46] /r
[19/10/2008 11:46] /r
[19/10/2008 11:46] /r
[19/10/2008 11:46] /r
[19/10/2008 11:46] /r
[19/10/2008 11:46] /r
[19/10/2008 11:46] /r
[19/10/2008 11:46] /r
[19/10/2008 11:46] /r
[19/10/2008 11:46] /r
[19/10/2008 11:46] /r
[19/10/2008 11:46] /r
[19/10/2008 11:46] /r
[19/10/2008 11:46] /r
[19/10/2008 11:46] /r
[19/10/2008 11:46] /r
[19/10/2008 11:46] /r
[19/10/2008 11:46] /r
[19/10/2008 11:46] /r
[19/10/2008 11:46] /r
[19/10/2008 11:46] /r
[19/10/2008 11:46] /r
[19/10/2008 11:46] /r
[19/10/2008 11:46] /r
[19/10/2008 11:46] /r
[19/10/2008 11:46] /r
[19/10/2008 11:46] /r
[19/10/2008 11:46] /r
[19/10/2008 11:46] /r
[19/10/2008 11:47] /r
[20/10/2008 11:13] /reload creaturescripts
[20/10/2008 16:40] /reload actions
[20/10/2008 16:40] /n teleport scroll 1
[20/10/2008 16:40] /town aracura
[20/10/2008 17:34] /a 25
[20/10/2008 17:34] /a 25
[20/10/2008 17:34] /a 25
[20/10/2008 17:34] /a 25
[20/10/2008 17:34] /a 25
[20/10/2008 17:34] /a 25
[20/10/2008 17:34] /a 25
[20/10/2008 17:34] /a 25
[20/10/2008 17:34] /a 25
[20/10/2008 17:34] /a 25
[20/10/2008 17:34] /a 5
[20/10/2008 17:37] /reload actions
[20/10/2008 17:39] /reload actions
[20/10/2008 21:35] /goto GOD Baracs
[20/10/2008 21:35] /a 5
[20/10/2008 21:43] /c KNIGHT WOLF
[20/10/2008 22:01] /town Aracura
[20/10/2008 22:01] /r
[20/10/2008 22:01] /town salazart
[20/10/2008 22:02] /town northrend
[20/10/2008 22:02] /town northrnd
[20/10/2008 22:02] /town northrend
[20/10/2008 22:02] /r
[20/10/2008 22:02] /r
[20/10/2008 22:02] /r
[20/10/2008 22:02] /r
[20/10/2008 22:03] /town salazart
[20/10/2008 22:03] /c GOD Baracs
[21/10/2008 16:13] /reload actions
[21/10/2008 16:13] /reload creature
[21/10/2008 16:13] /reload creaturescripts
[23/10/2008 12:55] /down
[23/10/2008 12:55] /c miney
[23/10/2008 12:55] /r
[23/10/2008 12:55] /r
[23/10/2008 12:55] /r
[23/10/2008 12:55] /r
[23/10/2008 12:55] /r
[23/10/2008 12:55] /r
[23/10/2008 12:55] /r
[23/10/2008 12:56] /goto druid of sk
[23/10/2008 12:56] /a 2
[23/10/2008 12:56] /down
[23/10/2008 12:56] /c druid of sk
[23/10/2008 12:56] /c zewique
[23/10/2008 12:56] /c tp boy
[23/10/2008 12:56] /up
[23/10/2008 12:57] /down
[23/10/2008 12:57] /up
